<?xml version="1.0" encoding="utf-8"?><testsuites name="pytest tests"><testsuite name="pytest" errors="0" failures="0" skipped="0" tests="79" time="78.897" timestamp="2026-08-20T05:56:17.672733+00:00" hostname="agent-env-d662383c-22bc-4e4f-8810-0902a1000b08"><testcase classname="tests.test_iteration38_payouts.TestIteration38Payouts" name="test_anon_reads_401" time="0.751" /><testcase classname="tests.test_iteration36_bank_docs_city.TestBankChangeAndPayoutHold" name="test_non_bank_edit_does_not_trigger_hold" time="0.573" /><testcase classname="tests.test_iteration36_bank_docs_city.TestBankChangeAndPayoutHold" name="test_bank_edit_triggers_reverification" time="0.132" /><testcase classname="tests.test_iteration36_bank_docs_city.TestBankChangeAndPayoutHold" name="test_vendor_profile_exposes_hold" time="0.061" /><testcase classname="tests.test_iteration38_payouts.TestIteration38Payouts" name="test_member_forbidden" time="0.866" /><testcase classname="tests.test_iteration36_bank_docs_city.TestBankChangeAndPayoutHold" name="test_payout_blocked_while_on_hold" time="0.649" /><testcase classname="tests.test_iteration36_bank_docs_city.TestBankChangeAndPayoutHold" name="test_bank_verify_requires_fresh_proof" time="0.087" /><testcase classname="tests.test_iteration36_bank_docs_city.TestBankChangeAndPayoutHold" name="test_approving_stale_proof_does_not_clear_hold" time="0.094" /><testcase classname="tests.test_iteration36_bank_docs_city.TestBankChangeAndPayoutHold" name="test_fresh_proof_then_verify_clears_hold_and_pays" time="0.331" /><testcase classname="tests.test_iteration38_payouts.TestIteration38Payouts" name="test_cron_requires_secret" time="0.213" /><testcase classname="tests.test_iteration36_bank_docs_city.TestBankChangeAndPayoutHold" name="test_bank_verify_rejected_reinstates_hold" time="0.320" /><testcase classname="tests.test_iteration38_payouts.TestIteration38Payouts" name="test_settlements_list_shape" time="0.487" /><testcase classname="tests.test_iteration38_payouts.TestIteration38Payouts" name="test_create_batch_groups_and_skips_held" time="0.278" /><testcase classname="tests.test_iteration38_payouts.TestIteration38Payouts" name="test_list_batches_with_totals" time="0.120" /><testcase classname="tests.test_iteration36_bank_docs_city.TestBankChangeAndPayoutHold" name="test_bank_verify_requires_permission" time="0.479" /><testcase classname="tests.test_iteration38_payouts.TestIteration38Payouts" name="test_export_csv" time="0.100" /><testcase classname="tests.test_iteration38_payouts.TestIteration38Payouts" name="test_export_bad_id_404" time="0.241" /><testcase classname="tests.test_iteration37_doc_review.TestAdminDocReview" name="test_list_documents_shape" time="0.439" /><testcase classname="tests.test_iteration38_payouts.TestIteration38Payouts" name="test_mark_paid_requires_utr" time="0.096" /><testcase classname="tests.test_iteration38_payouts.TestIteration38Payouts" name="test_mark_paid_and_notify" time="0.202" /><testcase classname="tests.test_iteration37_doc_review.TestAdminDocReview" name="test_meta_exposes_doc_types_for_modal" time="0.051" /><testcase classname="tests.test_iteration37_doc_review.TestAdminDocReview" name="test_approve_then_reject_persists" time="0.324" /><testcase classname="tests.test_iteration38_payouts.TestIteration38Payouts" name="test_mark_paid_twice_rejected" time="0.134" /><testcase classname="tests.test_iteration38_payouts.TestIteration38Payouts" name="test_held_vendor_settlement_refused" time="0.095" /><testcase classname="tests.test_iteration37_doc_review.TestAdminDocReview" name="test_approving_pan_marks_complete_only_with_bank_proof" time="0.245" /><testcase classname="tests.test_iteration38_payouts.TestIteration38Payouts" name="test_requires_utr_then_pays_and_rejects_repeat" time="0.362" /><testcase classname="tests.test_iteration37_doc_review.TestAdminDocReview" name="test_invalid_status_rejected" time="0.050" /><testcase classname="tests.test_iteration37_doc_review.TestAdminDocReview" name="test_unknown_document_404" time="0.049" /><testcase classname="tests.test_iteration37_doc_review.TestAdminDocReview" name="test_malformed_id_400" time="0.050" /><testcase classname="tests.test_iteration38_payouts.TestIteration38Payouts" name="test_unknown_settlement_404" time="0.311" /><testcase classname="tests.test_iteration37_doc_review.TestAdminDocReview" name="test_review_requires_permission" time="0.460" /><testcase classname="tests.test_iteration38_payouts.TestIteration38Payouts" name="test_generate_is_idempotent_and_numbered" time="0.466" /><testcase classname="tests.test_iteration37_doc_review.TestAdminDocReview" name="test_anonymous_blocked" time="0.148" /><testcase classname="tests.test_iteration35_sitemap_policies.TestContentDepth" name="test_page_has_real_content[trust]" time="0.096" /><testcase classname="tests.test_iteration35_sitemap_policies.TestContentDepth" name="test_page_has_real_content[cities]" time="0.112" /><testcase classname="tests.test_iteration38_payouts.TestIteration38Payouts" name="test_admin_list" time="0.130" /><testcase classname="tests.test_iteration35_sitemap_policies.TestContentDepth" name="test_page_has_real_content[insights]" time="0.158" /><testcase classname="tests.test_iteration38_payouts.TestIteration38Payouts" name="test_vendor_sees_only_own" time="0.116" /><testcase classname="tests.test_iteration35_sitemap_policies.TestContentDepth" name="test_page_has_real_content[cookies]" time="0.103" /><testcase classname="tests.test_iteration35_sitemap_policies.TestContentDepth" name="test_page_has_real_content[grievance]" time="0.285" /><testcase classname="tests.test_iteration38_payouts.TestIteration38Payouts" name="test_pdf_for_owner_admin_and_403_for_other" time="0.800" /><testcase classname="tests.test_iteration35_sitemap_policies.TestContentDepth" name="test_footer_links_resolve" time="1.748" /><testcase classname="tests.test_iteration38_payouts.TestIteration38Payouts" name="test_scorecards" time="0.125" /><testcase classname="tests.test_iteration35_nav_banking.TestAdminNav" name="test_get_default" time="0.430" /><testcase classname="tests.test_iteration35_nav_banking.TestAdminNav" name="test_put_and_persist" time="0.319" /><testcase classname="tests.test_iteration35_nav_banking.TestAdminNav" name="test_cap_and_sanitise" time="0.216" /><testcase classname="tests.test_iteration35_nav_banking.TestAdminNav" name="test_requires_auth" time="0.095" /><testcase classname="tests.test_iteration36_bank_docs_city.TestDocumentExpiryCron" name="test_cron_requires_auth" time="0.350" /><testcase classname="tests.test_iteration35_nav_banking.TestAdminNav" name="test_per_account_isolation" time="0.590" /><testcase classname="tests.test_iteration36_bank_docs_city.TestDocumentExpiryCron" name="test_cron_expires_and_reminds" time="8.099" /><testcase classname="tests.test_iteration36_bank_docs_city.TestExpiringDocumentsApi" name="test_requires_auth" time="0.109" /><testcase classname="tests.test_iteration36_bank_docs_city.TestExpiringDocumentsApi" name="test_member_forbidden" time="0.423" /><testcase classname="tests.test_iteration36_bank_docs_city.TestExpiringDocumentsApi" name="test_lists_upcoming_with_vendor" time="0.453" /><testcase classname="tests.test_iteration36_bank_docs_city.TestExpiringDocumentsApi" name="test_narrow_window_excludes" time="0.073" /><testcase classname="tests.test_iteration37_doc_review.TestExpiringPanel" name="test_expiring_within_30_days" time="0.435" /><testcase classname="tests.test_iteration37_doc_review.TestExpiringPanel" name="test_days_window_respected" time="0.109" /><testcase classname="tests.test_iteration37_doc_review.TestExpiringPanel" name="test_sorted_ascending" time="0.058" /><testcase classname="tests.test_iteration37_doc_review.TestExpiringPanel" name="test_requires_permission" time="0.454" /><testcase classname="tests.test_iteration35_nav_banking.TestVendorBanking" name="test_meta_bank_fields" time="0.421" /><testcase classname="tests.test_iteration35_nav_banking.TestVendorBanking" name="test_profile_saves_all_bank_fields" time="0.622" /><testcase classname="tests.test_iteration35_nav_banking.TestVendorBanking" name="test_invalid_account_type_rejected" time="0.125" /><testcase classname="tests.test_iteration35_nav_banking.TestBankProofGating" name="test_approve_blocked_without_bank_proof" time="0.139" /><testcase classname="tests.test_iteration35_nav_banking.TestBankProofGating" name="test_approve_unblocked_with_cancelled_cheque" time="0.099" /><testcase classname="tests.test_iteration35_nav_banking.TestBankProofGating" name="test_bank_statement_also_satisfies" time="0.052" /><testcase classname="tests.test_iteration35_sitemap_policies.TestSitemap" name="test_valid_xml_and_core_urls" time="0.103" /><testcase classname="tests.test_iteration35_sitemap_policies.TestSitemap" name="test_every_published_page_present" time="0.111" /><testcase classname="tests.test_iteration35_sitemap_policies.TestSitemap" name="test_robots_declares_dynamic_sitemap" time="0.001" /><testcase classname="tests.test_iteration35_sitemap_policies.TestSeedPolicies" name="test_requires_auth" time="0.123" /><testcase classname="tests.test_iteration35_sitemap_policies.TestSeedPolicies" name="test_member_forbidden" time="0.459" /><testcase classname="tests.test_iteration35_sitemap_policies.TestSeedPolicies" name="test_missing_mode_is_non_destructive" time="0.726" /><testcase classname="tests.test_iteration36_bank_docs_city.TestCityLanding" name="test_mumbai_hosts_and_passes" time="0.102" /><testcase classname="tests.test_iteration36_bank_docs_city.TestCityLanding" name="test_city_without_hosts" time="0.101" /><testcase classname="tests.test_iteration36_bank_docs_city.TestCityLanding" name="test_unknown_city_404" time="0.104" /><testcase classname="tests.test_iteration35_nav_banking.TestAgreementBanking" name="test_detail_has_banking_rows" time="0.479" /><testcase classname="tests.test_iteration35_nav_banking.TestAgreementBanking" name="test_pdf_download" time="0.048" /><testcase classname="tests.test_iteration36_bank_docs_city.TestAdminPages" name="test_missing_policy_pages_present_and_empty" time="0.451" /><testcase classname="tests.test_iteration36_bank_docs_city.TestAdminPages" name="test_requires_permission" time="30.561" /><testcase classname="tests.test_iteration36_bank_docs_city.TestDocumentExpiryCron" name="test_daily_maintenance_queues_both" time="60.355" /><testcase classname="tests.test_iteration36_bank_docs_city.TestDocumentExpiryCron" name="test_email_template_registered" time="1.872" /></testsuite></testsuites>