<?xml version="1.0" encoding="utf-8"?><testsuites name="pytest tests"><testsuite name="pytest" errors="0" failures="0" skipped="0" tests="21" time="8.368" timestamp="2026-08-21T20:55:52.196334+00:00" hostname="agent-env-d662383c-22bc-4e4f-8810-0902a1000b08"><testcase classname="tests.test_iteration41_captcha_pass_refund.TestRegisterGuard" name="test_wrong_captcha_rejected" time="0.566" /><testcase classname="tests.test_iteration41_captcha_pass_refund.TestRegisterGuard" name="test_empty_captcha_rejected" time="0.099" /><testcase classname="tests.test_iteration41_captcha_pass_refund.TestRegisterGuard" name="test_honeypot_rejected" time="0.345" /><testcase classname="tests.test_iteration41_captcha_pass_refund.TestPasses" name="test_pass_issued_for_paid_order" time="1.390" /><testcase classname="tests.test_iteration41_captcha_pass_refund.TestRegisterGuard" name="test_register_success_and_captcha_single_use" time="0.775" /><testcase classname="tests.test_iteration41_captcha_pass_refund.TestPasses" name="test_qr_and_pdf" time="0.756" /><testcase classname="tests.test_iteration41_captcha_pass_refund.TestPasses" name="test_check_and_single_redeem" time="0.853" /><testcase classname="tests.test_iteration41_captcha_pass_refund.TestCancellationRefund" name="test_quote_minimum_deduction" time="0.574" /><testcase classname="tests.test_iteration41_captcha_pass_refund.TestCancellationRefund" name="test_membership_non_refundable" time="0.237" /><testcase classname="tests.test_iteration41_captcha_pass_refund.TestCancellationRefund" name="test_member_cannot_trigger_admin_refund" time="0.319" /><testcase classname="tests.test_iteration41_captcha_pass_refund.TestPasses" name="test_unknown_code" time="0.517" /><testcase classname="tests.test_iteration41_captcha_pass_refund.TestCancellationRefund" name="test_cancel_then_admin_sees_it_and_credit_settlement" time="2.059" /><testcase classname="tests.test_iteration41_captcha_pass_refund.TestPasses" name="test_cancelled_pass_is_void" time="0.870" /><testcase classname="tests.test_iteration41_captcha_pass_refund.TestPaymentSafety" name="test_simulated_verify_blocked" time="0.193" /><testcase classname="tests.test_iteration41_captcha_pass_refund.TestPaymentSafety" name="test_config_reports_simulation_off" time="0.141" /><testcase classname="tests.test_iteration41_captcha_pass_refund.TestPaymentSafety" name="test_no_public_route_marks_paid" time="0.631" /><testcase classname="tests.test_iteration41_captcha_pass_refund.TestLoginGuard" name="test_clean_login_needs_no_captcha" time="0.358" /><testcase classname="tests.test_iteration41_captcha_pass_refund.TestLoginGuard" name="test_progressive_captcha_after_failures" time="1.108" /><testcase classname="tests.test_iteration41_captcha_pass_refund.TestCaptcha" name="test_captcha_endpoint" time="0.129" /><testcase classname="tests.test_iteration41_captcha_pass_refund.TestCaptcha" name="test_captcha_ids_unique" time="0.529" /><testcase classname="tests.test_iteration41_captcha_pass_refund.TestLoginGuard" name="test_wrong_password_still_401_with_valid_captcha" time="1.003" /></testsuite></testsuites>