<?xml version="1.0" encoding="utf-8"?><testsuites name="pytest tests"><testsuite name="pytest" errors="0" failures="2" skipped="0" tests="28" time="14.148" timestamp="2026-08-21T21:18:58.291122+00:00" hostname="agent-env-d662383c-22bc-4e4f-8810-0902a1000b08"><testcase classname="tests.test_iteration42_webhook_door_reminder.TestPaypalWebhookStatus" name="test_status_as_admin" time="0.907" /><testcase classname="tests.test_iteration42_webhook_door_reminder.TestPaypalWebhookStatus" name="test_status_forbidden_for_member" time="0.560" /><testcase classname="tests.test_iteration42_webhook_door_reminder.TestPaypalWebhookStatus" name="test_status_requires_auth" time="0.204" /><testcase classname="tests.test_iteration42_webhook_door_reminder.TestPaypalWebhookStatus" name="test_setup_forbidden_for_member" time="0.087" /><testcase classname="tests.test_iteration42_webhook_door_reminder.TestPaypalWebhookStatus" name="test_setup_forbidden_for_partner" time="0.563" /><testcase classname="tests.test_iteration42_webhook_door_reminder.TestPaypalWebhookStatus" name="test_setup_requires_auth" time="0.141" /><testcase classname="tests.test_iteration42_webhook_door_reminder.TestPaypalWebhookFailsClosed" name="test_forged_event_is_unverified_and_fulfils_nothing" time="0.779" /><testcase classname="tests.test_iteration42_webhook_door_reminder.TestPaypalWebhookFailsClosed" name="test_forged_subscription_activation_does_nothing" time="0.155" /><testcase classname="tests.test_iteration42_webhook_door_reminder.TestDoorCheckIn" name="test_own_event_list" time="0.111" /><testcase classname="tests.test_iteration42_webhook_door_reminder.TestDoorCheckIn" name="test_other_partner_event_forbidden" time="0.082" /><testcase classname="tests.test_iteration42_webhook_door_reminder.TestDoorCheckIn" name="test_member_forbidden" time="0.073" /><testcase classname="tests.test_iteration42_webhook_door_reminder.TestDoorCheckIn" name="test_unauthenticated_rejected" time="0.147" /><testcase classname="tests.test_iteration42_webhook_door_reminder.TestDoorCheckIn" name="test_admin_can_view" time="0.096"><failure message="AssertionError: {&quot;detail&quot;:&quot;That event isn't yours.&quot;}&#10;assert 403 == 200&#10; +  where 403 = &lt;Response [403]&gt;.status_code">E   AssertionError: {"detail":"That event isn't yours."}
    assert 403 == 200
     +  where 403 = &lt;Response [403]&gt;.status_code</failure></testcase><testcase classname="tests.test_iteration42_webhook_door_reminder.TestDoorCheckIn" name="test_redeem_then_counts_move" time="0.275" /><testcase classname="tests.test_iteration42_webhook_door_reminder.TestDoorCheckIn" name="test_second_redeem_rejected_already_used" time="0.069" /><testcase classname="tests.test_iteration42_webhook_door_reminder.TestDoorCheckIn" name="test_unknown_code_404" time="0.075" /><testcase classname="tests.test_iteration42_webhook_door_reminder.TestPassReminder" name="test_template_present_in_admin_emails" time="0.090" /><testcase classname="tests.test_iteration42_webhook_door_reminder.TestPassReminder" name="test_cron_queues_pass_reminders_and_marks_once" time="7.867" /><testcase classname="tests.test_iteration42_webhook_door_reminder.TestPassReminder" name="test_cron_requires_secret" time="0.301" /><testcase classname="tests.test_iteration42_webhook_door_reminder.TestRefundPolicyRegression" name="test_membership_refund_blocked_without_override" time="0.086" /><testcase classname="tests.test_iteration42_webhook_door_reminder.TestRefundPolicyRegression" name="test_membership_refund_blocked_when_override_has_no_reason" time="0.081" /><testcase classname="tests.test_iteration42_webhook_door_reminder.TestRefundPolicyRegression" name="test_refund_above_cancellation_quote_blocked" time="0.082" /><testcase classname="tests.test_iteration42_webhook_door_reminder.TestRefundPolicyRegression" name="test_refund_over_order_total_blocked" time="0.070" /><testcase classname="tests.test_iteration42_webhook_door_reminder.TestRefundPolicyRegression" name="test_refund_requires_finance_permission" time="0.083" /><testcase classname="tests.test_iteration42_webhook_door_reminder.TestCancellationsScreen" name="test_admin_cancellations_lists_pending" time="0.071" /><testcase classname="tests.test_iteration42_webhook_door_reminder.TestCancellationsScreen" name="test_cancellations_forbidden_for_member" time="0.086" /><testcase classname="tests.test_iteration42_webhook_door_reminder.TestCancellationsScreen" name="test_settle_validates_amount" time="0.078" /><testcase classname="tests.test_iteration42_webhook_door_reminder.TestCancellationsScreen" name="test_member_cancellation_quote_shape" time="0.863"><failure message="AssertionError: Internal Server Error&#10;assert 500 == 200&#10; +  where 500 = &lt;Response [500]&gt;.status_code">E   AssertionError: Internal Server Error
    assert 500 == 200
     +  where 500 = &lt;Response [500]&gt;.status_code</failure></testcase></testsuite></testsuites>