<?xml version="1.0" encoding="utf-8"?><testsuites name="pytest tests"><testsuite name="pytest" errors="0" failures="0" skipped="0" tests="22" time="38.351" timestamp="2026-08-21T21:40:34.131140+00:00" hostname="agent-env-d662383c-22bc-4e4f-8810-0902a1000b08"><testcase classname="tests.test_iteration43_walkin_doors.TestWalkInCollected" name="test_cash_sale_creates_paid_order_pass_and_settlement" time="1.023" /><testcase classname="tests.test_iteration43_walkin_doors.TestWalkInCollected" name="test_upi_and_card_sales[upi]" time="0.152" /><testcase classname="tests.test_iteration43_walkin_doors.TestWalkInCollected" name="test_upi_and_card_sales[card]" time="0.145" /><testcase classname="tests.test_iteration43_walkin_doors.TestWalkInValidation" name="test_rejections[body0-collected]" time="0.132" /><testcase classname="tests.test_iteration43_walkin_doors.TestWalkInValidation" name="test_rejections[body1-collected]" time="0.187" /><testcase classname="tests.test_iteration43_walkin_doors.TestWalkInValidation" name="test_rejections[body2-name]" time="0.229" /><testcase classname="tests.test_iteration43_walkin_doors.TestWalkInValidation" name="test_rejections[body3-cash]" time="0.158" /><testcase classname="tests.test_iteration43_walkin_doors.TestWalkInValidation" name="test_rejections[body4-email]" time="0.164" /><testcase classname="tests.test_iteration43_walkin_doors.TestWalkInValidation" name="test_paypal_link_unknown_email_rejected" time="0.142" /><testcase classname="tests.test_iteration43_walkin_doors.TestWalkInPayPalLink" name="test_pending_order_no_pass" time="0.284" /><testcase classname="tests.test_iteration43_walkin_doors.TestWalkInAccess" name="test_member_forbidden" time="0.536" /><testcase classname="tests.test_iteration43_walkin_doors.TestWalkInAccess" name="test_partner_forbidden_on_other_event" time="0.135" /><testcase classname="tests.test_iteration43_walkin_doors.TestWalkInAccess" name="test_unauthenticated" time="0.127" /><testcase classname="tests.test_iteration43_walkin_doors.TestWalkInAccess" name="test_staff_with_events_view_allowed" time="0.498" /><testcase classname="tests.test_iteration43_walkin_doors.TestDoorCsv" name="test_csv_download" time="0.133" /><testcase classname="tests.test_iteration43_walkin_doors.TestDoorCsv" name="test_csv_forbidden_for_non_owner" time="0.111" /><testcase classname="tests.test_iteration43_walkin_doors.TestDoorsOpenNudges" name="test_nudges_pass_holder_and_organiser_once" time="14.309" /><testcase classname="tests.test_iteration43_walkin_doors.TestPassReminderHours" name="test_setting_field_and_window" time="18.501" /><testcase classname="tests.test_iteration43_walkin_doors.TestRegression" name="test_redeem_and_double_redeem" time="0.400" /><testcase classname="tests.test_iteration43_walkin_doors.TestRegression" name="test_pass_check_public" time="0.153" /><testcase classname="tests.test_iteration43_walkin_doors.TestRegression" name="test_membership_refund_blocked_without_override" time="0.139" /><testcase classname="tests.test_iteration43_walkin_doors.TestRegression" name="test_paypal_webhook_status_endpoint" time="0.632" /></testsuite></testsuites>