<?xml version="1.0" encoding="utf-8"?><testsuites name="pytest tests"><testsuite name="pytest" errors="0" failures="0" skipped="0" tests="50" time="49.890" timestamp="2026-08-21T22:45:26.123873+00:00" hostname="agent-env-d662383c-22bc-4e4f-8810-0902a1000b08"><testcase classname="tests.test_iteration46_currency_fixes" name="test_health" time="0.212" /><testcase classname="tests.test_iteration46_currency_fixes" name="test_admin_vendor_settlement_totals_usd" time="0.623" /><testcase classname="tests.test_iteration46_currency_fixes" name="test_admin_settlement_rows_have_currency_and_no_objectid" time="0.110" /><testcase classname="tests.test_iteration46_currency_fixes" name="test_vendor_settlements_totals_usd" time="0.564" /><testcase classname="tests.test_iteration46_currency_fixes" name="test_admin_and_vendor_views_agree" time="0.410" /><testcase classname="tests.test_iteration46_currency_fixes" name="test_member_orders_currency_fields" time="0.479" /><testcase classname="tests.test_iteration46_currency_fixes" name="test_door_takings_usd_totals" time="0.064" /><testcase classname="tests.test_iteration46_currency_fixes" name="test_checkout_forces_usd" time="0.559" /><testcase classname="tests.test_iteration46_currency_fixes" name="test_membership_refund_guard" time="0.062" /><testcase classname="tests.test_iteration46_currency_fixes" name="test_admin_ledger_totals_are_base_converted" time="0.076" /><testcase classname="tests.test_iteration46_currency_fixes" name="test_admin_stats_money_has_currency" time="0.102" /><testcase classname="tests.test_iteration46_currency_fixes" name="test_zz_cleanup_pending_orders" time="0.021" /><testcase classname="tests.test_iteration45_usd_forced.TestCheckoutForcedUSD" name="test_all_display_currencies_produce_identical_usd_order" time="0.841" /><testcase classname="tests.test_iteration45_usd_forced.TestCheckoutForcedUSD" name="test_paypal_amount_equals_usd_charge_total" time="0.825" /><testcase classname="tests.test_iteration45_usd_forced.TestCheckoutForcedUSD" name="test_membership_and_product_forced_usd" time="0.533" /><testcase classname="tests.test_iteration45_usd_forced.TestCheckoutForcedUSD" name="test_organiser_non_usd_event_charges_converted_usd" time="0.737" /><testcase classname="tests.test_iteration45_usd_forced.TestDoorTakingsUSD" name="test_setup_two_door_sales_in_different_currencies" time="0.454" /><testcase classname="tests.test_iteration45_usd_forced.TestDoorTakingsUSD" name="test_settlement_paid_moves_to_recovered_in_usd" time="0.752" /><testcase classname="tests.test_iteration45_usd_forced.TestDoorTakingsUSD" name="test_member_cannot_see_rows" time="0.091" /><testcase classname="tests.test_iteration45_usd_forced.TestCreditWallet" name="test_referral_reward_is_usd_sized" time="0.077" /><testcase classname="tests.test_iteration45_usd_forced.TestCreditWallet" name="test_credit_applied_at_checkout" time="0.373" /><testcase classname="tests.test_iteration45_usd_forced.TestRegression" name="test_walk_in_validation" time="0.256" /><testcase classname="tests.test_iteration45_usd_forced.TestRegression" name="test_pass_redeem_and_double_redeem" time="0.314" /><testcase classname="tests.test_iteration45_usd_forced.TestRegression" name="test_cancellation_quote" time="0.152" /><testcase classname="tests.test_iteration45_usd_forced.TestRegression" name="test_membership_refund_requires_override" time="0.217" /><testcase classname="tests.test_iteration45_usd_forced.TestRegression" name="test_admin_money_screens[/admin/stats]" time="0.080" /><testcase classname="tests.test_iteration45_usd_forced.TestRegression" name="test_admin_money_screens[/admin/orders]" time="0.122" /><testcase classname="tests.test_iteration45_usd_forced.TestRegression" name="test_admin_money_screens[/admin/cancellations]" time="0.089" /><testcase classname="tests.test_iteration45_usd_forced.TestRegression" name="test_admin_money_screens[/admin/ledger]" time="0.115" /><testcase classname="tests.test_iteration45_usd_forced.TestRegression" name="test_admin_money_screens[/admin/vendor-settlements]" time="0.091" /><testcase classname="tests.test_iteration45_usd_forced.TestRegression" name="test_admin_money_screens[/admin/payouts]" time="0.081" /><testcase classname="tests.test_iteration45_usd_forced.TestRegression" name="test_admin_money_screens[/admin/paypal/webhook]" time="0.308" /><testcase classname="tests.test_iteration45_usd_forced.TestRegression" name="test_invoice_renders" time="0.164" /><testcase classname="tests.test_iteration45_usd_forced.TestRegression" name="test_payment_config_base_currency" time="36.238" /><testcase classname="tests.test_iteration45_usd_forced" name="test_zz_cleanup" time="0.016" /><testcase classname="tests.test_iteration47_usd_totals" name="test_health" time="0.255" /><testcase classname="tests.test_iteration47_usd_totals.TestAdminLedger" name="test_ledger_currency_field_is_usd" time="0.539" /><testcase classname="tests.test_iteration47_usd_totals.TestAdminLedger" name="test_ledger_totals_are_base_converted" time="0.170" /><testcase classname="tests.test_iteration47_usd_totals.TestAdminLedger" name="test_ledger_rows_carry_currency" time="0.094" /><testcase classname="tests.test_iteration47_usd_totals.TestAdminStats" name="test_stats_money_is_usd" time="0.129" /><testcase classname="tests.test_iteration47_usd_totals.TestAdminStats" name="test_revenue_series_is_usd_scale" time="0.112" /><testcase classname="tests.test_iteration47_usd_totals.TestAdminPayouts" name="test_payout_totals_base_converted" time="0.068" /><testcase classname="tests.test_iteration47_usd_totals.TestAdminPayouts" name="test_payout_rows_carry_currency" time="0.119" /><testcase classname="tests.test_iteration47_usd_totals.TestAdminPayouts" name="test_admin_orders_rows_carry_currency" time="0.114" /><testcase classname="tests.test_iteration47_usd_totals" name="test_vendor_payout_batch_currency_fallback_uses_base_currency" time="0.001" /><testcase classname="tests.test_iteration47_usd_totals.TestRegression" name="test_events_catalogue_is_usd" time="0.233" /><testcase classname="tests.test_iteration47_usd_totals.TestRegression" name="test_events_price_buckets_filter" time="0.486" /><testcase classname="tests.test_iteration47_usd_totals.TestRegression" name="test_checkout_forced_usd" time="0.625" /><testcase classname="tests.test_iteration47_usd_totals.TestRegression" name="test_door_takings_usd" time="0.462" /><testcase classname="tests.test_iteration47_usd_totals.TestRegression" name="test_vendor_and_admin_settlements_agree" time="0.173" /></testsuite></testsuites>