<?xml version="1.0" encoding="utf-8"?><testsuites name="pytest tests"><testsuite name="pytest" errors="0" failures="0" skipped="0" tests="15" time="3.596" timestamp="2026-08-21T22:44:03.631044+00:00" hostname="agent-env-d662383c-22bc-4e4f-8810-0902a1000b08"><testcase classname="tests.test_iteration47_usd_totals" name="test_health" time="0.169" /><testcase classname="tests.test_iteration47_usd_totals.TestAdminLedger" name="test_ledger_currency_field_is_usd" time="0.514" /><testcase classname="tests.test_iteration47_usd_totals.TestAdminLedger" name="test_ledger_totals_are_base_converted" time="0.246" /><testcase classname="tests.test_iteration47_usd_totals.TestAdminLedger" name="test_ledger_rows_carry_currency" time="0.078" /><testcase classname="tests.test_iteration47_usd_totals.TestAdminStats" name="test_stats_money_is_usd" time="0.088" /><testcase classname="tests.test_iteration47_usd_totals.TestAdminStats" name="test_revenue_series_is_usd_scale" time="0.076" /><testcase classname="tests.test_iteration47_usd_totals.TestAdminPayouts" name="test_payout_totals_base_converted" time="0.080" /><testcase classname="tests.test_iteration47_usd_totals.TestAdminPayouts" name="test_payout_rows_carry_currency" time="0.080" /><testcase classname="tests.test_iteration47_usd_totals.TestAdminPayouts" name="test_admin_orders_rows_carry_currency" time="0.122" /><testcase classname="tests.test_iteration47_usd_totals" name="test_vendor_payout_batch_currency_fallback_uses_base_currency" time="0.001" /><testcase classname="tests.test_iteration47_usd_totals.TestRegression" name="test_events_catalogue_is_usd" time="0.174" /><testcase classname="tests.test_iteration47_usd_totals.TestRegression" name="test_events_price_buckets_filter" time="0.587" /><testcase classname="tests.test_iteration47_usd_totals.TestRegression" name="test_checkout_forced_usd" time="0.612" /><testcase classname="tests.test_iteration47_usd_totals.TestRegression" name="test_door_takings_usd" time="0.514" /><testcase classname="tests.test_iteration47_usd_totals.TestRegression" name="test_vendor_and_admin_settlements_agree" time="0.184" /></testsuite></testsuites>