<?xml version="1.0" encoding="utf-8"?><testsuites name="pytest tests"><testsuite name="pytest" errors="0" failures="0" skipped="0" tests="30" time="19.328" timestamp="2026-08-23T17:12:45.756288+00:00" hostname="agent-env-d662383c-22bc-4e4f-8810-0902a1000b08"><testcase classname="tests.test_iteration49_blog_security.TestPublicJournal" name="test_index_shape_and_no_body" time="0.176" /><testcase classname="tests.test_iteration49_blog_security.TestPublicJournal" name="test_category_filter" time="0.257" /><testcase classname="tests.test_iteration49_blog_security.TestPublicJournal" name="test_empty_category_returns_no_items" time="0.117" /><testcase classname="tests.test_iteration49_blog_security.TestPublicJournal" name="test_unknown_category_is_not_an_error" time="0.090" /><testcase classname="tests.test_iteration49_blog_security.TestPublicJournal" name="test_search_query" time="0.245" /><testcase classname="tests.test_iteration49_blog_security.TestPublicJournal" name="test_tag_filter" time="0.244" /><testcase classname="tests.test_iteration49_blog_security.TestPublicJournal" name="test_article_payload_and_jsonld" time="0.124" /><testcase classname="tests.test_iteration49_blog_security.TestPublicJournal" name="test_views_increment" time="0.397" /><testcase classname="tests.test_iteration49_blog_security.TestPublicJournal" name="test_unknown_slug_404" time="0.105" /><testcase classname="tests.test_iteration49_blog_security.TestPublicJournal" name="test_sitemap_includes_blog_urls" time="0.251" /><testcase classname="tests.test_iteration49_blog_security.TestAdminBlog" name="test_list" time="0.421" /><testcase classname="tests.test_iteration49_blog_security.TestAdminBlog" name="test_draft_lifecycle" time="1.187" /><testcase classname="tests.test_iteration49_blog_security.TestAdminBlog" name="test_slug_dedup" time="0.239" /><testcase classname="tests.test_iteration49_blog_security.TestAdminBlog" name="test_featured_toggle_moves_hero" time="0.521" /><testcase classname="tests.test_iteration49_blog_security.TestAdminBlog" name="test_delete_removes_post" time="0.481" /><testcase classname="tests.test_iteration49_blog_security.TestAdminBlog" name="test_validation_rejects_short_title" time="0.119" /><testcase classname="tests.test_iteration49_blog_security.TestAdminBlog" name="test_bad_object_id" time="0.981" /><testcase classname="tests.test_iteration49_blog_security.TestAdminBlogRBAC" name="test_forbidden[member]" time="1.177" /><testcase classname="tests.test_iteration49_blog_security.TestAdminBlogRBAC" name="test_forbidden[partner]" time="0.515" /><testcase classname="tests.test_iteration49_blog_security.TestAdminBlogRBAC" name="test_anonymous_blocked" time="0.127" /><testcase classname="tests.test_iteration49_blog_security.TestSecurityFixes" name="test_register_rejects_short_password" time="0.121" /><testcase classname="tests.test_iteration49_blog_security.TestSecurityFixes" name="test_email_credential_test_is_clean" time="0.133" /><testcase classname="tests.test_iteration49_blog_security.TestSecurityFixes" name="test_credentials_list_is_masked" time="0.136" /><testcase classname="tests.test_iteration49_blog_security.TestSecurityFixes" name="test_member_partner_forbidden[/admin/credentials]" time="0.263" /><testcase classname="tests.test_iteration49_blog_security.TestSecurityFixes" name="test_member_partner_forbidden[/admin/security/accounts]" time="0.274" /><testcase classname="tests.test_iteration49_blog_security.TestSecurityFixes" name="test_sidebar_role_source_exposes_role" time="0.146" /><testcase classname="tests.test_iteration49_blog_security.TestAdminPasswordReset" name="test_reset_signs_out_and_new_password_works" time="4.368" /><testcase classname="tests.test_iteration49_blog_security.TestAdminPasswordReset" name="test_self_reset_blocked" time="0.270" /><testcase classname="tests.test_iteration49_blog_security.TestRevokeAccess" name="test_revoke_then_restore" time="3.660" /><testcase classname="tests.test_iteration49_blog_security.TestRevokeAccess" name="test_revoke_sessions_only" time="2.079" /></testsuite></testsuites>