<?xml version="1.0" encoding="utf-8"?><testsuites name="pytest tests"><testsuite name="pytest" errors="0" failures="0" skipped="0" tests="20" time="12.876" timestamp="2026-08-23T17:32:58.730157+00:00" hostname="agent-env-d662383c-22bc-4e4f-8810-0902a1000b08"><testcase classname="tests.test_iteration50_retest.TestPublicJournal" name="test_index_returns_featured_and_categories" time="0.131" /><testcase classname="tests.test_iteration50_retest.TestPublicJournal" name="test_category_filter[Nightlife]" time="0.283" /><testcase classname="tests.test_iteration50_retest.TestPublicJournal" name="test_category_filter[City Guides]" time="0.134" /><testcase classname="tests.test_iteration50_retest.TestPublicJournal" name="test_article_has_seo_payload" time="0.249" /><testcase classname="tests.test_iteration50_retest.TestPublicJournal" name="test_unknown_slug_404_message" time="0.123" /><testcase classname="tests.test_iteration50_retest.TestNavAndSitemap" name="test_site_content_has_journal_links" time="0.111" /><testcase classname="tests.test_iteration50_retest.TestNavAndSitemap" name="test_sitemap_blog_urls_and_encoding" time="0.174" /><testcase classname="tests.test_iteration50_retest.TestNavAndSitemap" name="test_sitemap_has_no_draft_posts" time="0.601" /><testcase classname="tests.test_iteration50_retest.TestCredentialsGating" name="test_anonymous_blocked" time="0.242" /><testcase classname="tests.test_iteration50_retest.TestCredentialsGating" name="test_member_blocked_with_message" time="0.687" /><testcase classname="tests.test_iteration50_retest.TestCredentialsGating" name="test_super_admin_allowed" time="0.098" /><testcase classname="tests.test_iteration50_retest.TestCredentialMasking" name="test_save_then_never_readable" time="0.460" /><testcase classname="tests.test_iteration50_retest.TestCredentialMasking" name="test_sensitive_previews_are_masked" time="0.102" /><testcase classname="tests.test_iteration50_retest.TestCredentialMasking" name="test_unknown_key_404" time="0.104" /><testcase classname="tests.test_iteration50_retest.TestAccessRevoke" name="test_revoke_disables_account_and_token" time="1.529" /><testcase classname="tests.test_iteration50_retest.TestAccessRevoke" name="test_self_lock_rejected" time="0.296" /><testcase classname="tests.test_iteration50_retest.TestBlogAuthoring" name="test_draft_publish_edit_delete_lifecycle" time="2.384" /><testcase classname="tests.test_iteration50_retest.TestBlogAuthoring" name="test_invalid_payloads" time="0.238" /><testcase classname="tests.test_iteration50_retest.TestZZSuperAdminPassword" name="test_policy_rejects_short_and_wrong_current" time="1.060" /><testcase classname="tests.test_iteration50_retest.TestZZSuperAdminPassword" name="test_change_revokes_other_sessions" time="3.811" /></testsuite></testsuites>