<?xml version="1.0" encoding="utf-8"?><testsuites name="pytest tests"><testsuite name="pytest" errors="0" failures="0" skipped="0" tests="27" time="7.702" timestamp="2026-08-23T18:06:12.329715+00:00" hostname="agent-env-d662383c-22bc-4e4f-8810-0902a1000b08"><testcase classname="tests.test_iteration51.TestCurrencies" name="test_meta_currencies_exactly_four" time="0.129" /><testcase classname="tests.test_iteration51.TestSitemap" name="test_sitemap_valid_and_plus_encoded" time="0.138" /><testcase classname="tests.test_iteration51.TestSitemap" name="test_sitemap_published_posts_only" time="0.280" /><testcase classname="tests.test_iteration51.TestSeo" name="test_seo_public_shape" time="0.164" /><testcase classname="tests.test_iteration51.TestSeo" name="test_admin_seo_requires_perm" time="0.463" /><testcase classname="tests.test_iteration51.TestSeo" name="test_admin_seo_overview" time="0.526" /><testcase classname="tests.test_iteration51.TestSeo" name="test_save_and_persist_settings" time="0.398" /><testcase classname="tests.test_iteration51.TestSeo" name="test_rotate_indexnow_key" time="0.429" /><testcase classname="tests.test_iteration51.TestSeo" name="test_submit_refused_on_preview_host" time="0.115" /><testcase classname="tests.test_iteration51.TestSeo" name="test_submit_forbidden_for_member" time="0.172" /><testcase classname="tests.test_iteration51.TestSupportGuest" name="test_guest_requires_name_email" time="0.121" /><testcase classname="tests.test_iteration51.TestSupportGuest" name="test_guest_thread_flow" time="0.697" /><testcase classname="tests.test_iteration51.TestSupportMember" name="test_member_thread_no_identity_needed" time="0.314" /><testcase classname="tests.test_iteration51.TestSupportMember" name="test_member_cannot_read_guest_thread" time="0.126" /><testcase classname="tests.test_iteration51.TestSupportMember" name="test_member_admin_inbox_forbidden" time="0.135" /><testcase classname="tests.test_iteration51.TestSupportAdmin" name="test_inbox_lists_threads_with_counts" time="0.109" /><testcase classname="tests.test_iteration51.TestSupportAdmin" name="test_open_marks_read" time="0.279" /><testcase classname="tests.test_iteration51.TestSupportAdmin" name="test_staff_reply_visible_to_visitor" time="1.397" /><testcase classname="tests.test_iteration51.TestSupportAdmin" name="test_status_transitions" time="0.721" /><testcase classname="tests.test_iteration51.TestSupportAdmin" name="test_status_filter" time="0.131" /><testcase classname="tests.test_iteration51.TestSupportAdmin" name="test_no_mongo_id_leak" time="0.132" /><testcase classname="tests.test_iteration51.TestBlogRegression" name="test_blog_index_and_article" time="0.231" /><testcase classname="tests.test_iteration51.TestBlogRegression" name="test_blog_category_filter" time="0.287" /><testcase classname="tests.test_iteration51.TestBlogRegression" name="test_no_draft_leak" time="0.129" /><testcase classname="tests.test_iteration51_prerender" name="test_sitemap_file_exists" time="0.000" /><testcase classname="tests.test_iteration51_prerender" name="test_blog_index_html" time="0.001" /><testcase classname="tests.test_iteration51_prerender" name="test_article_pages_prerendered" time="0.006" /></testsuite></testsuites>