<?xml version="1.0" encoding="utf-8"?><testsuites name="pytest tests"><testsuite name="pytest" errors="0" failures="0" skipped="1" tests="25" time="11.346" timestamp="2026-08-23T18:32:13.190151+00:00" hostname="agent-env-d662383c-22bc-4e4f-8810-0902a1000b08"><testcase classname="tests.test_iteration52.TestNewsletterPublic" name="test_subscribe_new" time="0.393" /><testcase classname="tests.test_iteration52.TestNewsletterAdmin" name="test_admin_newsletter_requires_perm" time="0.505" /><testcase classname="tests.test_iteration52.TestNewsletterPublic" name="test_subscribe_duplicate_friendly" time="0.139" /><testcase classname="tests.test_iteration52.TestNewsletterPublic" name="test_subscribe_invalid_email" time="0.323" /><testcase classname="tests.test_iteration52.TestNewsletterAdmin" name="test_admin_newsletter_shape" time="0.440" /><testcase classname="tests.test_iteration52.TestNewsletterPublic" name="test_case_insensitive_dedupe" time="0.158" /><testcase classname="tests.test_iteration52.TestNewsletterAdmin" name="test_send_draft_refused_and_published_contract" time="1.857" /><testcase classname="tests.test_iteration52.TestNewsletterPublic" name="test_unsubscribe_bad_token" time="0.111" /><testcase classname="tests.test_iteration52.TestNewsletterPublic" name="test_unsubscribe_no_token_no_email" time="0.100" /><testcase classname="tests.test_iteration52.TestNewsletterPublic" name="test_unsubscribe_by_email" time="0.721" /><testcase classname="tests.test_iteration52.TestNewsletterPublic" name="test_unsubscribe_by_token_roundtrip" time="0.591" /><testcase classname="tests.test_iteration52.TestRegression" name="test_public_blog_endpoints" time="0.216" /><testcase classname="tests.test_iteration52.TestRegression" name="test_seo_panel" time="0.111" /><testcase classname="tests.test_iteration52.TestNewsletterAdmin" name="test_send_with_zero_subscribers_refused" time="0.133"><skipped type="pytest.skip" message="2 active subscribers exist; cannot assert empty-list refusal">/app/backend/tests/test_iteration52.py:172: 2 active subscribers exist; cannot assert empty-list refusal</skipped></testcase><testcase classname="tests.test_iteration52.TestRegression" name="test_admin_support_list" time="0.116" /><testcase classname="tests.test_iteration52.TestSupportAlerts" name="test_guest_thread_creates_notification" time="5.363" /><testcase classname="tests.test_iteration52.TestCannedReplies" name="test_member_forbidden" time="1.198" /><testcase classname="tests.test_iteration52.TestCannedReplies" name="test_crud" time="0.986" /><testcase classname="tests.test_iteration52_pdf.TestAgreementPdf" name="test_agreement_pdf_endpoint_serves" time="0.520" /><testcase classname="tests.test_iteration52_pdf.TestAgreementPdf" name="test_agreement_pdf_generator_draws_logo" time="0.191" /><testcase classname="tests.test_iteration52_pdf.TestOrderInvoicePdf" name="test_order_invoice_pdf_has_logo" time="0.269" /><testcase classname="tests.test_iteration52_pdf.TestPassPdf" name="test_pass_pdf_has_logo" time="0.255" /><testcase classname="tests.test_iteration52_pdf.TestCommissionInvoicePdf" name="test_commission_invoice_pdf_has_logo" time="0.257" /><testcase classname="tests.test_iteration52.TestSupportAlerts" name="test_member_thread_and_last_booking" time="1.211" /><testcase classname="tests.test_iteration52.TestSupportAlerts" name="test_guest_escalate_staff_reply_visitor_sees_it" time="0.763" /></testsuite></testsuites>