<?xml version="1.0" encoding="utf-8"?><testsuites name="pytest tests"><testsuite name="pytest" errors="0" failures="0" skipped="0" tests="70" time="55.126" timestamp="2026-08-23T19:57:02.705276+00:00" hostname="agent-env-d662383c-22bc-4e4f-8810-0902a1000b08"><testcase classname="tests.test_iteration53_ads_writers.TestHealth" name="test_api_root" time="11.484" /><testcase classname="tests.test_iteration53_ads_writers.TestHealth" name="test_admin_login" time="7.550" /><testcase classname="tests.test_iteration53_ads_writers.TestHealth" name="test_writer_login" time="0.487" /><testcase classname="tests.test_iteration53_ads_writers.TestWriterInvite" name="test_author_list_has_aisha" time="0.114" /><testcase classname="tests.test_iteration53_ads_writers.TestWriterInvite" name="test_invite_existing_writer_email_ok" time="0.209" /><testcase classname="tests.test_iteration53_ads_writers.TestWriterInvite" name="test_invite_member_email_refused" time="0.128" /><testcase classname="tests.test_iteration53_ads_writers.TestWriterInvite" name="test_invite_bad_email_422" time="0.114" /><testcase classname="tests.test_iteration53_ads_writers.TestWriterInvite" name="test_invite_unknown_author_404" time="0.106" /><testcase classname="tests.test_iteration53_ads_writers.TestWriterInvite" name="test_member_cannot_invite" time="0.433" /><testcase classname="tests.test_iteration53_ads_writers.TestWriterPermissions" name="test_writer_denied_admin_reads[/admin/blog]" time="0.103" /><testcase classname="tests.test_iteration53_ads_writers.TestWriterPermissions" name="test_writer_denied_admin_reads[/admin/ads]" time="0.131" /><testcase classname="tests.test_iteration53_ads_writers.TestWriterPermissions" name="test_writer_denied_admin_reads[/admin/blog-authors]" time="0.101" /><testcase classname="tests.test_iteration53_ads_writers.TestWriterPermissions" name="test_writer_denied_admin_reads[/admin/newsletter]" time="0.145" /><testcase classname="tests.test_iteration53_ads_writers.TestWriterPermissions" name="test_writer_denied_approve" time="0.118" /><testcase classname="tests.test_iteration53_ads_writers.TestWriterPermissions" name="test_writer_denied_request_changes" time="0.157" /><testcase classname="tests.test_iteration53_ads_writers.TestWriterPermissions" name="test_writer_denied_ads_config" time="0.150" /><testcase classname="tests.test_iteration53_ads_writers.TestWriterPermissions" name="test_writer_posts_allowed" time="0.122" /><testcase classname="tests.test_iteration53_ads_writers.TestWriterPermissions" name="test_member_denied_writer_desk" time="11.624" /><testcase classname="tests.test_iteration53_ads_writers.TestWriterPermissions" name="test_my_permissions_writer_only_draft" time="0.203" /><testcase classname="tests.test_iteration53_ads_writers.TestWriterAuthoringAndReview" name="test_01_create_draft" time="0.141" /><testcase classname="tests.test_iteration53_ads_writers.TestWriterAuthoringAndReview" name="test_02_draft_not_public" time="0.369" /><testcase classname="tests.test_iteration53_ads_writers.TestWriterAuthoringAndReview" name="test_03_submit_short_refused" time="2.187" /><testcase classname="tests.test_iteration53_ads_writers.TestWriterAuthoringAndReview" name="test_04_update_and_submit" time="0.363" /><testcase classname="tests.test_iteration53_ads_writers.TestWriterAuthoringAndReview" name="test_05_editor_sees_in_review" time="0.137" /><testcase classname="tests.test_iteration53_ads_writers.TestWriterAuthoringAndReview" name="test_06_editor_notified" time="0.153" /><testcase classname="tests.test_iteration53_ads_writers.TestWriterAuthoringAndReview" name="test_07_request_changes_needs_note" time="0.108" /><testcase classname="tests.test_iteration53_ads_writers.TestWriterAuthoringAndReview" name="test_08_request_changes" time="0.250" /><testcase classname="tests.test_iteration53_ads_writers.TestWriterAuthoringAndReview" name="test_09_writer_resubmits" time="0.368" /><testcase classname="tests.test_iteration53_ads_writers.TestWriterAuthoringAndReview" name="test_10_writer_cannot_publish_directly" time="0.245" /><testcase classname="tests.test_iteration53_ads_writers.TestWriterAuthoringAndReview" name="test_11_writer_cannot_touch_other_story" time="0.330" /><testcase classname="tests.test_iteration53_ads_writers.TestWriterAuthoringAndReview" name="test_12_approve_publishes" time="0.434" /><testcase classname="tests.test_iteration53_ads_writers.TestWriterAuthoringAndReview" name="test_13_writer_cannot_edit_live_story" time="0.104" /><testcase classname="tests.test_iteration53_ads_writers.TestWriterAuthoringAndReview" name="test_14_cleanup" time="0.201" /><testcase classname="tests.test_iteration53_ads_writers.TestAdsCrud" name="test_01_admin_ads_shape" time="0.494" /><testcase classname="tests.test_iteration53_ads_writers.TestAdsCrud" name="test_02_create_without_placement_refused" time="0.232" /><testcase classname="tests.test_iteration53_ads_writers.TestAdsCrud" name="test_03_create" time="0.655" /><testcase classname="tests.test_iteration53_ads_writers.TestAdsCrud" name="test_04_bad_placement_filtered" time="0.635" /><testcase classname="tests.test_iteration53_ads_writers.TestAdsCrud" name="test_05_update_persists" time="0.650" /><testcase classname="tests.test_iteration53_ads_writers.TestAdsCrud" name="test_06_update_unknown_404" time="0.144" /><testcase classname="tests.test_iteration53_ads_writers.TestAdsCrud" name="test_07_short_name_422" time="0.096" /><testcase classname="tests.test_iteration53_ads_writers.TestAdServing" name="test_01_renders_and_counts_view" time="1.406" /><testcase classname="tests.test_iteration53_ads_writers.TestAdServing" name="test_02_click_counts" time="1.383" /><testcase classname="tests.test_iteration53_ads_writers.TestAdServing" name="test_03_unknown_placement_400" time="0.102" /><testcase classname="tests.test_iteration53_ads_writers.TestAdServing" name="test_04_paused_not_served" time="0.338" /><testcase classname="tests.test_iteration53_ads_writers.TestAdServing" name="test_05_future_window_not_served" time="0.235" /><testcase classname="tests.test_iteration53_ads_writers.TestAdServing" name="test_06_expired_not_served" time="0.320" /><testcase classname="tests.test_iteration53_ads_writers.TestAdServing" name="test_07_city_targeting" time="0.564" /><testcase classname="tests.test_iteration53_ads_writers.TestAdServing" name="test_08_unused_placement_empty" time="0.112" /><testcase classname="tests.test_iteration53_ads_writers.TestAdCode" name="test_01_head_code_persists" time="0.231" /><testcase classname="tests.test_iteration53_ads_writers.TestAdCode" name="test_02_head_live_honest" time="0.672" /><testcase classname="tests.test_iteration53_ads_writers.TestAdCode" name="test_03_code_slot_served" time="0.245" /><testcase classname="tests.test_iteration53_ads_writers.TestAdCode" name="test_04_house_ad_beats_code" time="0.117" /><testcase classname="tests.test_iteration53_ads_writers.TestAdCode" name="test_05_unknown_slot_key_dropped" time="0.646" /><testcase classname="tests.test_iteration53_ads_writers.TestAdCode" name="test_06_reset_config" time="0.267" /><testcase classname="tests.test_iteration53_ads_writers.TestAdvertise" name="test_01_submit" time="0.525" /><testcase classname="tests.test_iteration53_ads_writers.TestAdvertise" name="test_02_staff_notified" time="0.104" /><testcase classname="tests.test_iteration53_ads_writers.TestAdvertise" name="test_03_validation" time="0.109" /><testcase classname="tests.test_iteration53_ads_writers.TestAdvertise" name="test_04_rate_limit" time="3.080" /><testcase classname="tests.test_iteration53_ads_writers.TestRegression" name="test_public_endpoints[/blog]" time="0.101" /><testcase classname="tests.test_iteration53_ads_writers.TestRegression" name="test_public_endpoints[/events]" time="0.110" /><testcase classname="tests.test_iteration53_ads_writers.TestRegression" name="test_public_endpoints[/membership/plans]" time="0.122" /><testcase classname="tests.test_iteration53_ads_writers.TestRegression" name="test_public_endpoints[/passes]" time="0.130" /><testcase classname="tests.test_iteration53_ads_writers.TestRegression" name="test_public_endpoints[/cms/home]" time="0.122" /><testcase classname="tests.test_iteration53_ads_writers.TestRegression" name="test_public_endpoints[/blog/authors]" time="0.098" /><testcase classname="tests.test_iteration53_ads_writers.TestRegression" name="test_blog_index" time="0.174" /><testcase classname="tests.test_iteration53_ads_writers.TestRegression" name="test_journal_insights" time="0.139" /><testcase classname="tests.test_iteration53_ads_writers.TestRegression" name="test_newsletter_admin" time="0.111" /><testcase classname="tests.test_iteration53_ads_writers.TestZZCleanup" name="test_delete_ads" time="0.335" /><testcase classname="tests.test_iteration53_ads_writers.TestZZCleanup" name="test_close_threads" time="1.165" /><testcase classname="tests.test_iteration53_ads_writers.TestZZCleanup" name="test_config_reset" time="0.151" /></testsuite></testsuites>