<?xml version="1.0" encoding="utf-8"?><testsuites name="pytest tests"><testsuite name="pytest" errors="0" failures="1" skipped="0" tests="19" time="14.786" timestamp="2026-08-23T20:46:30.930914+00:00" hostname="agent-env-d662383c-22bc-4e4f-8810-0902a1000b08"><testcase classname="tests.test_iteration54_publish_hangouts.TestPublish" name="test_status_requires_auth" time="0.266" /><testcase classname="tests.test_iteration54_publish_hangouts.TestPublish" name="test_status_forbidden_for_writer" time="0.490" /><testcase classname="tests.test_iteration54_publish_hangouts.TestPublish" name="test_status_for_admin" time="0.472" /><testcase classname="tests.test_iteration54_publish_hangouts.TestPublish" name="test_post_publish_runs" time="1.227" /><testcase classname="tests.test_iteration54_publish_hangouts.TestPublish" name="test_post_forbidden_for_anon_and_writer" time="0.200" /><testcase classname="tests.test_iteration54_publish_hangouts.TestPublish" name="test_publish_not_destructive" time="0.359" /><testcase classname="tests.test_iteration54_publish_hangouts.TestHideHangouts" name="test_hidden_state" time="1.025" /><testcase classname="tests.test_iteration54_publish_hangouts.TestHideHangouts" name="test_admin_data_intact_while_hidden" time="0.144" /><testcase classname="tests.test_iteration54_publish_hangouts.TestHideHangouts" name="test_persistence_across_reload" time="0.046" /><testcase classname="tests.test_iteration54_publish_hangouts.TestHideHangouts" name="test_restore" time="0.458" /><testcase classname="tests.test_iteration54_publish_hangouts.TestAdsRegression" name="test_list" time="0.052" /><testcase classname="tests.test_iteration54_publish_hangouts.TestAdsRegression" name="test_create_update_toggle_delete" time="0.286" /><testcase classname="tests.test_iteration54_publish_hangouts.TestAdsRegression" name="test_empty_placement_rejected" time="0.049" /><testcase classname="tests.test_iteration54_publish_hangouts.TestAdsRegression" name="test_bogus_placement_rejected" time="0.045"><failure message="AssertionError: 500 Internal Server Error&#10;assert 500 in (400, 422)&#10; +  where 500 = &lt;Response [500]&gt;.status_code">tests/test_iteration54_publish_hangouts.py:208: in test_bogus_placement_rejected
    assert r.status_code in (400, 422), f"{r.status_code} {r.text[:200]}"
E   AssertionError: 500 Internal Server Error
E   assert 500 in (400, 422)
E    +  where 500 = &lt;Response [500]&gt;.status_code</failure></testcase><testcase classname="tests.test_iteration54_publish_hangouts.TestAdsRegression" name="test_click_bogus_ad" time="0.147" /><testcase classname="tests.test_iteration54_publish_hangouts.TestAdsRegression" name="test_view_dedup" time="0.388" /><testcase classname="tests.test_iteration54_publish_hangouts.TestAdsRegression" name="test_head_code_save_and_clear" time="0.915" /><testcase classname="tests.test_iteration54_publish_hangouts.TestAdsRegression" name="test_public_slots_and_advertise_form" time="7.859" /><testcase classname="tests.test_iteration54_publish_hangouts.TestWriterRegression" name="test_writer_perms" time="0.248" /></testsuite></testsuites>