<?xml version="1.0" encoding="utf-8"?><testsuites name="pytest tests"><testsuite name="pytest" errors="0" failures="1" skipped="0" tests="18" time="14.182" timestamp="2026-08-18T19:01:57.394493+00:00" hostname="agent-env-d662383c-22bc-4e4f-8810-0902a1000b08"><testcase classname="tests.test_iteration29_city_guides_verify_badges.TestAutoCityGuides" name="test_auto_guide_for_uncurated_city" time="0.474" /><testcase classname="tests.test_iteration29_city_guides_verify_badges.TestAutoCityGuides" name="test_auto_guide_page_works_with_zero_events" time="0.151" /><testcase classname="tests.test_iteration29_city_guides_verify_badges.TestAutoCityGuides" name="test_custom_guides_untouched" time="0.552" /><testcase classname="tests.test_iteration29_city_guides_verify_badges.TestAutoCityGuides" name="test_admin_city_guides_listing" time="0.544" /><testcase classname="tests.test_iteration29_city_guides_verify_badges.TestAutoCityGuides" name="test_put_overrides_auto_guide" time="0.971" /><testcase classname="tests.test_iteration29_city_guides_verify_badges.TestAutoCityGuides" name="test_delete_resets_to_auto_guide" time="0.702" /><testcase classname="tests.test_iteration29_city_guides_verify_badges.TestAutoCityGuides" name="test_admin_only_writes" time="0.656" /><testcase classname="tests.test_iteration29_city_guides_verify_badges.TestAutoCityGuides" name="test_new_admin_city_reachable_without_restart" time="0.629" /><testcase classname="tests.test_iteration29_city_guides_verify_badges.TestVerificationReminders" name="test_start_records_for_unverified" time="0.618" /><testcase classname="tests.test_iteration29_city_guides_verify_badges.TestVerificationReminders" name="test_start_is_noop_for_verified" time="0.594" /><testcase classname="tests.test_iteration29_city_guides_verify_badges.TestVerificationReminders" name="test_cron_requires_bearer" time="0.270" /><testcase classname="tests.test_iteration29_city_guides_verify_badges.TestVerificationReminders" name="test_cron_acks_quickly_with_secret" time="0.131" /><testcase classname="tests.test_iteration29_city_guides_verify_badges.TestVerificationReminders" name="test_worker_notifies_only_eligible" time="0.747" /><testcase classname="tests.test_iteration29_city_guides_verify_badges.TestVerificationReminders" name="test_worker_never_sends_third_reminder" time="3.809" /><testcase classname="tests.test_iteration29_city_guides_verify_badges.TestVerifiedBadges" name="test_companions_list_exposes_verified" time="0.643"><failure message="AssertionError: expected at least one companion (ananya)&#10;assert []">tests/test_iteration29_city_guides_verify_badges.py:338: in test_companions_list_exposes_verified
    assert items, "expected at least one companion (ananya)"
E   AssertionError: expected at least one companion (ananya)
E   assert []</failure></testcase><testcase classname="tests.test_iteration29_city_guides_verify_badges.TestVerifiedBadges" name="test_companion_detail_exposes_verified" time="0.641" /><testcase classname="tests.test_iteration29_city_guides_verify_badges.TestVerifiedBadges" name="test_verified_flag_flips_across_apis" time="1.088" /><testcase classname="tests.test_iteration29_city_guides_verify_badges.TestVerifiedBadges" name="test_discover_exposes_verified" time="0.837" /></testsuite></testsuites>