<?xml version="1.0" encoding="utf-8"?><testsuites name="pytest tests"><testsuite name="pytest" errors="0" failures="1" skipped="0" tests="111" time="101.637" timestamp="2026-08-21T20:13:58.421133+00:00" hostname="agent-env-d662383c-22bc-4e4f-8810-0902a1000b08"><testcase classname="tests.test_iteration38_payouts.TestIteration38Payouts" name="test_anon_reads_401" time="0.892" /><testcase classname="tests.test_iteration36_bank_docs_city.TestBankChangeAndPayoutHold" name="test_non_bank_edit_does_not_trigger_hold" time="0.809" /><testcase classname="tests.test_iteration36_bank_docs_city.TestBankChangeAndPayoutHold" name="test_bank_edit_triggers_reverification" time="0.149" /><testcase classname="tests.test_iteration36_bank_docs_city.TestBankChangeAndPayoutHold" name="test_vendor_profile_exposes_hold" time="0.293" /><testcase classname="tests.test_iteration38_payouts.TestIteration38Payouts" name="test_member_forbidden" time="1.106" /><testcase classname="tests.test_iteration36_bank_docs_city.TestBankChangeAndPayoutHold" name="test_payout_blocked_while_on_hold" time="0.523" /><testcase classname="tests.test_iteration36_bank_docs_city.TestBankChangeAndPayoutHold" name="test_bank_verify_requires_fresh_proof" time="0.099" /><testcase classname="tests.test_iteration36_bank_docs_city.TestBankChangeAndPayoutHold" name="test_approving_stale_proof_does_not_clear_hold" time="0.209" /><testcase classname="tests.test_iteration38_payouts.TestIteration38Payouts" name="test_cron_requires_secret" time="0.353" /><testcase classname="tests.test_iteration36_bank_docs_city.TestBankChangeAndPayoutHold" name="test_fresh_proof_then_verify_clears_hold_and_pays" time="0.708" /><testcase classname="tests.test_iteration38_payouts.TestIteration38Payouts" name="test_settlements_list_shape" time="0.579" /><testcase classname="tests.test_iteration36_bank_docs_city.TestBankChangeAndPayoutHold" name="test_bank_verify_rejected_reinstates_hold" time="0.196" /><testcase classname="tests.test_iteration38_payouts.TestIteration38Payouts" name="test_create_batch_groups_and_skips_held" time="0.178" /><testcase classname="tests.test_iteration38_payouts.TestIteration38Payouts" name="test_list_batches_with_totals" time="0.280" /><testcase classname="tests.test_iteration36_bank_docs_city.TestBankChangeAndPayoutHold" name="test_bank_verify_requires_permission" time="0.531" /><testcase classname="tests.test_iteration38_payouts.TestIteration38Payouts" name="test_export_csv" time="0.216" /><testcase classname="tests.test_iteration38_payouts.TestIteration38Payouts" name="test_export_bad_id_404" time="0.313" /><testcase classname="tests.test_iteration37_doc_review.TestAdminDocReview" name="test_list_documents_shape" time="0.542" /><testcase classname="tests.test_iteration38_payouts.TestIteration38Payouts" name="test_mark_paid_requires_utr" time="0.133" /><testcase classname="tests.test_iteration38_payouts.TestIteration38Payouts" name="test_mark_paid_and_notify" time="0.255" /><testcase classname="tests.test_iteration37_doc_review.TestAdminDocReview" name="test_meta_exposes_doc_types_for_modal" time="0.086" /><testcase classname="tests.test_iteration37_doc_review.TestAdminDocReview" name="test_approve_then_reject_persists" time="0.540" /><testcase classname="tests.test_iteration38_payouts.TestIteration38Payouts" name="test_mark_paid_twice_rejected" time="0.162" /><testcase classname="tests.test_iteration38_payouts.TestIteration38Payouts" name="test_held_vendor_settlement_refused" time="0.169" /><testcase classname="tests.test_iteration38_payouts.TestIteration38Payouts" name="test_requires_utr_then_pays_and_rejects_repeat" time="0.477" /><testcase classname="tests.test_iteration37_doc_review.TestAdminDocReview" name="test_approving_pan_marks_complete_only_with_bank_proof" time="0.318" /><testcase classname="tests.test_iteration37_doc_review.TestAdminDocReview" name="test_invalid_status_rejected" time="0.075" /><testcase classname="tests.test_iteration37_doc_review.TestAdminDocReview" name="test_unknown_document_404" time="0.075" /><testcase classname="tests.test_iteration38_payouts.TestIteration38Payouts" name="test_unknown_settlement_404" time="0.206" /><testcase classname="tests.test_iteration37_doc_review.TestAdminDocReview" name="test_malformed_id_400" time="0.089" /><testcase classname="tests.test_iteration38_payouts.TestIteration38Payouts" name="test_generate_is_idempotent_and_numbered" time="0.715" /><testcase classname="tests.test_iteration37_doc_review.TestAdminDocReview" name="test_review_requires_permission" time="0.624" /><testcase classname="tests.test_iteration37_doc_review.TestAdminDocReview" name="test_anonymous_blocked" time="0.166" /><testcase classname="tests.test_iteration38_payouts.TestIteration38Payouts" name="test_admin_list" time="0.398" /><testcase classname="tests.test_iteration40_retry_refund_renewal.TestPaymentRetry" name="test_retry_pending_order_resets_state" time="0.957" /><testcase classname="tests.test_iteration38_payouts.TestIteration38Payouts" name="test_vendor_sees_only_own" time="0.153" /><testcase classname="tests.test_iteration40_retry_refund_renewal.TestPaymentRetry" name="test_retry_requires_auth" time="0.302" /><testcase classname="tests.test_iteration38_payouts.TestIteration38Payouts" name="test_pdf_for_owner_admin_and_403_for_other" time="1.225" /><testcase classname="tests.test_iteration38_payouts.TestIteration38Payouts" name="test_scorecards" time="0.132" /><testcase classname="tests.test_iteration40_retry_refund_renewal.TestPaymentRetry" name="test_retry_other_members_order_404" time="1.413" /><testcase classname="tests.test_iteration40_retry_refund_renewal.TestAdminRefund" name="test_refund_unpaid_order_400" time="1.336" /><testcase classname="tests.test_iteration40_retry_refund_renewal.TestPaymentRetry" name="test_retry_unknown_id_404" time="0.138" /><testcase classname="tests.test_iteration40_retry_refund_renewal.TestPaymentRetry" name="test_retry_malformed_id_400" time="0.173" /><testcase classname="tests.test_iteration40_retry_refund_renewal.TestPaymentRetry" name="test_retry_paid_order_400" time="0.294" /><testcase classname="tests.test_iteration35_nav_banking.TestAdminNav" name="test_get_default" time="0.698" /><testcase classname="tests.test_iteration35_nav_banking.TestAdminNav" name="test_put_and_persist" time="0.412" /><testcase classname="tests.test_iteration40_retry_refund_renewal.TestAdminRefund" name="test_refund_requires_finance_manage" time="1.366" /><testcase classname="tests.test_iteration35_nav_banking.TestAdminNav" name="test_cap_and_sanitise" time="0.564" /><testcase classname="tests.test_iteration35_nav_banking.TestAdminNav" name="test_requires_auth" time="0.152" /><testcase classname="tests.test_iteration35_nav_banking.TestAdminNav" name="test_per_account_isolation" time="0.691" /><testcase classname="tests.test_iteration40_retry_refund_renewal.TestAdminRefund" name="test_amount_validation" time="1.579" /><testcase classname="tests.test_iteration39_paypal.TestPayPalSubscription" name="test_month_plan_creates_or_reuses_plan" time="1.326" /><testcase classname="tests.test_iteration40_retry_refund_renewal.TestAdminRefund" name="test_cent_over_refund_rejected" time="1.092"><failure message="AssertionError: over-refund accepted: 200 {&quot;refund_status&quot;:&quot;refunded&quot;,&quot;refund_id&quot;:&quot;&quot;,&quot;refunded_amount&quot;:500.01,&quot;amount&quot;:500.01}&#10;assert 200 == 400&#10; +  where 200 = &lt;Response [200]&gt;.status_code">E   AssertionError: over-refund accepted: 200 {"refund_status":"refunded","refund_id":"","refunded_amount":500.01,"amount":500.01}
    assert 200 == 400
     +  where 200 = &lt;Response [200]&gt;.status_code</failure></testcase><testcase classname="tests.test_iteration39_paypal.TestPayPalSubscription" name="test_second_call_reuses_paypal_plan" time="0.530" /><testcase classname="tests.test_iteration39_paypal.TestPayPalSubscription" name="test_annual_plan_maps_to_year_interval" time="2.354" /><testcase classname="tests.test_iteration40_retry_refund_renewal.TestAdminRefund" name="test_partial_then_full_refund_membership" time="1.965" /><testcase classname="tests.test_iteration39_paypal.TestPayPalSubscription" name="test_subscription_requires_auth" time="0.147" /><testcase classname="tests.test_iteration40_retry_refund_renewal.TestAdminRefund" name="test_full_refund_removes_event_participant" time="1.136" /><testcase classname="tests.test_iteration39_paypal.TestPayPalSubscription" name="test_unknown_plan_404" time="0.167" /><testcase classname="tests.test_iteration39_paypal.TestPayPalInputValidation" name="test_malformed_body_should_be_4xx[/payments/paypal/order-body0]" time="0.184" /><testcase classname="tests.test_iteration39_paypal.TestPayPalInputValidation" name="test_malformed_body_should_be_4xx[/payments/paypal/order-body1]" time="0.286" /><testcase classname="tests.test_iteration39_paypal.TestPayPalInputValidation" name="test_malformed_body_should_be_4xx[/payments/paypal/capture-body2]" time="0.134" /><testcase classname="tests.test_iteration39_paypal.TestSubscriptionActivation" name="test_pending_subscription_does_not_create_membership" time="0.830" /><testcase classname="tests.test_iteration39_paypal.TestPayPalInputValidation" name="test_malformed_body_should_be_4xx[/payments/paypal/subscription-body3]" time="0.200" /><testcase classname="tests.test_iteration39_paypal.TestPayPalInputValidation" name="test_malformed_body_should_be_4xx[/payments/paypal/subscription-body4]" time="0.208" /><testcase classname="tests.test_iteration39_paypal.TestSubscriptionActivation" name="test_unknown_subscription_404" time="0.154" /><testcase classname="tests.test_iteration36_bank_docs_city.TestDocumentExpiryCron" name="test_cron_requires_auth" time="0.386" /><testcase classname="tests.test_iteration36_bank_docs_city.TestDocumentExpiryCron" name="test_cron_expires_and_reminds" time="8.156" /><testcase classname="tests.test_iteration39_paypal.TestSubscriptionActivation" name="test_other_users_subscription_404" time="0.742" /><testcase classname="tests.test_iteration39_paypal.TestSubscriptionActivation" name="test_activated_webhook_does_not_falsely_create_membership" time="0.151" /><testcase classname="tests.test_iteration39_paypal.TestSubscriptionActivation" name="test_cancelled_webhook_marks_status" time="0.180" /><testcase classname="tests.test_iteration36_bank_docs_city.TestExpiringDocumentsApi" name="test_requires_auth" time="0.149" /><testcase classname="tests.test_iteration36_bank_docs_city.TestExpiringDocumentsApi" name="test_member_forbidden" time="0.585" /><testcase classname="tests.test_iteration36_bank_docs_city.TestExpiringDocumentsApi" name="test_lists_upcoming_with_vendor" time="0.533" /><testcase classname="tests.test_iteration36_bank_docs_city.TestExpiringDocumentsApi" name="test_narrow_window_excludes" time="0.091" /><testcase classname="tests.test_iteration37_doc_review.TestExpiringPanel" name="test_expiring_within_30_days" time="0.542" /><testcase classname="tests.test_iteration37_doc_review.TestExpiringPanel" name="test_days_window_respected" time="0.193" /><testcase classname="tests.test_iteration37_doc_review.TestExpiringPanel" name="test_sorted_ascending" time="0.091" /><testcase classname="tests.test_iteration37_doc_review.TestExpiringPanel" name="test_requires_permission" time="0.660" /><testcase classname="tests.test_iteration39_paypal.TestPayPalOneTimeOrder" name="test_create_order_returns_approve_url" time="1.320" /><testcase classname="tests.test_iteration39_paypal.TestPayPalOneTimeOrder" name="test_requires_auth" time="0.311" /><testcase classname="tests.test_iteration36_bank_docs_city.TestDocumentExpiryCron" name="test_daily_maintenance_queues_both" time="60.410" /><testcase classname="tests.test_iteration39_paypal.TestPayPalOneTimeOrder" name="test_other_users_order_404" time="31.034" /><testcase classname="tests.test_iteration39_paypal.TestPayPalOneTimeOrder" name="test_already_paid_order_400" time="0.809" /><testcase classname="tests.test_iteration35_nav_banking.TestVendorBanking" name="test_meta_bank_fields" time="0.509" /><testcase classname="tests.test_iteration35_nav_banking.TestVendorBanking" name="test_profile_saves_all_bank_fields" time="0.726" /><testcase classname="tests.test_iteration35_nav_banking.TestVendorBanking" name="test_invalid_account_type_rejected" time="0.152" /><testcase classname="tests.test_iteration36_bank_docs_city.TestCityLanding" name="test_mumbai_hosts_and_passes" time="0.172" /><testcase classname="tests.test_iteration36_bank_docs_city.TestCityLanding" name="test_city_without_hosts" time="0.164" /><testcase classname="tests.test_iteration36_bank_docs_city.TestCityLanding" name="test_unknown_city_404" time="0.127" /><testcase classname="tests.test_iteration39_paypal.TestMembershipCancel" name="test_cancel_without_membership_400" time="0.817" /><testcase classname="tests.test_iteration39_paypal.TestMembershipCancel" name="test_cancel_requires_auth" time="0.126" /><testcase classname="tests.test_iteration39_paypal.TestMembershipCancel" name="test_cancel_active_membership_turns_off_autorenew" time="0.890" /><testcase classname="tests.test_iteration35_nav_banking.TestAgreementBanking" name="test_detail_has_banking_rows" time="0.729" /><testcase classname="tests.test_iteration35_nav_banking.TestAgreementBanking" name="test_pdf_download" time="0.084" /><testcase classname="tests.test_iteration36_bank_docs_city.TestAdminPages" name="test_missing_policy_pages_present_and_empty" time="0.579" /><testcase classname="tests.test_iteration36_bank_docs_city.TestAdminPages" name="test_requires_permission" time="0.549" /><testcase classname="tests.test_iteration39_paypal.TestPayPalConfig" name="test_paypal_config" time="0.149" /><testcase classname="tests.test_iteration39_paypal.TestPayPalConfig" name="test_payments_config_includes_paypal" time="0.168" /><testcase classname="tests.test_iteration39_paypal.TestPayPalCapture" name="test_capture_unapproved_order_fails_cleanly" time="1.539" /><testcase classname="tests.test_iteration39_paypal.TestPayPalCapture" name="test_capture_already_paid_returns_already" time="0.671" /><testcase classname="tests.test_iteration39_paypal.TestPayPalWebhookOrder" name="test_capture_completed_webhook_fulfils_and_is_idempotent" time="0.356" /><testcase classname="tests.test_iteration39_paypal.TestPayPalWebhookOrder" name="test_unknown_custom_id_is_ignored" time="0.155" /><testcase classname="tests.test_iteration40_retry_refund_renewal.TestRenewalReminders" name="test_cron_requires_secret" time="0.331" /><testcase classname="tests.test_iteration40_retry_refund_renewal.TestRenewalReminders" name="test_reminder_sent_once_and_skips_autorenew" time="12.100" /><testcase classname="tests.test_iteration40_retry_refund_renewal.TestEmailTemplates" name="test_new_templates_listed_with_vars" time="0.564" /><testcase classname="tests.test_iteration40_retry_refund_renewal.TestEmailTemplates" name="test_template_can_be_saved_and_reset" time="0.794" /><testcase classname="tests.test_iteration36_bank_docs_city.TestDocumentExpiryCron" name="test_email_template_registered" time="1.939" /><testcase classname="tests.test_iteration35_nav_banking.TestBankProofGating" name="test_approve_blocked_without_bank_proof" time="11.851" /><testcase classname="tests.test_iteration35_nav_banking.TestBankProofGating" name="test_approve_unblocked_with_cancelled_cheque" time="0.182" /><testcase classname="tests.test_iteration35_nav_banking.TestBankProofGating" name="test_bank_statement_also_satisfies" time="0.094" /></testsuite></testsuites>