<?xml version="1.0" encoding="utf-8"?><testsuites name="pytest tests"><testsuite name="pytest" errors="0" failures="0" skipped="0" tests="24" time="51.478" timestamp="2026-08-18T05:28:27.380550+00:00" hostname="agent-env-d662383c-22bc-4e4f-8810-0902a1000b08"><testcase classname="tests.test_iteration22_rbac" name="test_me_admin_has_all_17_permissions" time="3.061" /><testcase classname="tests.test_iteration22_rbac" name="test_me_legacy_manager_has_four" time="0.475" /><testcase classname="tests.test_iteration22_rbac" name="test_me_member_permissions_empty" time="0.444" /><testcase classname="tests.test_iteration22_rbac" name="test_permissions_catalogue_admin" time="0.112" /><testcase classname="tests.test_iteration22_rbac" name="test_permissions_forbidden_without_team_manage" time="0.530" /><testcase classname="tests.test_iteration22_rbac" name="test_team_listing_admin" time="0.101" /><testcase classname="tests.test_iteration22_rbac" name="test_team_invite_and_duplicate" time="0.597" /><testcase classname="tests.test_iteration22_rbac" name="test_team_invite_scope_mismatch" time="0.119" /><testcase classname="tests.test_iteration22_rbac" name="test_team_invite_permission_over_grant_forbidden" time="0.486" /><testcase classname="tests.test_iteration22_rbac" name="test_team_patch_self_forbidden" time="0.200" /><testcase classname="tests.test_iteration22_rbac" name="test_team_patch_unknown_and_malformed" time="0.214" /><testcase classname="tests.test_iteration22_rbac" name="test_team_patch_empty_body" time="0.099" /><testcase classname="tests.test_iteration22_rbac" name="test_team_patch_invalid_status" time="0.121" /><testcase classname="tests.test_iteration22_rbac" name="test_team_patch_role_change" time="0.218" /><testcase classname="tests.test_iteration22_rbac" name="test_perm_test_moderator_split" time="0.847" /><testcase classname="tests.test_iteration22_rbac" name="test_finance_role_matrix" time="0.836" /><testcase classname="tests.test_iteration22_rbac" name="test_support_role_matrix" time="0.853" /><testcase classname="tests.test_iteration22_rbac" name="test_viewer_role_readonly" time="37.501" /><testcase classname="tests.test_iteration22_rbac" name="test_moderator_no_verifications" time="0.114" /><testcase classname="tests.test_iteration22_rbac" name="test_console_vendor_viewer_readonly" time="0.885" /><testcase classname="tests.test_iteration22_rbac" name="test_console_vendor_manager_pending_403" time="0.433" /><testcase classname="tests.test_iteration22_rbac" name="test_console_vendor_manager_active_can_write" time="0.879" /><testcase classname="tests.test_iteration22_rbac" name="test_admin_regression_endpoints" time="1.714" /><testcase classname="tests.test_iteration22_rbac" name="test_manager_regression_console" time="0.548" /></testsuite></testsuites>