<?xml version="1.0" encoding="utf-8"?><testsuites name="pytest tests"><testsuite name="pytest" errors="0" failures="0" skipped="0" tests="12" time="14.349" timestamp="2026-08-17T05:10:33.097542+00:00" hostname="agent-env-d662383c-22bc-4e4f-8810-0902a1000b08"><testcase classname="tests.test_iteration16_media.TestSizeLimits" name="test_image_over_5mb_rejected" time="1.174" /><testcase classname="tests.test_iteration16_media.TestSizeLimits" name="test_pdf_over_10mb_rejected" time="0.414" /><testcase classname="tests.test_iteration16_media.TestAttachmentAbuse" name="test_attachment_belonging_to_other_user_rejected" time="1.690" /><testcase classname="tests.test_iteration16_media.TestSizeLimits" name="test_chunk_init_over_25mb_rejected" time="0.165" /><testcase classname="tests.test_iteration16_media.TestAttachmentAbuse" name="test_message_empty_body_and_no_attachment_rejected" time="0.111" /><testcase classname="tests.test_iteration16_media.TestSizeLimits" name="test_chunk_init_requires_supported_ext" time="0.151" /><testcase classname="tests.test_iteration16_media.TestAttachmentAbuse" name="test_bogus_attachment_path_rejected" time="0.153" /><testcase classname="tests.test_iteration16_media.TestWebSocketAttachmentDelivery" name="test_recipient_receives_attachment_over_ws" time="0.897" /><testcase classname="tests.test_iteration16_media.TestCrossUserUploadSession" name="test_other_user_cannot_post_parts" time="0.954" /><testcase classname="tests.test_iteration16_media.TestLegacyImageUpload" name="test_legacy_uploads_still_works_and_serves" time="0.715" /><testcase classname="tests.test_iteration16_media.TestAdminDelete" name="test_admin_can_soft_delete_another_users_file" time="0.907" /><testcase classname="tests.test_iteration16_media.TestPartnerGallery" name="test_partner_can_save_event_gallery_and_public_page_shows_it" time="9.530" /></testsuite></testsuites>