<?xml version="1.0" encoding="utf-8"?><testsuites name="pytest tests"><testsuite name="pytest" errors="0" failures="0" skipped="0" tests="39" time="87.795" timestamp="2026-08-18T18:47:40.051774+00:00" hostname="agent-env-d662383c-22bc-4e4f-8810-0902a1000b08"><testcase classname="tests.test_iteration25_hangouts.TestPremiumGate" name="test_guest_401" time="2.410" /><testcase classname="tests.test_iteration25_hangouts.TestPremiumGate" name="test_non_member_403" time="0.137" /><testcase classname="tests.test_iteration25_hangouts.TestPremiumGate" name="test_partner_403" time="0.129" /><testcase classname="tests.test_iteration25_hangouts.TestPremiumGate" name="test_manager_403" time="0.164" /><testcase classname="tests.test_iteration25_hangouts.TestPremiumGate" name="test_min_plan_enforced" time="0.160" /><testcase classname="tests.test_iteration25_hangouts.TestHiddenRates" name="test_list_hides_rate_and_package_prices" time="0.168" /><testcase classname="tests.test_iteration25_hangouts.TestHiddenRates" name="test_detail_hides_rate" time="0.136" /><testcase classname="tests.test_iteration25_hangouts.TestRequestFee" name="test_create_booking_pending_fee" time="0.151" /><testcase classname="tests.test_iteration25_hangouts.TestRequestFee" name="test_pay_fee_moves_to_awaiting_acceptance" time="0.601" /><testcase classname="tests.test_iteration25_hangouts.TestRequestFee" name="test_admin_can_change_fee_non_admin_cannot" time="0.621" /><testcase classname="tests.test_iteration25_hangouts.TestAcceptance" name="test_member_cannot_accept" time="0.661" /><testcase classname="tests.test_iteration25_hangouts.TestAcceptance" name="test_accept_no_body_uses_listed" time="0.787" /><testcase classname="tests.test_iteration25_hangouts.TestAcceptance" name="test_accept_amount_and_cap" time="0.886" /><testcase classname="tests.test_iteration25_hangouts.TestAcceptance" name="test_member_sees_amount_after_accept" time="0.986" /><testcase classname="tests.test_iteration25_hangouts.TestCounter" name="test_counter_full_amount" time="1.269" /><testcase classname="tests.test_iteration25_hangouts.TestPayAndPayouts" name="test_three_consecutive_payouts" time="4.530" /><testcase classname="tests.test_iteration25_hangouts.TestPayAndPayouts" name="test_counter_pay_confirms_full" time="1.160" /><testcase classname="tests.test_iteration25_hangouts.TestWalletAutoDebit" name="test_wallet_covers_price" time="1.189" /><testcase classname="tests.test_iteration25_hangouts.TestNonRefundableFee" name="test_decline_right_after_fee_zero_credit" time="0.833" /><testcase classname="tests.test_iteration25_hangouts.TestNonRefundableFee" name="test_no_show_credits_only_agreed" time="1.321" /><testcase classname="tests.test_iteration25_hangouts.TestNonRefundableFee" name="test_no_cash_refund_on_companion_orders" time="0.002" /><testcase classname="tests.test_iteration25_hangouts.TestSuspendReapprove" name="test_reapprove_restores" time="0.564" /><testcase classname="tests.test_iteration27_wallet.TestWalletGet" name="test_shape_and_defaults" time="2.004" /><testcase classname="tests.test_iteration27_wallet.TestTopUp" name="test_below_min_rejected" time="0.174" /><testcase classname="tests.test_iteration27_wallet.TestTopUp" name="test_above_max_rejected" time="19.647" /><testcase classname="tests.test_iteration27_wallet.TestTopUp" name="test_topup_tax_free_and_ledger" time="36.940" /><testcase classname="tests.test_iteration27_wallet.TestTopUp" name="test_topup_cannot_fulfil_twice" time="0.942" /><testcase classname="tests.test_iteration27_wallet.TestSavedCard" name="test_put_stores_no_pan" time="0.159" /><testcase classname="tests.test_iteration27_wallet.TestSavedCard" name="test_invalid_number_rejected" time="0.143" /><testcase classname="tests.test_iteration27_wallet.TestSavedCard" name="test_delete_removes_card" time="0.437" /><testcase classname="tests.test_iteration27_wallet.TestAutoCharge" name="test_wallet_covers" time="1.099" /><testcase classname="tests.test_iteration27_wallet.TestAutoCharge" name="test_saved_card_when_wallet_short" time="1.057" /><testcase classname="tests.test_iteration27_wallet.TestAutoCharge" name="test_no_wallet_no_card_stays_payment_due" time="0.900" /><testcase classname="tests.test_iteration27_wallet.TestAutoCharge" name="test_autopay_false_skipped" time="1.125" /><testcase classname="tests.test_iteration27_wallet.TestFeeWaiver" name="test_first_three_waived_fourth_paid" time="0.821" /><testcase classname="tests.test_iteration27_wallet.TestFeeWaiver" name="test_quota_zero_disables" time="0.292" /><testcase classname="tests.test_iteration27_wallet.TestFeeWaiver" name="test_non_member_no_waiver" time="0.126" /><testcase classname="tests.test_iteration27_wallet.TestRatings" name="test_rate_and_admin_only_note" time="2.623" /><testcase classname="tests.test_iteration27_wallet.TestRatings" name="test_cannot_rate_before_completed" time="0.361" /></testsuite></testsuites>