<?xml version="1.0" encoding="utf-8"?><testsuites name="pytest tests"><testsuite name="pytest" errors="0" failures="1" skipped="0" tests="17" time="15.135" timestamp="2026-08-18T18:25:05.584541+00:00" hostname="agent-env-d662383c-22bc-4e4f-8810-0902a1000b08"><testcase classname="tests.test_iteration27_wallet.TestWalletGet" name="test_shape_and_defaults" time="2.195" /><testcase classname="tests.test_iteration27_wallet.TestTopUp" name="test_below_min_rejected" time="0.151" /><testcase classname="tests.test_iteration27_wallet.TestTopUp" name="test_above_max_rejected" time="0.156" /><testcase classname="tests.test_iteration27_wallet.TestTopUp" name="test_topup_tax_free_and_ledger" time="0.888" /><testcase classname="tests.test_iteration27_wallet.TestTopUp" name="test_topup_cannot_fulfil_twice" time="0.961" /><testcase classname="tests.test_iteration27_wallet.TestSavedCard" name="test_put_stores_no_pan" time="0.159" /><testcase classname="tests.test_iteration27_wallet.TestSavedCard" name="test_invalid_number_rejected" time="0.178" /><testcase classname="tests.test_iteration27_wallet.TestSavedCard" name="test_delete_removes_card" time="0.460" /><testcase classname="tests.test_iteration27_wallet.TestAutoCharge" name="test_wallet_covers" time="1.473" /><testcase classname="tests.test_iteration27_wallet.TestAutoCharge" name="test_saved_card_when_wallet_short" time="1.214" /><testcase classname="tests.test_iteration27_wallet.TestAutoCharge" name="test_no_wallet_no_card_stays_payment_due" time="0.954" /><testcase classname="tests.test_iteration27_wallet.TestAutoCharge" name="test_autopay_false_skipped" time="1.024" /><testcase classname="tests.test_iteration27_wallet.TestFeeWaiver" name="test_first_three_waived_fourth_paid" time="0.404"><failure message="AssertionError: {&quot;detail&quot;:&quot;You already have a request waiting with this companion — finish that one first.&quot;}&#10;assert 400 == 200&#10; +  where 400 = &lt;Response [400]&gt;.status_code">tests/test_iteration27_wallet.py:358: in test_first_three_waived_fourth_paid
    assert r.status_code == 200, r.text
E   AssertionError: {"detail":"You already have a request waiting with this companion — finish that one first."}
E   assert 400 == 200
E    +  where 400 = &lt;Response [400]&gt;.status_code</failure></testcase><testcase classname="tests.test_iteration27_wallet.TestFeeWaiver" name="test_quota_zero_disables" time="2.354" /><testcase classname="tests.test_iteration27_wallet.TestFeeWaiver" name="test_non_member_no_waiver" time="0.137" /><testcase classname="tests.test_iteration27_wallet.TestRatings" name="test_rate_and_admin_only_note" time="1.882" /><testcase classname="tests.test_iteration27_wallet.TestRatings" name="test_cannot_rate_before_completed" time="0.433" /></testsuite></testsuites>