<?xml version="1.0" encoding="utf-8"?><testsuites name="pytest tests"><testsuite name="pytest" errors="0" failures="0" skipped="0" tests="13" time="4.456" timestamp="2026-08-17T02:53:01.233668+00:00" hostname="agent-env-d662383c-22bc-4e4f-8810-0902a1000b08"><testcase classname="tests.test_iteration10" name="test_me_events_tara_has_7_bookings" time="0.555" /><testcase classname="tests.test_iteration10" name="test_conversations_aarav_has_4" time="0.506" /><testcase classname="tests.test_iteration10" name="test_conversations_messages_aarav_first_direct_has_19" time="0.581" /><testcase classname="tests.test_iteration10" name="test_events_top_review_batch" time="0.117" /><testcase classname="tests.test_iteration10" name="test_event_detail_participants_shape" time="0.230" /><testcase classname="tests.test_iteration10" name="test_discover_membership_badges" time="0.448" /><testcase classname="tests.test_iteration10" name="test_admin_reviews_9" time="0.453" /><testcase classname="tests.test_iteration10" name="test_admin_payouts_2" time="0.498" /><testcase classname="tests.test_iteration10" name="test_partner_event_participants" time="0.563" /><testcase classname="tests.test_iteration10" name="test_leaderboard_5_rows" time="0.100" /><testcase classname="tests.test_iteration10" name="test_city_delhi_has_quotes" time="0.109" /><testcase classname="tests.test_iteration10" name="test_city_gurugram_has_quotes" time="0.118" /><testcase classname="tests.test_iteration10" name="test_city_dubai_no_quotes" time="0.103" /></testsuite></testsuites>