<?xml version="1.0" encoding="utf-8"?><testsuites name="pytest tests"><testsuite name="pytest" errors="0" failures="0" skipped="0" tests="10" time="8.406" timestamp="2026-08-17T04:24:51.774517+00:00" hostname="agent-env-d662383c-22bc-4e4f-8810-0902a1000b08"><testcase classname="tests.test_iteration13_guest_ai" name="test_guest_config_no_auth" time="0.279" /><testcase classname="tests.test_iteration13_guest_ai" name="test_guest_post_empty_message_400" time="0.169" /><testcase classname="tests.test_iteration13_guest_ai" name="test_guest_post_too_long_400" time="0.104" /><testcase classname="tests.test_iteration13_guest_ai" name="test_guest_stream_sse_format_and_done" time="1.124" /><testcase classname="tests.test_iteration13_guest_ai" name="test_guest_reply_persisted" time="1.003" /><testcase classname="tests.test_iteration13_guest_ai" name="test_guest_reply_supports_refund_policy" time="0.892" /><testcase classname="tests.test_iteration13_guest_ai" name="test_guest_reply_event_links_resolve" time="1.920" /><testcase classname="tests.test_iteration13_guest_ai" name="test_concierge_requires_auth" time="0.129" /><testcase classname="tests.test_iteration13_guest_ai" name="test_ai_config_requires_auth" time="0.118" /><testcase classname="tests.test_iteration13_guest_ai" name="test_member_concierge_stream_smoke" time="1.573" /></testsuite></testsuites>