<?xml version="1.0" encoding="utf-8"?><testsuites name="pytest tests"><testsuite name="pytest" errors="0" failures="0" skipped="0" tests="30" time="8.913" timestamp="2026-08-18T06:02:17.489929+00:00" hostname="agent-env-d662383c-22bc-4e4f-8810-0902a1000b08"><testcase classname="tests.test_iteration23_cms.TestPagesCMS" name="test_list_pages_has_block_types" time="1.040" /><testcase classname="tests.test_iteration23_cms.TestPagesCMS" name="test_create_page_slug_normalised" time="0.317" /><testcase classname="tests.test_iteration23_cms.TestPagesCMS" name="test_duplicate_slug_400" time="0.306" /><testcase classname="tests.test_iteration23_cms.TestPagesCMS" name="test_unknown_block_type_400" time="0.096" /><testcase classname="tests.test_iteration23_cms.TestPagesCMS" name="test_update_slug_clash_400" time="0.525" /><testcase classname="tests.test_iteration23_cms.TestPagesCMS" name="test_update_unknown_id_404" time="0.097" /><testcase classname="tests.test_iteration23_cms.TestPagesCMS" name="test_update_malformed_id_400" time="0.118" /><testcase classname="tests.test_iteration23_cms.TestPagesCMS" name="test_delete_core_page_400" time="0.101" /><testcase classname="tests.test_iteration23_cms.TestPagesCMS" name="test_draft_page_hidden_publicly" time="0.443" /><testcase classname="tests.test_iteration23_cms.TestPagesCMS" name="test_permission_gating" time="0.937" /><testcase classname="tests.test_iteration23_cms.TestBlockTypes" name="test_all_block_types_persist" time="0.286" /><testcase classname="tests.test_iteration23_cms.TestSiteContent" name="test_admin_site_content" time="0.114" /><testcase classname="tests.test_iteration23_cms.TestSiteContent" name="test_public_site_content_lists_pages" time="0.096" /><testcase classname="tests.test_iteration23_cms.TestSiteContent" name="test_update_unknown_key_400" time="0.099" /><testcase classname="tests.test_iteration23_cms.TestSiteContent" name="test_update_non_object_400" time="0.121" /><testcase classname="tests.test_iteration23_cms.TestSiteContent" name="test_hero_update_and_reset" time="0.595" /><testcase classname="tests.test_iteration23_cms.TestSiteContent" name="test_perm_gating" time="0.096" /><testcase classname="tests.test_iteration23_cms.TestProfileCRUD" name="test_create_underage_400" time="0.103" /><testcase classname="tests.test_iteration23_cms.TestProfileCRUD" name="test_create_duplicate_email_400" time="0.118" /><testcase classname="tests.test_iteration23_cms.TestProfileCRUD" name="test_create_invalid_role_400" time="0.110" /><testcase classname="tests.test_iteration23_cms.TestProfileCRUD" name="test_members_only_cannot_create_admin" time="0.422" /><testcase classname="tests.test_iteration23_cms.TestProfileCRUD" name="test_full_lifecycle" time="1.043" /><testcase classname="tests.test_iteration23_cms.TestProfileCRUD" name="test_cannot_delete_self" time="0.194" /><testcase classname="tests.test_iteration23_cms.TestProfileCRUD" name="test_perm_gating" time="0.099" /><testcase classname="tests.test_iteration23_cms.TestAdminEvents" name="test_create_in_house" time="0.513" /><testcase classname="tests.test_iteration23_cms.TestAdminEvents" name="test_perm_gating" time="0.097" /><testcase classname="tests.test_iteration23_cms.TestCityGuides" name="test_list_all_27" time="0.104" /><testcase classname="tests.test_iteration23_cms.TestCityGuides" name="test_override_and_reset" time="0.416" /><testcase classname="tests.test_iteration23_cms.TestCityGuides" name="test_perm_gating" time="0.097" /><testcase classname="tests.test_iteration23_cms.TestUserProfileRegression" name="test_member_can_partial_update" time="0.105" /></testsuite></testsuites>