<?xml version="1.0" encoding="utf-8"?><testsuites name="pytest tests"><testsuite name="pytest" errors="0" failures="0" skipped="0" tests="18" time="11.841" timestamp="2026-08-18T06:24:31.400433+00:00" hostname="agent-env-d662383c-22bc-4e4f-8810-0902a1000b08"><testcase classname="tests.test_iteration24_emails" name="test_list_has_all_19_templates" time="0.516" /><testcase classname="tests.test_iteration24_emails" name="test_list_forbidden_for_non_admins[cred0]" time="0.425" /><testcase classname="tests.test_iteration24_emails" name="test_list_forbidden_for_non_admins[cred1]" time="0.456" /><testcase classname="tests.test_iteration24_emails" name="test_list_forbidden_for_non_admins[cred2]" time="0.427" /><testcase classname="tests.test_iteration24_emails" name="test_put_strips_scripts_and_flips_customised" time="0.312" /><testcase classname="tests.test_iteration24_emails" name="test_put_bad_cta_url_400" time="0.140" /><testcase classname="tests.test_iteration24_emails" name="test_put_blank_subject_or_body_400" time="0.228" /><testcase classname="tests.test_iteration24_emails" name="test_put_unknown_key_404" time="0.106" /><testcase classname="tests.test_iteration24_emails" name="test_delete_unknown_key_404" time="0.120" /><testcase classname="tests.test_iteration24_emails" name="test_put_cta_variable_allowed" time="0.273" /><testcase classname="tests.test_iteration24_emails" name="test_send_test_returns_shape" time="0.434" /><testcase classname="tests.test_iteration24_emails" name="test_send_test_unknown_key_404" time="0.120" /><testcase classname="tests.test_iteration24_emails" name="test_override_applies_to_password_reset" time="1.540" /><testcase classname="tests.test_iteration24_emails" name="test_override_applies_to_welcome_on_register" time="1.072" /><testcase classname="tests.test_iteration24_emails" name="test_forgot_password_flow" time="0.183" /><testcase classname="tests.test_iteration24_emails" name="test_notification_flow_via_admin_email" time="0.123" /><testcase classname="tests.test_iteration24_emails" name="test_payout_reminder_cron_auth_and_write" time="4.319" /><testcase classname="tests.test_iteration24_emails" name="test_console_payout_reminder_no_leaks_and_reflects_override" time="0.977" /></testsuite></testsuites>