<?xml version="1.0" encoding="utf-8"?><testsuites name="pytest tests"><testsuite name="pytest" errors="0" failures="1" skipped="0" tests="20" time="11.606" timestamp="2026-08-18T04:46:40.234298+00:00" hostname="agent-env-d662383c-22bc-4e4f-8810-0902a1000b08"><testcase classname="tests.test_iteration20_photo_mod_verified_payout.TestPhotoReport" name="test_report_others_photo_idempotent" time="2.324" /><testcase classname="tests.test_iteration20_photo_mod_verified_payout.TestPhotoReport" name="test_cannot_report_own_photo" time="0.722" /><testcase classname="tests.test_iteration20_photo_mod_verified_payout.TestPhotoReport" name="test_reported_photo_visible_publicly_until_hidden" time="1.177" /><testcase classname="tests.test_iteration20_photo_mod_verified_payout.TestAdminPhotoModeration" name="test_non_admin_forbidden" time="1.299" /><testcase classname="tests.test_iteration20_photo_mod_verified_payout.TestAdminPhotoModeration" name="test_unknown_action_returns_400" time="0.539" /><testcase classname="tests.test_iteration20_photo_mod_verified_payout.TestAdminPhotoModeration" name="test_filters_and_counts" time="1.215" /><testcase classname="tests.test_iteration20_photo_mod_verified_payout.TestAdminPhotoModeration" name="test_hide_with_warn_increments_warnings_and_writes_audit" time="0.764"><failure message="assert None is not None">backend/tests/test_iteration20_photo_mod_verified_payout.py:236: in test_hide_with_warn_increments_warnings_and_writes_audit
    assert aud is not None
E   assert None is not None</failure></testcase><testcase classname="tests.test_iteration20_photo_mod_verified_payout.TestAdminPhotoModeration" name="test_restore_clears_reports" time="0.802" /><testcase classname="tests.test_iteration20_photo_mod_verified_payout.TestAdminPhotoModeration" name="test_delete_removes_photo" time="0.505" /><testcase classname="tests.test_iteration20_photo_mod_verified_payout.TestVerifiedFilter" name="test_partner_verified_present_on_list" time="0.119" /><testcase classname="tests.test_iteration20_photo_mod_verified_payout.TestVerifiedFilter" name="test_verified_only_excludes_unverified" time="0.355" /><testcase classname="tests.test_iteration20_photo_mod_verified_payout.TestPayoutReminderPreview" name="test_member_and_partner_forbidden" time="0.207" /><testcase classname="tests.test_iteration20_photo_mod_verified_payout.TestPayoutReminderPreview" name="test_manager_preview_shape" time="0.118" /><testcase classname="tests.test_iteration20_photo_mod_verified_payout.TestPayoutReminderPreview" name="test_admin_can_also_call" time="0.122" /><testcase classname="tests.test_iteration20_photo_mod_verified_payout.TestPayoutReminderPreview" name="test_pending_payout_shows_in_preview_and_flips_will_send" time="0.310" /><testcase classname="tests.test_iteration20_photo_mod_verified_payout.TestPayoutReminderPreview" name="test_already_sent_this_week" time="0.109" /><testcase classname="tests.test_iteration20_photo_mod_verified_payout.TestRegression" name="test_public_event_returns_partner_verified" time="0.096" /><testcase classname="tests.test_iteration20_photo_mod_verified_payout.TestRegression" name="test_cron_payout_reminders_auth" time="0.190" /><testcase classname="tests.test_iteration20_photo_mod_verified_payout.TestRegression" name="test_delete_photo_authz_preserved" time="0.517" /><testcase classname="tests.test_iteration20_photo_mod_verified_payout" name="test_zz_final_cleanup" time="0.005" /></testsuite></testsuites>