<?xml version="1.0" encoding="utf-8"?><testsuites name="pytest tests"><testsuite name="pytest" errors="0" failures="0" skipped="0" tests="22" time="86.842" timestamp="2026-08-18T18:26:25.244560+00:00" hostname="agent-env-d662383c-22bc-4e4f-8810-0902a1000b08"><testcase classname="tests.test_iteration25_hangouts.TestPremiumGate" name="test_guest_401" time="2.357" /><testcase classname="tests.test_iteration25_hangouts.TestPremiumGate" name="test_non_member_403" time="0.134" /><testcase classname="tests.test_iteration25_hangouts.TestPremiumGate" name="test_partner_403" time="0.138" /><testcase classname="tests.test_iteration25_hangouts.TestPremiumGate" name="test_manager_403" time="0.120" /><testcase classname="tests.test_iteration25_hangouts.TestPremiumGate" name="test_min_plan_enforced" time="0.126" /><testcase classname="tests.test_iteration25_hangouts.TestHiddenRates" name="test_list_hides_rate_and_package_prices" time="0.129" /><testcase classname="tests.test_iteration25_hangouts.TestHiddenRates" name="test_detail_hides_rate" time="0.155" /><testcase classname="tests.test_iteration25_hangouts.TestRequestFee" name="test_create_booking_pending_fee" time="0.124" /><testcase classname="tests.test_iteration25_hangouts.TestRequestFee" name="test_pay_fee_moves_to_awaiting_acceptance" time="0.713" /><testcase classname="tests.test_iteration25_hangouts.TestRequestFee" name="test_admin_can_change_fee_non_admin_cannot" time="0.584" /><testcase classname="tests.test_iteration25_hangouts.TestAcceptance" name="test_member_cannot_accept" time="0.690" /><testcase classname="tests.test_iteration25_hangouts.TestAcceptance" name="test_accept_no_body_uses_listed" time="0.687" /><testcase classname="tests.test_iteration25_hangouts.TestAcceptance" name="test_accept_amount_and_cap" time="0.826" /><testcase classname="tests.test_iteration25_hangouts.TestAcceptance" name="test_member_sees_amount_after_accept" time="0.921" /><testcase classname="tests.test_iteration25_hangouts.TestCounter" name="test_counter_full_amount" time="1.229" /><testcase classname="tests.test_iteration25_hangouts.TestPayAndPayouts" name="test_three_consecutive_payouts" time="72.497" /><testcase classname="tests.test_iteration25_hangouts.TestPayAndPayouts" name="test_counter_pay_confirms_full" time="1.224" /><testcase classname="tests.test_iteration25_hangouts.TestWalletAutoDebit" name="test_wallet_covers_price" time="1.025" /><testcase classname="tests.test_iteration25_hangouts.TestNonRefundableFee" name="test_decline_right_after_fee_zero_credit" time="1.050" /><testcase classname="tests.test_iteration25_hangouts.TestNonRefundableFee" name="test_no_show_credits_only_agreed" time="1.457" /><testcase classname="tests.test_iteration25_hangouts.TestNonRefundableFee" name="test_no_cash_refund_on_companion_orders" time="0.003" /><testcase classname="tests.test_iteration25_hangouts.TestSuspendReapprove" name="test_reapprove_restores" time="0.559" /></testsuite></testsuites>