<?xml version="1.0" encoding="utf-8"?><testsuites name="pytest tests"><testsuite name="pytest" errors="0" failures="0" skipped="0" tests="35" time="150.823" timestamp="2026-08-18T17:37:48.781942+00:00" hostname="agent-env-d662383c-22bc-4e4f-8810-0902a1000b08"><testcase classname="tests.test_iteration25_hangouts.TestPremiumGate" name="test_guest_gets_401" time="2.418" /><testcase classname="tests.test_iteration25_hangouts.TestPremiumGate" name="test_non_member_403" time="0.148" /><testcase classname="tests.test_iteration25_hangouts.TestPremiumGate" name="test_partner_403" time="0.107" /><testcase classname="tests.test_iteration25_hangouts.TestPremiumGate" name="test_manager_403" time="0.113" /><testcase classname="tests.test_iteration25_hangouts.TestPremiumGate" name="test_premium_member_gets_list" time="0.142" /><testcase classname="tests.test_iteration25_hangouts.TestPremiumGate" name="test_detail_premium_only" time="0.385" /><testcase classname="tests.test_iteration25_hangouts.TestPremiumGate" name="test_min_plan_gate" time="0.264" /><testcase classname="tests.test_iteration25_hangouts.TestBecomeCompanion" name="test_get_me_companion" time="0.181" /><testcase classname="tests.test_iteration25_hangouts.TestBecomeCompanion" name="test_apply_requires_terms" time="0.130" /><testcase classname="tests.test_iteration25_hangouts.TestBecomeCompanion" name="test_unverified_forbidden" time="0.125" /><testcase classname="tests.test_iteration25_hangouts.TestBecomeCompanion" name="test_partner_forbidden" time="0.131" /><testcase classname="tests.test_iteration25_hangouts.TestBecomeCompanion" name="test_manager_forbidden" time="0.143" /><testcase classname="tests.test_iteration25_hangouts.TestBecomeCompanion" name="test_max_lt_min" time="0.203" /><testcase classname="tests.test_iteration25_hangouts.TestBecomeCompanion" name="test_bad_package" time="0.215" /><testcase classname="tests.test_iteration25_hangouts.TestBecomeCompanion" name="test_approved_stays_approved_on_edit" time="0.122" /><testcase classname="tests.test_iteration25_hangouts.TestAdminApproval" name="test_partner_403" time="0.110" /><testcase classname="tests.test_iteration25_hangouts.TestAdminApproval" name="test_admin_list_all_statuses" time="0.751" /><testcase classname="tests.test_iteration25_hangouts.TestAdminApproval" name="test_unknown_action_400" time="0.114" /><testcase classname="tests.test_iteration25_hangouts.TestAdminApproval" name="test_unknown_member_404" time="0.155" /><testcase classname="tests.test_iteration25_hangouts.TestAdminApproval" name="test_only_approved_show_in_public" time="0.496" /><testcase classname="tests.test_iteration25_hangouts.TestBookingValidation" name="test_terms_required" time="0.133" /><testcase classname="tests.test_iteration25_hangouts.TestBookingValidation" name="test_self_booking" time="0.133" /><testcase classname="tests.test_iteration25_hangouts.TestBookingValidation" name="test_too_soon" time="0.107" /><testcase classname="tests.test_iteration25_hangouts.TestBookingValidation" name="test_hours_out_of_range" time="0.141" /><testcase classname="tests.test_iteration25_hangouts.TestBookingValidation" name="test_bad_package_index" time="0.128" /><testcase classname="tests.test_iteration25_hangouts.TestBookingHappyPath" name="test_full_flow" time="134.965" /><testcase classname="tests.test_iteration25_hangouts.TestCounterOffer" name="test_counter_flow" time="1.610" /><testcase classname="tests.test_iteration25_hangouts.TestCreditPaths" name="test_decline_issues_full_credit" time="1.079" /><testcase classname="tests.test_iteration25_hangouts.TestCreditPaths" name="test_credit_actually_spendable_on_second_booking" time="0.915" /><testcase classname="tests.test_iteration25_hangouts.TestCreditPaths" name="test_reject_counter_issues_credit" time="1.650" /><testcase classname="tests.test_iteration25_hangouts.TestCreditPaths" name="test_no_show_flow" time="1.548" /><testcase classname="tests.test_iteration25_hangouts.TestAdminMoneyView" name="test_admin_bookings_view" time="0.164" /><testcase classname="tests.test_iteration25_hangouts.TestAdminMoneyView" name="test_partner_403" time="0.160" /><testcase classname="tests.test_iteration25_hangouts.TestAdminMoneyView" name="test_goodwill_credit_amount_cap" time="1.519" /><testcase classname="tests.test_iteration25_hangouts.TestNoCashRefund" name="test_no_refund_on_companion_orders" time="0.008" /></testsuite></testsuites>