<?xml version="1.0" encoding="utf-8"?><testsuites name="pytest tests"><testsuite name="pytest" errors="0" failures="0" skipped="0" tests="14" time="7.496" timestamp="2026-08-18T05:01:40.324579+00:00" hostname="agent-env-d662383c-22bc-4e4f-8810-0902a1000b08"><testcase classname="tests.test_iteration21_hosts_recap.TestHostDirectory" name="test_list_hosts_public" time="0.251" /><testcase classname="tests.test_iteration21_hosts_recap.TestHostDirectory" name="test_verified_only_filter" time="0.107" /><testcase classname="tests.test_iteration21_hosts_recap.TestHostDirectory" name="test_search_by_org_name" time="0.110" /><testcase classname="tests.test_iteration21_hosts_recap.TestHostProfile" name="test_profile_public_ok" time="0.584" /><testcase classname="tests.test_iteration21_hosts_recap.TestHostProfile" name="test_profile_not_found" time="0.100" /><testcase classname="tests.test_iteration21_hosts_recap.TestHostProfile" name="test_profile_bad_id" time="0.119" /><testcase classname="tests.test_iteration21_hosts_recap.TestFollow" name="test_follow_requires_auth" time="0.096" /><testcase classname="tests.test_iteration21_hosts_recap.TestFollow" name="test_follow_toggle_and_following_list" time="0.961" /><testcase classname="tests.test_iteration21_hosts_recap.TestFollowerNotifications" name="test_notify_on_approve" time="0.879" /><testcase classname="tests.test_iteration21_hosts_recap.TestRecap" name="test_recap_get_empty" time="0.107" /><testcase classname="tests.test_iteration21_hosts_recap.TestRecap" name="test_recap_post_requires_auth" time="0.098" /><testcase classname="tests.test_iteration21_hosts_recap.TestRecap" name="test_recap_post_400_when_empty" time="0.439" /><testcase classname="tests.test_iteration21_hosts_recap.TestRecap" name="test_recap_generate_cache_and_signature_change" time="3.044" /><testcase classname="tests.test_iteration21_hosts_recap.TestRecap" name="test_hidden_photos_excluded" time="0.519" /></testsuite></testsuites>