<?xml version="1.0" encoding="utf-8"?><testsuites name="pytest tests"><testsuite name="pytest" errors="0" failures="0" skipped="0" tests="32" time="17.111" timestamp="2026-08-18T18:47:18.120766+00:00" hostname="agent-env-d662383c-22bc-4e4f-8810-0902a1000b08"><testcase classname="tests.test_iteration28_geo_verify_autoreload.TestCountryCatalogue" name="test_meta_reflects_db" time="0.312" /><testcase classname="tests.test_iteration28_geo_verify_autoreload.TestCountryCatalogue" name="test_admin_countries_requires_perm" time="0.597" /><testcase classname="tests.test_iteration28_geo_verify_autoreload.TestCountryCatalogue" name="test_admin_can_list_countries" time="0.533" /><testcase classname="tests.test_iteration28_geo_verify_autoreload.TestCountryCatalogue" name="test_create_country_appears_in_meta" time="0.647" /><testcase classname="tests.test_iteration28_geo_verify_autoreload.TestCountryCatalogue" name="test_duplicate_country_code_400" time="0.492" /><testcase classname="tests.test_iteration28_geo_verify_autoreload.TestCountryCatalogue" name="test_bad_code_400" time="0.553" /><testcase classname="tests.test_iteration28_geo_verify_autoreload.TestCountryCatalogue" name="test_update_adds_and_removes_cities" time="0.684" /><testcase classname="tests.test_iteration28_geo_verify_autoreload.TestCountryCatalogue" name="test_delete_blocked_when_events_run" time="0.515" /><testcase classname="tests.test_iteration28_geo_verify_autoreload.TestCountryCatalogue" name="test_delete_empty_country_ok" time="0.484" /><testcase classname="tests.test_iteration28_geo_verify_autoreload.TestCountryCatalogue" name="test_tax_follows_catalogue" time="0.860" /><testcase classname="tests.test_iteration28_geo_verify_autoreload.TestIdVerification" name="test_get_verification_lists_types" time="0.526" /><testcase classname="tests.test_iteration28_geo_verify_autoreload.TestIdVerification" name="test_bad_doc_type_400" time="0.483" /><testcase classname="tests.test_iteration28_geo_verify_autoreload.TestIdVerification" name="test_external_url_400" time="0.481" /><testcase classname="tests.test_iteration28_geo_verify_autoreload.TestIdVerification" name="test_zero_or_five_files_400" time="0.635" /><testcase classname="tests.test_iteration28_geo_verify_autoreload.TestIdVerification" name="test_submit_sets_pending" time="0.461" /><testcase classname="tests.test_iteration28_geo_verify_autoreload.TestIdVerification" name="test_admin_list_filters" time="0.527" /><testcase classname="tests.test_iteration28_geo_verify_autoreload.TestIdVerification" name="test_partner_403" time="0.510" /><testcase classname="tests.test_iteration28_geo_verify_autoreload.TestIdVerification" name="test_unknown_action_400" time="0.496" /><testcase classname="tests.test_iteration28_geo_verify_autoreload.TestIdVerification" name="test_reject_sets_state" time="0.598" /><testcase classname="tests.test_iteration28_geo_verify_autoreload.TestIdVerification" name="test_no_submission_404" time="0.570" /><testcase classname="tests.test_iteration28_geo_verify_autoreload.TestIdVerification" name="test_approve_sets_verified" time="1.075" /><testcase classname="tests.test_iteration28_geo_verify_autoreload.TestAutoReload" name="test_requires_saved_card" time="0.485" /><testcase classname="tests.test_iteration28_geo_verify_autoreload.TestAutoReload" name="test_range_validation" time="0.680" /><testcase classname="tests.test_iteration28_geo_verify_autoreload.TestAutoReload" name="test_persist_disabled_without_card" time="0.643" /><testcase classname="tests.test_iteration28_geo_verify_autoreload.TestAutoReload" name="test_enabled_persists_with_card" time="0.806" /><testcase classname="tests.test_iteration28_geo_verify_autoreload.TestAutoReload" name="test_run_auto_reload_credits_ledger" time="0.001" /><testcase classname="tests.test_iteration28_geo_verify_autoreload.TestRatingNudgeCron" name="test_requires_bearer" time="0.134" /><testcase classname="tests.test_iteration28_geo_verify_autoreload.TestRatingNudgeCron" name="test_accepts_bearer" time="0.162" /><testcase classname="tests.test_iteration28_geo_verify_autoreload.TestCompanionSort" name="test_sort_rating" time="0.506" /><testcase classname="tests.test_iteration28_geo_verify_autoreload.TestCompanionSort" name="test_sort_experience" time="0.555" /><testcase classname="tests.test_iteration28_geo_verify_autoreload.TestCompanionSort" name="test_sort_rate_asc" time="0.465" /><testcase classname="tests.test_iteration28_geo_verify_autoreload.TestCompanionSort" name="test_sort_rate_desc" time="0.537" /></testsuite></testsuites>