<?xml version="1.0" encoding="utf-8"?><testsuites name="pytest tests"><testsuite name="pytest" errors="0" failures="0" skipped="0" tests="30" time="11.294" timestamp="2026-08-18T03:58:49.218182+00:00" hostname="agent-env-d662383c-22bc-4e4f-8810-0902a1000b08"><testcase classname="tests.test_iteration17_console.TestConsoleRegistration" name="test_register_creates_pending_manager" time="0.487" /><testcase classname="tests.test_iteration17_console.TestConsoleRegistration" name="test_duplicate_email_400" time="0.205" /><testcase classname="tests.test_iteration17_console.TestConsoleRegistration" name="test_short_password_400" time="0.100" /><testcase classname="tests.test_iteration17_console.TestApprovalGate" name="test_pending_can_read_summary_approved_false" time="0.104" /><testcase classname="tests.test_iteration17_console.TestApprovalGate" name="test_pending_can_read_vendors" time="0.101" /><testcase classname="tests.test_iteration17_console.TestApprovalGate" name="test_pending_cannot_create_vendor_403" time="0.124" /><testcase classname="tests.test_iteration17_console.TestApprovalGate" name="test_pending_cannot_patch_vendor_403" time="0.133" /><testcase classname="tests.test_iteration17_console.TestApprovalGate" name="test_pending_cannot_resend_invite_403" time="0.105" /><testcase classname="tests.test_iteration17_console.TestAdminApproval" name="test_admin_lists_managers" time="0.433" /><testcase classname="tests.test_iteration17_console.TestAdminApproval" name="test_non_admin_cannot_list_managers_403" time="0.837" /><testcase classname="tests.test_iteration17_console.TestAdminApproval" name="test_non_admin_cannot_patch_manager_403" time="0.102" /><testcase classname="tests.test_iteration17_console.TestAdminApproval" name="test_approve_flips_to_active_and_allows_writes" time="0.301" /><testcase classname="tests.test_iteration17_console.TestVendorCreation" name="test_vendor_created_with_managed_by" time="0.500" /><testcase classname="tests.test_iteration17_console.TestVendorCreation" name="test_password_reset_token_created" time="0.001" /><testcase classname="tests.test_iteration17_console.TestVendorCreation" name="test_duplicate_email_400" time="0.106" /><testcase classname="tests.test_iteration17_console.TestVendorCreation" name="test_missing_city_400" time="0.097" /><testcase classname="tests.test_iteration17_console.TestVendorCreation" name="test_missing_org_400" time="0.121" /><testcase classname="tests.test_iteration17_console.TestVendorTakeover" name="test_reset_password_then_login_then_create_event" time="1.722" /><testcase classname="tests.test_iteration17_console.TestVendorManagement" name="test_get_detail_has_stats_and_recent" time="0.572" /><testcase classname="tests.test_iteration17_console.TestVendorManagement" name="test_patch_edits_persist" time="0.128" /><testcase classname="tests.test_iteration17_console.TestVendorManagement" name="test_toggle_status_suspend_and_reactivate" time="0.206" /><testcase classname="tests.test_iteration17_console.TestVendorManagement" name="test_toggle_verified" time="0.136" /><testcase classname="tests.test_iteration17_console.TestVendorManagement" name="test_resend_invite" time="0.203" /><testcase classname="tests.test_iteration17_console.TestVendorManagement" name="test_search_filters" time="0.373" /><testcase classname="tests.test_iteration17_console.TestSuspendManager" name="test_suspend_manager_blocks_writes" time="1.008" /><testcase classname="tests.test_iteration17_console.TestIsolation" name="test_member_403_all_console" time="0.392" /><testcase classname="tests.test_iteration17_console.TestIsolation" name="test_second_manager_cannot_see_others_vendor" time="1.820" /><testcase classname="tests.test_iteration17_console.TestIsolation" name="test_admin_sees_all_vendors_including_legacy" time="0.131" /><testcase classname="tests.test_iteration17_console.TestMemberRegression" name="test_member_endpoints_still_work" time="0.450" /><testcase classname="tests.test_iteration17_console.TestMemberRegression" name="test_admin_other_tabs_still_work" time="0.229" /></testsuite></testsuites>