<?xml version="1.0" encoding="utf-8"?><testsuites name="pytest tests"><testsuite name="pytest" errors="0" failures="2" skipped="0" tests="17" time="6.877" timestamp="2026-08-19T21:34:26.840897+00:00" hostname="agent-env-d662383c-22bc-4e4f-8810-0902a1000b08"><testcase classname="tests.test_iteration34_fixes.TestPricingQuoteScoping" name="test_anonymous_gets_401" time="0.293" /><testcase classname="tests.test_iteration34_fixes.TestPricingQuoteScoping" name="test_unrelated_member_gets_403" time="0.476" /><testcase classname="tests.test_iteration34_fixes.TestPricingQuoteScoping" name="test_owning_vendor_gets_quote" time="0.509" /><testcase classname="tests.test_iteration34_fixes.TestPricingQuoteScoping" name="test_admin_gets_quote" time="0.588" /><testcase classname="tests.test_iteration34_fixes.TestPricingQuoteScoping" name="test_bad_vendor_id_404" time="0.544" /><testcase classname="tests.test_iteration34_fixes.TestAdminPageBySlug" name="test_update_by_slug_archives_version" time="0.906" /><testcase classname="tests.test_iteration34_fixes.TestAdminPageBySlug" name="test_versions_endpoint_requires_staff" time="0.505" /><testcase classname="tests.test_iteration34_fixes.TestSignupConsents" name="test_all_four_consents_recorded" time="0.366"><failure message="AssertionError: register failed: 500 Internal Server Error&#10;assert 500 == 200&#10; +  where 500 = &lt;Response [500]&gt;.status_code">E   AssertionError: register failed: 500 Internal Server Error
    assert 500 == 200
     +  where 500 = &lt;Response [500]&gt;.status_code</failure></testcase><testcase classname="tests.test_iteration34_fixes.TestSignupConsents" name="test_missing_consent_rejected[is_adult]" time="0.175" /><testcase classname="tests.test_iteration34_fixes.TestSignupConsents" name="test_missing_consent_rejected[accept_terms]" time="0.127" /><testcase classname="tests.test_iteration34_fixes.TestSignupConsents" name="test_missing_consent_rejected[accept_privacy]" time="0.156" /><testcase classname="tests.test_iteration34_fixes.TestSignupConsents" name="test_missing_consent_rejected[accept_guidelines]" time="0.129" /><testcase classname="tests.test_iteration34_fixes.TestFloorGuard" name="test_floor_above_net_rate_rejected" time="0.708"><failure message="AssertionError: floor&gt;net accepted: 200 {&quot;schedule&quot;:{&quot;service_id&quot;:&quot;&quot;,&quot;service_name&quot;:&quot;&quot;,&quot;currency&quot;:&quot;INR&quot;,&quot;vendor_net_rate&quot;:1000.0,&quot;pricing_floor&quot;:1500.0,&quot;commission_type&quot;:&quot;percentage&quot;,&quot;commission_value&quot;:20.0,&quot;commission_fixed&quot;:0,&quot;platform_fee_percent&quot;:10.0,&quot;platform_fee_fixed&quot;:0,&quot;tax_percent&quot;:18.0,&quot;dynamic_pricing_enabled&quot;:false,&quot;promotion&#10;assert 200 == 400&#10; +  where 200 = &lt;Response [200]&gt;.status_code">E   AssertionError: floor&gt;net accepted: 200 {"schedule":{"service_id":"","service_name":"","currency":"INR","vendor_net_rate":1000.0,"pricing_floor":1500.0,"commission_type":"percentage","commission_value":20.0,"commission_fixed":0,"platform_fee_percent":10.0,"platform_fee_fixed":0,"tax_percent":18.0,"dynamic_pricing_enabled":false,"promotion
    assert 200 == 400
     +  where 200 = &lt;Response [200]&gt;.status_code</failure></testcase><testcase classname="tests.test_iteration34_fixes.TestFloorGuard" name="test_member_cannot_amend" time="0.483" /><testcase classname="tests.test_iteration34_fixes.TestLightRegression" name="test_ledger_and_invoice_pdf" time="0.597" /><testcase classname="tests.test_iteration34_fixes.TestLightRegression" name="test_membership_plans_dynamic_features" time="0.114" /><testcase classname="tests.test_iteration34_fixes.TestLightRegression" name="test_rich_text_page_html" time="0.130" /></testsuite></testsuites>