<?xml version="1.0" encoding="utf-8"?><testsuites name="pytest tests"><testsuite name="pytest" errors="0" failures="2" skipped="0" tests="22" time="18.711" timestamp="2026-08-18T17:59:47.890607+00:00" hostname="agent-env-d662383c-22bc-4e4f-8810-0902a1000b08"><testcase classname="tests.test_iteration25_hangouts.TestPremiumGate" name="test_guest_401" time="2.615" /><testcase classname="tests.test_iteration25_hangouts.TestPremiumGate" name="test_non_member_403" time="0.158" /><testcase classname="tests.test_iteration25_hangouts.TestPremiumGate" name="test_partner_403" time="0.151" /><testcase classname="tests.test_iteration25_hangouts.TestPremiumGate" name="test_manager_403" time="0.161" /><testcase classname="tests.test_iteration25_hangouts.TestPremiumGate" name="test_min_plan_enforced" time="0.208" /><testcase classname="tests.test_iteration25_hangouts.TestHiddenRates" name="test_list_hides_rate_and_package_prices" time="0.341" /><testcase classname="tests.test_iteration25_hangouts.TestHiddenRates" name="test_detail_hides_rate" time="0.168" /><testcase classname="tests.test_iteration25_hangouts.TestRequestFee" name="test_create_booking_pending_fee" time="0.134" /><testcase classname="tests.test_iteration25_hangouts.TestRequestFee" name="test_pay_fee_moves_to_awaiting_acceptance" time="0.511" /><testcase classname="tests.test_iteration25_hangouts.TestRequestFee" name="test_admin_can_change_fee_non_admin_cannot" time="0.563" /><testcase classname="tests.test_iteration25_hangouts.TestAcceptance" name="test_member_cannot_accept" time="0.667" /><testcase classname="tests.test_iteration25_hangouts.TestAcceptance" name="test_accept_no_body_uses_listed" time="0.689" /><testcase classname="tests.test_iteration25_hangouts.TestAcceptance" name="test_accept_amount_and_cap" time="0.813" /><testcase classname="tests.test_iteration25_hangouts.TestAcceptance" name="test_member_sees_amount_after_accept" time="0.891" /><testcase classname="tests.test_iteration25_hangouts.TestCounter" name="test_counter_full_amount" time="1.066" /><testcase classname="tests.test_iteration25_hangouts.TestPayAndPayouts" name="test_three_consecutive_payouts" time="3.922" /><testcase classname="tests.test_iteration25_hangouts.TestPayAndPayouts" name="test_counter_pay_confirms_full" time="1.234" /><testcase classname="tests.test_iteration25_hangouts.TestWalletAutoDebit" name="test_wallet_covers_price" time="1.365" /><testcase classname="tests.test_iteration25_hangouts.TestNonRefundableFee" name="test_decline_right_after_fee_zero_credit" time="0.864"><failure message="assert 18.0 == 0">backend/tests/test_iteration25_hangouts.py:460: in test_decline_right_after_fee_zero_credit
    assert r_dec.json()["credit_issued"] == 0
E   assert 18.0 == 0</failure></testcase><testcase classname="tests.test_iteration25_hangouts.TestNonRefundableFee" name="test_no_show_credits_only_agreed" time="1.437"><failure message="assert 3558.0 == 3000">backend/tests/test_iteration25_hangouts.py:488: in test_no_show_credits_only_agreed
    assert r_ns.json()["credit_issued"] == 3000
E   assert 3558.0 == 3000</failure></testcase><testcase classname="tests.test_iteration25_hangouts.TestNonRefundableFee" name="test_no_cash_refund_on_companion_orders" time="0.002" /><testcase classname="tests.test_iteration25_hangouts.TestSuspendReapprove" name="test_reapprove_restores" time="0.620" /></testsuite></testsuites>