<?xml version="1.0" encoding="utf-8"?><testsuites name="pytest tests"><testsuite name="pytest" errors="0" failures="0" skipped="0" tests="10" time="10.466" timestamp="2026-08-17T04:36:20.130194+00:00" hostname="agent-env-d662383c-22bc-4e4f-8810-0902a1000b08"><testcase classname="tests.test_iteration14_ai_picks" name="test_picks_requires_auth" time="0.318" /><testcase classname="tests.test_iteration14_ai_picks" name="test_diya_picks_shape_and_geo" time="2.382" /><testcase classname="tests.test_iteration14_ai_picks" name="test_tara_picks_shape_and_geo" time="0.463" /><testcase classname="tests.test_iteration14_ai_picks" name="test_picks_exclude_joined_events" time="0.280" /><testcase classname="tests.test_iteration14_ai_picks" name="test_diya_and_tara_get_different_picks" time="0.248" /><testcase classname="tests.test_iteration14_ai_picks" name="test_cache_hit_returns_same_generated_at" time="1.223" /><testcase classname="tests.test_iteration14_ai_picks" name="test_refresh_regenerates" time="4.136" /><testcase classname="tests.test_iteration14_ai_picks" name="test_hydration_drops_unpublished_events" time="0.298" /><testcase classname="tests.test_iteration14_ai_picks" name="test_picked_events_are_upcoming_published" time="0.116" /><testcase classname="tests.test_iteration14_ai_picks" name="test_ai_picks_index" time="0.005" /></testsuite></testsuites>