<?xml version="1.0" encoding="utf-8"?><testsuites name="pytest tests"><testsuite name="pytest" errors="0" failures="1" skipped="1" tests="64" time="11.882" timestamp="2026-08-19T21:13:50.660223+00:00" hostname="agent-env-d662383c-22bc-4e4f-8810-0902a1000b08"><testcase classname="tests.test_iteration33_vendor_agreements_policies.TestPolicyPages" name="test_page_published_with_seo[about]" time="0.414" /><testcase classname="tests.test_iteration33_vendor_agreements_policies.TestPricingEngine" name="test_percentage_commission" time="0.544" /><testcase classname="tests.test_iteration33_vendor_agreements_policies.TestPolicyPages" name="test_page_published_with_seo[how-it-works]" time="0.131" /><testcase classname="tests.test_iteration33_vendor_agreements_policies.TestPricingEngine" name="test_fixed_commission" time="0.067" /><testcase classname="tests.test_iteration33_vendor_agreements_policies.TestPolicyPages" name="test_page_published_with_seo[faq]" time="0.143" /><testcase classname="tests.test_iteration33_vendor_agreements_policies.TestPricingEngine" name="test_hybrid_commission" time="0.072" /><testcase classname="tests.test_iteration33_vendor_agreements_policies.TestPricingEngine" name="test_settlement_never_below_floor" time="0.101" /><testcase classname="tests.test_iteration33_vendor_agreements_policies.TestPolicyPages" name="test_page_published_with_seo[guidelines]" time="0.244" /><testcase classname="tests.test_iteration33_vendor_agreements_policies.TestPricingEngine" name="test_dynamic_adjustment_ignored_when_disabled" time="0.142" /><testcase classname="tests.test_iteration33_vendor_agreements_policies.TestPolicyPages" name="test_page_published_with_seo[safety]" time="0.356" /><testcase classname="tests.test_iteration33_vendor_agreements_policies.TestPolicyPages" name="test_page_published_with_seo[report]" time="0.146" /><testcase classname="tests.test_iteration33_vendor_agreements_policies.TestPricingEngine" name="test_quote_for_active_vendor" time="0.655" /><testcase classname="tests.test_iteration33_vendor_agreements_policies.TestPolicyPages" name="test_page_published_with_seo[privacy]" time="0.175" /><testcase classname="tests.test_iteration33_vendor_agreements_policies.TestPricingEngine" name="test_quote_unknown_vendor_404" time="0.075" /><testcase classname="tests.test_iteration33_vendor_agreements_policies.TestPolicyPages" name="test_page_published_with_seo[terms]" time="0.130" /><testcase classname="tests.test_iteration33_vendor_agreements_policies.TestPricingEngine" name="test_quote_requires_auth" time="0.136"><failure message="AssertionError: unauthenticated quote returned 404&#10;assert 404 in (401, 403)&#10; +  where 404 = &lt;Response [404]&gt;.status_code">E   AssertionError: unauthenticated quote returned 404
    assert 404 in (401, 403)
     +  where 404 = &lt;Response [404]&gt;.status_code</failure></testcase><testcase classname="tests.test_iteration33_vendor_agreements_policies.TestPolicyPages" name="test_page_published_with_seo[refund]" time="0.239" /><testcase classname="tests.test_iteration33_vendor_agreements_policies.TestRbac" name="test_partner_blocked_on_admin[/admin/vendor-agreements]" time="0.133" /><testcase classname="tests.test_iteration33_vendor_agreements_policies.TestRbac" name="test_partner_blocked_on_admin[/admin/vendor-profiles]" time="0.085" /><testcase classname="tests.test_iteration33_vendor_agreements_policies.TestPolicyPages" name="test_page_published_with_seo[cookies]" time="0.162" /><testcase classname="tests.test_iteration33_vendor_agreements_policies.TestPolicyPages" name="test_page_published_with_seo[vendor-terms]" time="0.281" /><testcase classname="tests.test_iteration33_vendor_agreements_policies.TestPolicyPages" name="test_page_published_with_seo[contact]" time="0.181" /><testcase classname="tests.test_iteration33_vendor_agreements_policies.TestRbac" name="test_member_blocked_on_admin" time="0.564" /><testcase classname="tests.test_iteration33_vendor_agreements_policies.TestRbac" name="test_partner_cannot_amend" time="0.158" /><testcase classname="tests.test_iteration33_vendor_agreements_policies.TestPolicyPages" name="test_page_published_with_seo[grievance]" time="0.178" /><testcase classname="tests.test_iteration33_vendor_agreements_policies.TestRbac" name="test_member_vendor_endpoints" time="0.343" /><testcase classname="tests.test_iteration33_vendor_agreements_policies.TestPolicyPages" name="test_page_published_with_seo[cities]" time="0.155" /><testcase classname="tests.test_iteration33_vendor_agreements_policies.TestPolicyPages" name="test_page_published_with_seo[insights]" time="0.147" /><testcase classname="tests.test_iteration33_vendor_agreements_policies.TestRbac" name="test_member_cannot_read_other_vendor_settlements" time="0.076" /><testcase classname="tests.test_iteration33_vendor_agreements_policies.TestPolicyPages" name="test_page_published_with_seo[trust]" time="0.143" /><testcase classname="tests.test_iteration33_vendor_agreements_policies.TestRegisterConsent" name="test_missing_consent_rejected[is_adult]" time="0.183" /><testcase classname="tests.test_iteration33_vendor_agreements_policies.TestPolicyPages" name="test_faq_has_expandable_items" time="0.169" /><testcase classname="tests.test_iteration33_vendor_agreements_policies.TestRegisterConsent" name="test_missing_consent_rejected[accept_terms]" time="0.138" /><testcase classname="tests.test_iteration33_vendor_agreements_policies.TestPolicyPages" name="test_no_escaped_html_in_text_blocks" time="2.771" /><testcase classname="tests.test_iteration33_vendor_agreements_policies.TestRegisterConsent" name="test_missing_consent_rejected[accept_privacy]" time="0.138" /><testcase classname="tests.test_iteration33_vendor_agreements_policies.TestRegisterConsent" name="test_missing_consent_rejected[accept_guidelines]" time="0.142" /><testcase classname="tests.test_iteration33_vendor_agreements_policies.TestRegisterConsent" name="test_full_consent_registers" time="0.591" /><testcase classname="tests.test_iteration33_vendor_agreements_policies.TestAgreementAcceptance" name="test_vendor_agreement_payload" time="0.090" /><testcase classname="tests.test_iteration33_vendor_agreements_policies.TestAgreementAcceptance" name="test_accept_missing_confirmations_400" time="0.083" /><testcase classname="tests.test_iteration33_vendor_agreements_policies.TestAgreementAcceptance" name="test_history_and_acceptance_record" time="0.097" /><testcase classname="tests.test_iteration33_vendor_agreements_policies.TestAgreementAcceptance" name="test_schedule_versions_preserved" time="0.091" /><testcase classname="tests.test_iteration33_vendor_agreements_policies.TestExecutedPdf" name="test_vendor_can_download" time="0.181" /><testcase classname="tests.test_iteration33_vendor_agreements_policies.TestExecutedPdf" name="test_admin_can_download" time="0.074" /><testcase classname="tests.test_iteration33_vendor_agreements_policies.TestExecutedPdf" name="test_other_member_403" time="0.069" /><testcase classname="tests.test_iteration33_vendor_agreements_policies.TestExecutedPdf" name="test_anonymous_401" time="0.188" /><testcase classname="tests.test_iteration33_vendor_lifecycle" name="test_approve_then_publish_schedule_and_agreement" time="0.778" /><testcase classname="tests.test_iteration33_vendor_lifecycle" name="test_amend_creates_v2_with_change_list" time="0.423" /><testcase classname="tests.test_iteration33_vendor_agreements_policies.TestPolicyPages" name="test_cross_links_present" time="0.455" /><testcase classname="tests.test_iteration33_vendor_lifecycle" name="test_suspend_then_terminate_keeps_history" time="0.709" /><testcase classname="tests.test_iteration33_vendor_agreements_policies.TestVendorOnboarding" name="test_meta" time="0.576" /><testcase classname="tests.test_iteration33_vendor_lifecycle" name="test_terminate_unknown_agreement_404" time="0.114" /><testcase classname="tests.test_iteration33_vendor_agreements_policies.TestVendorOnboarding" name="test_profile_shape" time="0.569" /><testcase classname="tests.test_iteration33_vendor_agreements_policies.TestVendorOnboarding" name="test_submit_requires_mandatory_fields" time="0.626" /><testcase classname="tests.test_iteration33_vendor_agreements_policies.TestAdminDashboardAudit" name="test_agreements_list" time="0.660" /><testcase classname="tests.test_iteration33_vendor_agreements_policies.TestAdminDashboardAudit" name="test_agreement_detail_and_audit" time="0.741" /><testcase classname="tests.test_iteration33_vendor_agreements_policies.TestVendorOnboarding" name="test_pricing_floor_above_net_rejected" time="0.091" /><testcase classname="tests.test_iteration33_vendor_agreements_policies.TestPolicyReacceptance" name="test_material_change_flow" time="1.148" /><testcase classname="tests.test_iteration33_vendor_agreements_policies.TestAdminDashboardAudit" name="test_detail_404" time="0.071" /><testcase classname="tests.test_iteration33_vendor_agreements_policies.TestRegression" name="test_ledger" time="0.704" /><testcase classname="tests.test_iteration33_vendor_agreements_policies.TestRegression" name="test_plans_dynamic" time="0.125" /><testcase classname="tests.test_iteration33_amendment_accept" name="test_amendment_acceptance_with_fresh_otp" time="0.615"><skipped type="pytest.skip" message="nothing pending: agreement already active at v1.1">/app/backend/tests/test_iteration33_amendment_accept.py:44: nothing pending: agreement already active at v1.1</skipped></testcase><testcase classname="tests.test_iteration33_vendor_agreements_policies.TestPolicyReacceptance" name="test_accept_empty_rejected" time="0.673" /><testcase classname="tests.test_iteration33_amendment_accept" name="test_post_amendment_state" time="0.794" /><testcase classname="tests.test_iteration33_vendor_agreements_policies.TestPolicyReacceptance" name="test_pending_requires_auth" time="0.242" /></testsuite></testsuites>