<?xml version="1.0" encoding="utf-8"?><testsuites name="pytest tests"><testsuite name="pytest" errors="0" failures="0" skipped="0" tests="11" time="6.672" timestamp="2026-08-17T04:45:28.294925+00:00" hostname="agent-env-d662383c-22bc-4e4f-8810-0902a1000b08"><testcase classname="tests.test_iteration15_ai_companions" name="test_401_no_token" time="0.256" /><testcase classname="tests.test_iteration15_ai_companions" name="test_400_invalid_event_id" time="0.501" /><testcase classname="tests.test_iteration15_ai_companions" name="test_unknown_event_returns_enabled_empty" time="0.119" /><testcase classname="tests.test_iteration15_ai_companions" name="test_ai_companions_payload_shape_and_safety" time="0.146" /><testcase classname="tests.test_iteration15_ai_companions" name="test_no_self_or_organiser_in_suggestions" time="0.129" /><testcase classname="tests.test_iteration15_ai_companions" name="test_cache_stable_between_calls" time="0.229" /><testcase classname="tests.test_iteration15_ai_companions" name="test_refresh_throttled_within_a_minute" time="2.530" /><testcase classname="tests.test_iteration15_ai_companions" name="test_unique_index_and_per_member_isolation" time="0.602" /><testcase classname="tests.test_iteration15_ai_companions" name="test_blocked_member_dropped_even_with_cache" time="0.251" /><testcase classname="tests.test_iteration15_ai_companions" name="test_private_member_dropped_even_with_cache" time="0.251" /><testcase classname="tests.test_iteration15_ai_companions" name="test_message_button_creates_conversation_and_no_duplicate" time="0.621" /></testsuite></testsuites>