<?xml version="1.0" encoding="utf-8"?><testsuites name="pytest tests"><testsuite name="pytest" errors="0" failures="1" skipped="0" tests="46" time="13.861" timestamp="2026-08-20T05:18:25.390746+00:00" hostname="agent-env-d662383c-22bc-4e4f-8810-0902a1000b08"><testcase classname="tests.test_iteration35_sitemap_policies.TestContentDepth" name="test_page_has_real_content[trust]" time="0.162" /><testcase classname="tests.test_iteration35_sitemap_policies.TestContentDepth" name="test_page_has_real_content[cities]" time="0.271" /><testcase classname="tests.test_iteration35_sitemap_policies.TestContentDepth" name="test_page_has_real_content[insights]" time="0.126" /><testcase classname="tests.test_iteration36_bank_docs_city.TestBankChangeAndPayoutHold" name="test_non_bank_edit_does_not_trigger_hold" time="0.704" /><testcase classname="tests.test_iteration35_sitemap_policies.TestContentDepth" name="test_page_has_real_content[cookies]" time="0.112" /><testcase classname="tests.test_iteration35_sitemap_policies.TestContentDepth" name="test_page_has_real_content[grievance]" time="0.106" /><testcase classname="tests.test_iteration36_bank_docs_city.TestBankChangeAndPayoutHold" name="test_bank_edit_triggers_reverification" time="0.146" /><testcase classname="tests.test_iteration35_sitemap_policies.TestContentDepth" name="test_footer_links_resolve" time="2.048" /><testcase classname="tests.test_iteration36_bank_docs_city.TestBankChangeAndPayoutHold" name="test_vendor_profile_exposes_hold" time="0.060" /><testcase classname="tests.test_iteration36_bank_docs_city.TestBankChangeAndPayoutHold" name="test_payout_blocked_while_on_hold" time="0.444" /><testcase classname="tests.test_iteration36_bank_docs_city.TestBankChangeAndPayoutHold" name="test_bank_verify_requires_fresh_proof" time="0.106" /><testcase classname="tests.test_iteration36_bank_docs_city.TestBankChangeAndPayoutHold" name="test_approve_proof_then_verify_clears_hold_and_pays" time="0.114"><failure message="AssertionError: {&quot;detail&quot;:&quot;Approve a fresh cancelled cheque or bank statement first.&quot;}&#10;assert 400 == 200&#10; +  where 400 = &lt;Response [400]&gt;.status_code">tests/test_iteration36_bank_docs_city.py:175: in test_approve_proof_then_verify_clears_hold_and_pays
    assert r.status_code == 200, r.text[:300]
E   AssertionError: {"detail":"Approve a fresh cancelled cheque or bank statement first."}
E   assert 400 == 200
E    +  where 400 = &lt;Response [400]&gt;.status_code</failure></testcase><testcase classname="tests.test_iteration36_bank_docs_city.TestBankChangeAndPayoutHold" name="test_bank_verify_rejected_reinstates_hold" time="0.165" /><testcase classname="tests.test_iteration36_bank_docs_city.TestBankChangeAndPayoutHold" name="test_bank_verify_requires_permission" time="0.505" /><testcase classname="tests.test_iteration36_bank_docs_city.TestDocumentExpiryCron" name="test_cron_requires_auth" time="0.231" /><testcase classname="tests.test_iteration36_bank_docs_city.TestDocumentExpiryCron" name="test_cron_expires_and_reminds" time="8.128" /><testcase classname="tests.test_iteration35_nav_banking.TestAdminNav" name="test_get_default" time="0.513" /><testcase classname="tests.test_iteration35_nav_banking.TestAdminNav" name="test_put_and_persist" time="0.408" /><testcase classname="tests.test_iteration35_nav_banking.TestAdminNav" name="test_cap_and_sanitise" time="0.285" /><testcase classname="tests.test_iteration35_nav_banking.TestAdminNav" name="test_requires_auth" time="0.111" /><testcase classname="tests.test_iteration35_nav_banking.TestAdminNav" name="test_per_account_isolation" time="0.600" /><testcase classname="tests.test_iteration36_bank_docs_city.TestExpiringDocumentsApi" name="test_requires_auth" time="0.137" /><testcase classname="tests.test_iteration36_bank_docs_city.TestExpiringDocumentsApi" name="test_member_forbidden" time="0.482" /><testcase classname="tests.test_iteration36_bank_docs_city.TestExpiringDocumentsApi" name="test_lists_upcoming_with_vendor" time="0.436" /><testcase classname="tests.test_iteration36_bank_docs_city.TestExpiringDocumentsApi" name="test_narrow_window_excludes" time="0.057" /><testcase classname="tests.test_iteration35_nav_banking.TestVendorBanking" name="test_meta_bank_fields" time="0.473" /><testcase classname="tests.test_iteration35_nav_banking.TestVendorBanking" name="test_profile_saves_all_bank_fields" time="0.576" /><testcase classname="tests.test_iteration35_nav_banking.TestVendorBanking" name="test_invalid_account_type_rejected" time="0.126" /><testcase classname="tests.test_iteration35_nav_banking.TestBankProofGating" name="test_approve_blocked_without_bank_proof" time="0.125" /><testcase classname="tests.test_iteration35_nav_banking.TestBankProofGating" name="test_approve_unblocked_with_cancelled_cheque" time="0.127" /><testcase classname="tests.test_iteration35_nav_banking.TestBankProofGating" name="test_bank_statement_also_satisfies" time="0.062" /><testcase classname="tests.test_iteration35_sitemap_policies.TestSitemap" name="test_valid_xml_and_core_urls" time="0.100" /><testcase classname="tests.test_iteration35_sitemap_policies.TestSitemap" name="test_every_published_page_present" time="0.122" /><testcase classname="tests.test_iteration35_sitemap_policies.TestSitemap" name="test_robots_declares_dynamic_sitemap" time="0.001" /><testcase classname="tests.test_iteration35_sitemap_policies.TestSeedPolicies" name="test_requires_auth" time="0.097" /><testcase classname="tests.test_iteration35_sitemap_policies.TestSeedPolicies" name="test_member_forbidden" time="0.491" /><testcase classname="tests.test_iteration35_sitemap_policies.TestSeedPolicies" name="test_missing_mode_is_non_destructive" time="0.826" /><testcase classname="tests.test_iteration36_bank_docs_city.TestCityLanding" name="test_mumbai_hosts_and_passes" time="0.109" /><testcase classname="tests.test_iteration36_bank_docs_city.TestCityLanding" name="test_city_without_hosts" time="0.106" /><testcase classname="tests.test_iteration36_bank_docs_city.TestCityLanding" name="test_unknown_city_404" time="0.107" /><testcase classname="tests.test_iteration35_nav_banking.TestAgreementBanking" name="test_detail_has_banking_rows" time="0.483" /><testcase classname="tests.test_iteration35_nav_banking.TestAgreementBanking" name="test_pdf_download" time="0.051" /><testcase classname="tests.test_iteration36_bank_docs_city.TestAdminPages" name="test_missing_policy_pages_present_and_empty" time="0.436" /><testcase classname="tests.test_iteration36_bank_docs_city.TestDocumentExpiryCron" name="test_daily_maintenance_queues_both" time="0.250" /><testcase classname="tests.test_iteration36_bank_docs_city.TestAdminPages" name="test_requires_permission" time="0.514" /><testcase classname="tests.test_iteration36_bank_docs_city.TestDocumentExpiryCron" name="test_email_template_registered" time="1.837" /></testsuite></testsuites>