<?xml version="1.0" encoding="utf-8"?><testsuites name="pytest tests"><testsuite name="pytest" errors="0" failures="0" skipped="0" tests="13" time="9.511" timestamp="2026-08-18T04:38:35.641769+00:00" hostname="agent-env-d662383c-22bc-4e4f-8810-0902a1000b08"><testcase classname="tests.test_iteration19_verify_photos" name="test_admin_list_pending_shows_skyline" time="0.593" /><testcase classname="tests.test_iteration19_verify_photos" name="test_admin_approve_reject_reset_skyline" time="0.631" /><testcase classname="tests.test_iteration19_verify_photos" name="test_approve_zero_documents_returns_400" time="0.123" /><testcase classname="tests.test_iteration19_verify_photos" name="test_non_admin_forbidden" time="1.601" /><testcase classname="tests.test_iteration19_verify_photos" name="test_invalid_action_returns_400" time="0.106" /><testcase classname="tests.test_iteration19_verify_photos" name="test_public_event_returns_partner_verified" time="0.134" /><testcase classname="tests.test_iteration19_verify_photos" name="test_cron_payout_reminders_auth" time="0.327" /><testcase classname="tests.test_iteration19_verify_photos" name="test_cron_payout_reminders_idempotency_and_happy_path" time="2.775" /><testcase classname="tests.test_iteration19_verify_photos" name="test_photos_guest_reason" time="0.186" /><testcase classname="tests.test_iteration19_verify_photos" name="test_photo_post_and_authorization" time="2.061" /><testcase classname="tests.test_iteration19_verify_photos" name="test_photo_wall_future_event_400" time="0.365" /><testcase classname="tests.test_iteration19_verify_photos" name="test_photo_wall_max_10" time="0.543" /><testcase classname="tests.test_iteration19_verify_photos" name="test_cleanup_tara_photos_on_finished_event" time="0.005" /></testsuite></testsuites>