<?xml version="1.0" encoding="utf-8"?><testsuites name="pytest tests"><testsuite name="pytest" errors="0" failures="1" skipped="0" tests="28" time="9.814" timestamp="2026-08-21T22:02:49.754370+00:00" hostname="agent-env-d662383c-22bc-4e4f-8810-0902a1000b08"><testcase classname="tests.test_iteration44_usd_door.TestBaseCurrency" name="test_meta_base_currency_usd" time="3.009" /><testcase classname="tests.test_iteration44_usd_door.TestBaseCurrency" name="test_membership_plans_usd_sized" time="0.132" /><testcase classname="tests.test_iteration44_usd_door.TestBaseCurrency" name="test_events_usd_sized" time="0.139" /><testcase classname="tests.test_iteration44_usd_door.TestBaseCurrency" name="test_products_usd_sized" time="0.147" /><testcase classname="tests.test_iteration44_usd_door.TestBaseCurrency" name="test_coupons_usd_sized" time="0.540" /><testcase classname="tests.test_iteration44_usd_door.TestCheckoutMaths" name="test_event_checkout_usd" time="0.694" /><testcase classname="tests.test_iteration44_usd_door.TestCheckoutMaths" name="test_product_checkout_usd" time="0.186" /><testcase classname="tests.test_iteration44_usd_door.TestCheckoutMaths" name="test_membership_checkout_usd" time="0.215" /><testcase classname="tests.test_iteration44_usd_door.TestCheckoutMaths" name="test_paypal_order_amount_matches_usd_charge_total" time="0.858" /><testcase classname="tests.test_iteration44_usd_door.TestCheckoutMaths" name="test_display_currency_switch_does_not_misscale_paypal" time="0.798"><failure message="AssertionError: PayPal amount 7.08 for INR-display order != USD total 6.96 (tax 18.0% vs 16.0%)&#10;assert 0.1200000000000001 &lt; 0.05&#10; +  where 0.1200000000000001 = abs((7.08 - 6.96))">E   AssertionError: PayPal amount 7.08 for INR-display order != USD total 6.96 (tax 18.0% vs 16.0%)
    assert 0.1200000000000001 &lt; 0.05
     +  where 0.1200000000000001 = abs((7.08 - 6.96))</failure></testcase><testcase classname="tests.test_iteration44_usd_door.TestOrganiserCurrency" name="test_create_aed_event_and_checkout" time="0.648" /><testcase classname="tests.test_iteration44_usd_door.TestOrdersCurrency" name="test_member_orders_render" time="0.086" /><testcase classname="tests.test_iteration44_usd_door.TestOrdersCurrency" name="test_invoice_of_paid_order" time="0.163" /><testcase classname="tests.test_iteration44_usd_door.TestDoorTakings" name="test_partner_report_shape" time="0.136" /><testcase classname="tests.test_iteration44_usd_door.TestDoorTakings" name="test_member_sees_nothing" time="0.068" /><testcase classname="tests.test_iteration44_usd_door.TestDoorTakings" name="test_walk_in_appears_in_report" time="0.485" /><testcase classname="tests.test_iteration44_usd_door.TestDoorTakings" name="test_other_organiser_cannot_see_row" time="0.075" /><testcase classname="tests.test_iteration44_usd_door.TestDoorTakings" name="test_settlement_paid_moves_owed_to_recovered" time="0.335" /><testcase classname="tests.test_iteration44_usd_door.TestRegression" name="test_admin_money_screens[/admin/stats]" time="0.074" /><testcase classname="tests.test_iteration44_usd_door.TestRegression" name="test_admin_money_screens[/admin/orders]" time="0.115" /><testcase classname="tests.test_iteration44_usd_door.TestRegression" name="test_admin_money_screens[/admin/cancellations]" time="0.076" /><testcase classname="tests.test_iteration44_usd_door.TestRegression" name="test_admin_money_screens[/admin/ledger]" time="0.071" /><testcase classname="tests.test_iteration44_usd_door.TestRegression" name="test_admin_money_screens[/admin/vendor-settlements]" time="0.067" /><testcase classname="tests.test_iteration44_usd_door.TestRegression" name="test_admin_money_screens[/admin/payouts]" time="0.065" /><testcase classname="tests.test_iteration44_usd_door.TestRegression" name="test_partner_dashboard" time="0.085" /><testcase classname="tests.test_iteration44_usd_door.TestRegression" name="test_vendor_payouts_and_invoices" time="0.125" /><testcase classname="tests.test_iteration44_usd_door.TestRegression" name="test_refund_policy_and_cancellation_quote" time="0.338" /><testcase classname="tests.test_iteration44_usd_door" name="test_cleanup" time="0.027" /></testsuite></testsuites>