<?xml version="1.0" encoding="utf-8"?><testsuites name="pytest tests"><testsuite name="pytest" errors="0" failures="0" skipped="0" tests="60" time="16.958" timestamp="2026-08-20T05:26:55.363523+00:00" hostname="agent-env-d662383c-22bc-4e4f-8810-0902a1000b08"><testcase classname="tests.test_iteration37_doc_review.TestAdminDocReview" name="test_list_documents_shape" time="0.789" /><testcase classname="tests.test_iteration36_bank_docs_city.TestBankChangeAndPayoutHold" name="test_non_bank_edit_does_not_trigger_hold" time="0.901" /><testcase classname="tests.test_iteration37_doc_review.TestAdminDocReview" name="test_meta_exposes_doc_types_for_modal" time="0.044" /><testcase classname="tests.test_iteration37_doc_review.TestAdminDocReview" name="test_approve_then_reject_persists" time="0.402" /><testcase classname="tests.test_iteration36_bank_docs_city.TestBankChangeAndPayoutHold" name="test_bank_edit_triggers_reverification" time="0.150" /><testcase classname="tests.test_iteration36_bank_docs_city.TestBankChangeAndPayoutHold" name="test_vendor_profile_exposes_hold" time="0.071" /><testcase classname="tests.test_iteration37_doc_review.TestAdminDocReview" name="test_approving_pan_marks_complete_only_with_bank_proof" time="0.354" /><testcase classname="tests.test_iteration36_bank_docs_city.TestBankChangeAndPayoutHold" name="test_payout_blocked_while_on_hold" time="0.467" /><testcase classname="tests.test_iteration36_bank_docs_city.TestBankChangeAndPayoutHold" name="test_bank_verify_requires_fresh_proof" time="0.058" /><testcase classname="tests.test_iteration37_doc_review.TestAdminDocReview" name="test_invalid_status_rejected" time="0.045" /><testcase classname="tests.test_iteration37_doc_review.TestAdminDocReview" name="test_unknown_document_404" time="0.043" /><testcase classname="tests.test_iteration36_bank_docs_city.TestBankChangeAndPayoutHold" name="test_approving_stale_proof_does_not_clear_hold" time="0.124" /><testcase classname="tests.test_iteration37_doc_review.TestAdminDocReview" name="test_malformed_id_400" time="0.044" /><testcase classname="tests.test_iteration36_bank_docs_city.TestBankChangeAndPayoutHold" name="test_fresh_proof_then_verify_clears_hold_and_pays" time="0.545" /><testcase classname="tests.test_iteration37_doc_review.TestAdminDocReview" name="test_review_requires_permission" time="0.475" /><testcase classname="tests.test_iteration37_doc_review.TestAdminDocReview" name="test_anonymous_blocked" time="0.160" /><testcase classname="tests.test_iteration36_bank_docs_city.TestBankChangeAndPayoutHold" name="test_bank_verify_rejected_reinstates_hold" time="0.114" /><testcase classname="tests.test_iteration35_sitemap_policies.TestContentDepth" name="test_page_has_real_content[trust]" time="0.100" /><testcase classname="tests.test_iteration35_sitemap_policies.TestContentDepth" name="test_page_has_real_content[cities]" time="0.292" /><testcase classname="tests.test_iteration36_bank_docs_city.TestBankChangeAndPayoutHold" name="test_bank_verify_requires_permission" time="0.437" /><testcase classname="tests.test_iteration35_sitemap_policies.TestContentDepth" name="test_page_has_real_content[insights]" time="0.168" /><testcase classname="tests.test_iteration35_sitemap_policies.TestContentDepth" name="test_page_has_real_content[cookies]" time="0.296" /><testcase classname="tests.test_iteration35_nav_banking.TestAdminNav" name="test_get_default" time="0.469" /><testcase classname="tests.test_iteration35_sitemap_policies.TestContentDepth" name="test_page_has_real_content[grievance]" time="0.122" /><testcase classname="tests.test_iteration35_nav_banking.TestAdminNav" name="test_put_and_persist" time="0.606" /><testcase classname="tests.test_iteration35_sitemap_policies.TestContentDepth" name="test_footer_links_resolve" time="1.855" /><testcase classname="tests.test_iteration35_nav_banking.TestAdminNav" name="test_cap_and_sanitise" time="0.378" /><testcase classname="tests.test_iteration35_nav_banking.TestAdminNav" name="test_requires_auth" time="0.095" /><testcase classname="tests.test_iteration35_nav_banking.TestAdminNav" name="test_per_account_isolation" time="0.587" /><testcase classname="tests.test_iteration36_bank_docs_city.TestExpiringDocumentsApi" name="test_requires_auth" time="0.133" /><testcase classname="tests.test_iteration36_bank_docs_city.TestDocumentExpiryCron" name="test_cron_requires_auth" time="0.399" /><testcase classname="tests.test_iteration36_bank_docs_city.TestExpiringDocumentsApi" name="test_member_forbidden" time="0.528" /><testcase classname="tests.test_iteration36_bank_docs_city.TestDocumentExpiryCron" name="test_cron_expires_and_reminds" time="8.154" /><testcase classname="tests.test_iteration36_bank_docs_city.TestExpiringDocumentsApi" name="test_lists_upcoming_with_vendor" time="0.489" /><testcase classname="tests.test_iteration36_bank_docs_city.TestExpiringDocumentsApi" name="test_narrow_window_excludes" time="0.060" /><testcase classname="tests.test_iteration37_doc_review.TestExpiringPanel" name="test_expiring_within_30_days" time="0.457" /><testcase classname="tests.test_iteration37_doc_review.TestExpiringPanel" name="test_days_window_respected" time="0.128" /><testcase classname="tests.test_iteration37_doc_review.TestExpiringPanel" name="test_sorted_ascending" time="0.060" /><testcase classname="tests.test_iteration37_doc_review.TestExpiringPanel" name="test_requires_permission" time="0.456" /><testcase classname="tests.test_iteration35_nav_banking.TestVendorBanking" name="test_meta_bank_fields" time="0.445" /><testcase classname="tests.test_iteration35_nav_banking.TestVendorBanking" name="test_profile_saves_all_bank_fields" time="0.589" /><testcase classname="tests.test_iteration35_nav_banking.TestVendorBanking" name="test_invalid_account_type_rejected" time="0.136" /><testcase classname="tests.test_iteration35_nav_banking.TestBankProofGating" name="test_approve_blocked_without_bank_proof" time="0.098" /><testcase classname="tests.test_iteration35_nav_banking.TestBankProofGating" name="test_approve_unblocked_with_cancelled_cheque" time="0.097" /><testcase classname="tests.test_iteration35_nav_banking.TestBankProofGating" name="test_bank_statement_also_satisfies" time="0.048" /><testcase classname="tests.test_iteration35_sitemap_policies.TestSitemap" name="test_valid_xml_and_core_urls" time="0.109" /><testcase classname="tests.test_iteration35_sitemap_policies.TestSitemap" name="test_every_published_page_present" time="0.137" /><testcase classname="tests.test_iteration35_sitemap_policies.TestSitemap" name="test_robots_declares_dynamic_sitemap" time="0.001" /><testcase classname="tests.test_iteration35_sitemap_policies.TestSeedPolicies" name="test_requires_auth" time="0.101" /><testcase classname="tests.test_iteration35_sitemap_policies.TestSeedPolicies" name="test_member_forbidden" time="0.438" /><testcase classname="tests.test_iteration35_sitemap_policies.TestSeedPolicies" name="test_missing_mode_is_non_destructive" time="0.830" /><testcase classname="tests.test_iteration36_bank_docs_city.TestCityLanding" name="test_mumbai_hosts_and_passes" time="0.120" /><testcase classname="tests.test_iteration36_bank_docs_city.TestCityLanding" name="test_city_without_hosts" time="0.122" /><testcase classname="tests.test_iteration36_bank_docs_city.TestCityLanding" name="test_unknown_city_404" time="0.117" /><testcase classname="tests.test_iteration35_nav_banking.TestAgreementBanking" name="test_detail_has_banking_rows" time="0.473" /><testcase classname="tests.test_iteration35_nav_banking.TestAgreementBanking" name="test_pdf_download" time="0.049" /><testcase classname="tests.test_iteration36_bank_docs_city.TestAdminPages" name="test_missing_policy_pages_present_and_empty" time="0.450" /><testcase classname="tests.test_iteration36_bank_docs_city.TestAdminPages" name="test_requires_permission" time="0.419" /><testcase classname="tests.test_iteration36_bank_docs_city.TestDocumentExpiryCron" name="test_daily_maintenance_queues_both" time="0.215" /><testcase classname="tests.test_iteration36_bank_docs_city.TestDocumentExpiryCron" name="test_email_template_registered" time="1.818" /></testsuite></testsuites>