<?xml version="1.0" encoding="utf-8"?><testsuites name="pytest tests"><testsuite name="pytest" errors="0" failures="0" skipped="0" tests="89" time="62.536" timestamp="2026-08-18T19:29:33.868437+00:00" hostname="agent-env-d662383c-22bc-4e4f-8810-0902a1000b08"><testcase classname="tests.test_iteration25_hangouts.TestPremiumGate" name="test_guest_401" time="2.313" /><testcase classname="tests.test_iteration25_hangouts.TestPremiumGate" name="test_non_member_403" time="0.126" /><testcase classname="tests.test_iteration25_hangouts.TestPremiumGate" name="test_partner_403" time="0.201" /><testcase classname="tests.test_iteration25_hangouts.TestPremiumGate" name="test_manager_403" time="0.139" /><testcase classname="tests.test_iteration25_hangouts.TestPremiumGate" name="test_min_plan_enforced" time="0.119" /><testcase classname="tests.test_iteration25_hangouts.TestHiddenRates" name="test_list_hides_rate_and_package_prices" time="0.133" /><testcase classname="tests.test_iteration25_hangouts.TestHiddenRates" name="test_detail_hides_rate" time="0.144" /><testcase classname="tests.test_iteration25_hangouts.TestRequestFee" name="test_create_booking_pending_fee" time="0.148" /><testcase classname="tests.test_iteration25_hangouts.TestRequestFee" name="test_pay_fee_moves_to_awaiting_acceptance" time="0.544" /><testcase classname="tests.test_iteration25_hangouts.TestRequestFee" name="test_admin_can_change_fee_non_admin_cannot" time="0.493" /><testcase classname="tests.test_iteration25_hangouts.TestAcceptance" name="test_member_cannot_accept" time="0.678" /><testcase classname="tests.test_iteration25_hangouts.TestAcceptance" name="test_accept_no_body_uses_listed" time="0.740" /><testcase classname="tests.test_iteration25_hangouts.TestAcceptance" name="test_accept_amount_and_cap" time="0.903" /><testcase classname="tests.test_iteration25_hangouts.TestAcceptance" name="test_member_sees_amount_after_accept" time="2.381" /><testcase classname="tests.test_iteration25_hangouts.TestCounter" name="test_counter_full_amount" time="1.966" /><testcase classname="tests.test_iteration25_hangouts.TestPayAndPayouts" name="test_three_consecutive_payouts" time="3.489" /><testcase classname="tests.test_iteration25_hangouts.TestPayAndPayouts" name="test_counter_pay_confirms_full" time="1.144" /><testcase classname="tests.test_iteration25_hangouts.TestWalletAutoDebit" name="test_wallet_covers_price" time="0.992" /><testcase classname="tests.test_iteration25_hangouts.TestNonRefundableFee" name="test_decline_right_after_fee_zero_credit" time="0.881" /><testcase classname="tests.test_iteration25_hangouts.TestNonRefundableFee" name="test_no_show_credits_only_agreed" time="1.417" /><testcase classname="tests.test_iteration25_hangouts.TestNonRefundableFee" name="test_no_cash_refund_on_companion_orders" time="0.002" /><testcase classname="tests.test_iteration25_hangouts.TestSuspendReapprove" name="test_reapprove_restores" time="0.540" /><testcase classname="tests.test_iteration27_wallet.TestWalletGet" name="test_shape_and_defaults" time="2.021" /><testcase classname="tests.test_iteration27_wallet.TestTopUp" name="test_below_min_rejected" time="0.131" /><testcase classname="tests.test_iteration27_wallet.TestTopUp" name="test_above_max_rejected" time="0.130" /><testcase classname="tests.test_iteration27_wallet.TestTopUp" name="test_topup_tax_free_and_ledger" time="0.828" /><testcase classname="tests.test_iteration27_wallet.TestTopUp" name="test_topup_cannot_fulfil_twice" time="0.882" /><testcase classname="tests.test_iteration27_wallet.TestSavedCard" name="test_put_stores_no_pan" time="0.118" /><testcase classname="tests.test_iteration27_wallet.TestSavedCard" name="test_invalid_number_rejected" time="0.135" /><testcase classname="tests.test_iteration27_wallet.TestSavedCard" name="test_delete_removes_card" time="0.380" /><testcase classname="tests.test_iteration27_wallet.TestAutoCharge" name="test_wallet_covers" time="1.157" /><testcase classname="tests.test_iteration27_wallet.TestAutoCharge" name="test_saved_card_when_wallet_short" time="1.133" /><testcase classname="tests.test_iteration27_wallet.TestAutoCharge" name="test_no_wallet_no_card_stays_payment_due" time="1.338" /><testcase classname="tests.test_iteration27_wallet.TestAutoCharge" name="test_autopay_false_skipped" time="0.965" /><testcase classname="tests.test_iteration27_wallet.TestFeeWaiver" name="test_first_three_waived_fourth_paid" time="0.771" /><testcase classname="tests.test_iteration27_wallet.TestFeeWaiver" name="test_quota_zero_disables" time="0.274" /><testcase classname="tests.test_iteration27_wallet.TestFeeWaiver" name="test_non_member_no_waiver" time="0.136" /><testcase classname="tests.test_iteration27_wallet.TestRatings" name="test_rate_and_admin_only_note" time="1.868" /><testcase classname="tests.test_iteration27_wallet.TestRatings" name="test_cannot_rate_before_completed" time="0.379" /><testcase classname="tests.test_iteration28_geo_verify_autoreload.TestCountryCatalogue" name="test_meta_reflects_db" time="0.187" /><testcase classname="tests.test_iteration28_geo_verify_autoreload.TestCountryCatalogue" name="test_admin_countries_requires_perm" time="0.508" /><testcase classname="tests.test_iteration28_geo_verify_autoreload.TestCountryCatalogue" name="test_admin_can_list_countries" time="0.482" /><testcase classname="tests.test_iteration28_geo_verify_autoreload.TestCountryCatalogue" name="test_create_country_appears_in_meta" time="0.615" /><testcase classname="tests.test_iteration28_geo_verify_autoreload.TestCountryCatalogue" name="test_duplicate_country_code_400" time="0.477" /><testcase classname="tests.test_iteration28_geo_verify_autoreload.TestCountryCatalogue" name="test_bad_code_400" time="0.519" /><testcase classname="tests.test_iteration28_geo_verify_autoreload.TestCountryCatalogue" name="test_update_adds_and_removes_cities" time="0.603" /><testcase classname="tests.test_iteration28_geo_verify_autoreload.TestCountryCatalogue" name="test_delete_blocked_when_events_run" time="0.516" /><testcase classname="tests.test_iteration28_geo_verify_autoreload.TestCountryCatalogue" name="test_delete_empty_country_ok" time="0.796" /><testcase classname="tests.test_iteration28_geo_verify_autoreload.TestCountryCatalogue" name="test_tax_follows_catalogue" time="0.762" /><testcase classname="tests.test_iteration28_geo_verify_autoreload.TestIdVerification" name="test_get_verification_lists_types" time="0.490" /><testcase classname="tests.test_iteration28_geo_verify_autoreload.TestIdVerification" name="test_bad_doc_type_400" time="0.484" /><testcase classname="tests.test_iteration28_geo_verify_autoreload.TestIdVerification" name="test_external_url_400" time="0.483" /><testcase classname="tests.test_iteration28_geo_verify_autoreload.TestIdVerification" name="test_zero_or_five_files_400" time="0.627" /><testcase classname="tests.test_iteration28_geo_verify_autoreload.TestIdVerification" name="test_submit_sets_pending" time="0.473" /><testcase classname="tests.test_iteration28_geo_verify_autoreload.TestIdVerification" name="test_admin_list_filters" time="0.562" /><testcase classname="tests.test_iteration28_geo_verify_autoreload.TestIdVerification" name="test_partner_403" time="0.550" /><testcase classname="tests.test_iteration28_geo_verify_autoreload.TestIdVerification" name="test_unknown_action_400" time="0.494" /><testcase classname="tests.test_iteration28_geo_verify_autoreload.TestIdVerification" name="test_reject_sets_state" time="0.656" /><testcase classname="tests.test_iteration28_geo_verify_autoreload.TestIdVerification" name="test_no_submission_404" time="0.528" /><testcase classname="tests.test_iteration28_geo_verify_autoreload.TestIdVerification" name="test_approve_sets_verified" time="0.986" /><testcase classname="tests.test_iteration28_geo_verify_autoreload.TestAutoReload" name="test_requires_saved_card" time="0.510" /><testcase classname="tests.test_iteration28_geo_verify_autoreload.TestAutoReload" name="test_range_validation" time="0.598" /><testcase classname="tests.test_iteration28_geo_verify_autoreload.TestAutoReload" name="test_persist_disabled_without_card" time="0.647" /><testcase classname="tests.test_iteration28_geo_verify_autoreload.TestAutoReload" name="test_enabled_persists_with_card" time="0.830" /><testcase classname="tests.test_iteration28_geo_verify_autoreload.TestAutoReload" name="test_run_auto_reload_credits_ledger" time="0.002" /><testcase classname="tests.test_iteration28_geo_verify_autoreload.TestRatingNudgeCron" name="test_requires_bearer" time="0.129" /><testcase classname="tests.test_iteration28_geo_verify_autoreload.TestRatingNudgeCron" name="test_accepts_bearer" time="0.171" /><testcase classname="tests.test_iteration28_geo_verify_autoreload.TestCompanionSort" name="test_sort_rating" time="0.497" /><testcase classname="tests.test_iteration28_geo_verify_autoreload.TestCompanionSort" name="test_sort_experience" time="0.527" /><testcase classname="tests.test_iteration28_geo_verify_autoreload.TestCompanionSort" name="test_sort_rate_asc" time="0.532" /><testcase classname="tests.test_iteration28_geo_verify_autoreload.TestCompanionSort" name="test_sort_rate_desc" time="0.571" /><testcase classname="tests.test_iteration29_city_guides_verify_badges.TestAutoCityGuides" name="test_auto_guide_for_uncurated_city" time="0.270" /><testcase classname="tests.test_iteration29_city_guides_verify_badges.TestAutoCityGuides" name="test_auto_guide_page_works_with_zero_events" time="0.137" /><testcase classname="tests.test_iteration29_city_guides_verify_badges.TestAutoCityGuides" name="test_custom_guides_untouched" time="0.511" /><testcase classname="tests.test_iteration29_city_guides_verify_badges.TestAutoCityGuides" name="test_admin_city_guides_listing" time="0.646" /><testcase classname="tests.test_iteration29_city_guides_verify_badges.TestAutoCityGuides" name="test_put_overrides_auto_guide" time="0.968" /><testcase classname="tests.test_iteration29_city_guides_verify_badges.TestAutoCityGuides" name="test_delete_resets_to_auto_guide" time="0.742" /><testcase classname="tests.test_iteration29_city_guides_verify_badges.TestAutoCityGuides" name="test_admin_only_writes" time="0.617" /><testcase classname="tests.test_iteration29_city_guides_verify_badges.TestAutoCityGuides" name="test_new_admin_city_reachable_without_restart" time="0.632" /><testcase classname="tests.test_iteration29_city_guides_verify_badges.TestVerificationReminders" name="test_start_records_for_unverified" time="0.500" /><testcase classname="tests.test_iteration29_city_guides_verify_badges.TestVerificationReminders" name="test_start_is_noop_for_verified" time="0.505" /><testcase classname="tests.test_iteration29_city_guides_verify_badges.TestVerificationReminders" name="test_cron_requires_bearer" time="0.291" /><testcase classname="tests.test_iteration29_city_guides_verify_badges.TestVerificationReminders" name="test_cron_acks_quickly_with_secret" time="0.137" /><testcase classname="tests.test_iteration29_city_guides_verify_badges.TestVerificationReminders" name="test_worker_notifies_only_eligible" time="0.646" /><testcase classname="tests.test_iteration29_city_guides_verify_badges.TestVerificationReminders" name="test_worker_never_sends_third_reminder" time="3.789" /><testcase classname="tests.test_iteration29_city_guides_verify_badges.TestVerifiedBadges" name="test_companions_list_exposes_verified" time="0.848" /><testcase classname="tests.test_iteration29_city_guides_verify_badges.TestVerifiedBadges" name="test_companion_detail_exposes_verified" time="0.476" /><testcase classname="tests.test_iteration29_city_guides_verify_badges.TestVerifiedBadges" name="test_verified_flag_flips_across_apis" time="1.123" /><testcase classname="tests.test_iteration29_city_guides_verify_badges.TestVerifiedBadges" name="test_discover_exposes_verified" time="0.624" /></testsuite></testsuites>