<?xml version="1.0" encoding="utf-8"?><testsuites name="pytest tests"><testsuite name="pytest" errors="0" failures="5" skipped="0" tests="28" time="11.405" timestamp="2026-08-21T19:45:15.948491+00:00" hostname="agent-env-d662383c-22bc-4e4f-8810-0902a1000b08"><testcase classname="tests.test_iteration39_paypal.TestSubscriptionActivation" name="test_pending_subscription_does_not_create_membership" time="4.082" /><testcase classname="tests.test_iteration39_paypal.TestPayPalSubscription" name="test_month_plan_creates_or_reuses_plan" time="4.017" /><testcase classname="tests.test_iteration39_paypal.TestPayPalSubscription" name="test_second_call_reuses_paypal_plan" time="0.600" /><testcase classname="tests.test_iteration39_paypal.TestSubscriptionActivation" name="test_unknown_subscription_404" time="0.174" /><testcase classname="tests.test_iteration39_paypal.TestPayPalSubscription" name="test_annual_plan_maps_to_year_interval" time="0.661" /><testcase classname="tests.test_iteration39_paypal.TestSubscriptionActivation" name="test_other_users_subscription_404" time="1.004" /><testcase classname="tests.test_iteration39_paypal.TestSubscriptionActivation" name="test_activated_webhook_does_not_falsely_create_membership" time="0.532" /><testcase classname="tests.test_iteration39_paypal.TestPayPalSubscription" name="test_subscription_requires_auth" time="0.135" /><testcase classname="tests.test_iteration39_paypal.TestPayPalSubscription" name="test_unknown_plan_404" time="0.148" /><testcase classname="tests.test_iteration39_paypal.TestPayPalOneTimeOrder" name="test_create_order_returns_sandbox_approve_url" time="0.667" /><testcase classname="tests.test_iteration39_paypal.TestSubscriptionActivation" name="test_cancelled_webhook_marks_status" time="0.156" /><testcase classname="tests.test_iteration39_paypal.TestPayPalInputValidation" name="test_malformed_body_should_be_4xx[/payments/paypal/order-body0]" time="0.166"><failure message="AssertionError: /payments/paypal/order {} -&gt; 500 Internal Server Error&#10;assert 500 &lt; 500&#10; +  where 500 = &lt;Response [500]&gt;.status_code">E   AssertionError: /payments/paypal/order {} -&gt; 500 Internal Server Error
    assert 500 &lt; 500
     +  where 500 = &lt;Response [500]&gt;.status_code</failure></testcase><testcase classname="tests.test_iteration39_paypal.TestPayPalInputValidation" name="test_malformed_body_should_be_4xx[/payments/paypal/order-body1]" time="0.131"><failure message="AssertionError: /payments/paypal/order {'order_id': 'not-an-objectid'} -&gt; 500 Internal Server Error&#10;assert 500 &lt; 500&#10; +  where 500 = &lt;Response [500]&gt;.status_code">E   AssertionError: /payments/paypal/order {'order_id': 'not-an-objectid'} -&gt; 500 Internal Server Error
    assert 500 &lt; 500
     +  where 500 = &lt;Response [500]&gt;.status_code</failure></testcase><testcase classname="tests.test_iteration39_paypal.TestPayPalOneTimeOrder" name="test_requires_auth" time="0.279" /><testcase classname="tests.test_iteration39_paypal.TestPayPalInputValidation" name="test_malformed_body_should_be_4xx[/payments/paypal/capture-body2]" time="0.170"><failure message="AssertionError: /payments/paypal/capture {} -&gt; 500 Internal Server Error&#10;assert 500 &lt; 500&#10; +  where 500 = &lt;Response [500]&gt;.status_code">E   AssertionError: /payments/paypal/capture {} -&gt; 500 Internal Server Error
    assert 500 &lt; 500
     +  where 500 = &lt;Response [500]&gt;.status_code</failure></testcase><testcase classname="tests.test_iteration39_paypal.TestPayPalInputValidation" name="test_malformed_body_should_be_4xx[/payments/paypal/subscription-body3]" time="0.143"><failure message="AssertionError: /payments/paypal/subscription {} -&gt; 500 Internal Server Error&#10;assert 500 &lt; 500&#10; +  where 500 = &lt;Response [500]&gt;.status_code">E   AssertionError: /payments/paypal/subscription {} -&gt; 500 Internal Server Error
    assert 500 &lt; 500
     +  where 500 = &lt;Response [500]&gt;.status_code</failure></testcase><testcase classname="tests.test_iteration39_paypal.TestPayPalInputValidation" name="test_malformed_body_should_be_4xx[/payments/paypal/subscription-body4]" time="0.306"><failure message="AssertionError: /payments/paypal/subscription {'plan_id': 'not-an-objectid'} -&gt; 500 Internal Server Error&#10;assert 500 &lt; 500&#10; +  where 500 = &lt;Response [500]&gt;.status_code">E   AssertionError: /payments/paypal/subscription {'plan_id': 'not-an-objectid'} -&gt; 500 Internal Server Error
    assert 500 &lt; 500
     +  where 500 = &lt;Response [500]&gt;.status_code</failure></testcase><testcase classname="tests.test_iteration39_paypal.TestMembershipCancel" name="test_cancel_without_membership_400" time="0.251" /><testcase classname="tests.test_iteration39_paypal.TestMembershipCancel" name="test_cancel_requires_auth" time="0.170" /><testcase classname="tests.test_iteration39_paypal.TestPayPalOneTimeOrder" name="test_other_users_order_404" time="1.113" /><testcase classname="tests.test_iteration39_paypal.TestMembershipCancel" name="test_cancel_active_membership_turns_off_autorenew" time="0.213" /><testcase classname="tests.test_iteration39_paypal.TestPayPalCapture" name="test_capture_unapproved_order_fails_cleanly" time="1.434" /><testcase classname="tests.test_iteration39_paypal.TestPayPalOneTimeOrder" name="test_already_paid_order_400" time="0.596" /><testcase classname="tests.test_iteration39_paypal.TestPayPalConfig" name="test_paypal_config" time="0.153" /><testcase classname="tests.test_iteration39_paypal.TestPayPalConfig" name="test_payments_config_includes_paypal" time="0.217" /><testcase classname="tests.test_iteration39_paypal.TestPayPalCapture" name="test_capture_already_paid_returns_already" time="0.529" /><testcase classname="tests.test_iteration39_paypal.TestPayPalWebhookOrder" name="test_capture_completed_webhook_fulfils_and_is_idempotent" time="0.835" /><testcase classname="tests.test_iteration39_paypal.TestPayPalWebhookOrder" name="test_unknown_custom_id_is_ignored" time="0.176" /></testsuite></testsuites>