<?xml version="1.0" encoding="utf-8"?><testsuites name="pytest tests"><testsuite name="pytest" errors="0" failures="0" skipped="0" tests="24" time="24.502" timestamp="2026-08-18T19:30:41.238935+00:00" hostname="agent-env-d662383c-22bc-4e4f-8810-0902a1000b08"><testcase classname="tests.test_iteration30_pii_richtext.TestPiiMasking" name="test_admin_sees_masked_and_can_reveal" time="0.526" /><testcase classname="tests.test_iteration30_pii_richtext.TestPiiMasking" name="test_mask_shape" time="1.204" /><testcase classname="tests.test_iteration30_pii_richtext.TestPiiMasking" name="test_manager_no_members_view" time="0.495" /><testcase classname="tests.test_iteration30_pii_richtext.TestPiiMasking" name="test_staff_with_members_view_only" time="0.782" /><testcase classname="tests.test_iteration30_pii_richtext.TestPiiMasking" name="test_partner_cannot_list" time="0.475" /><testcase classname="tests.test_iteration30_pii_richtext.TestReveal" name="test_admin_reveal_returns_real_values" time="0.138" /><testcase classname="tests.test_iteration30_pii_richtext.TestReveal" name="test_manager_reveal_403" time="0.076" /><testcase classname="tests.test_iteration30_pii_richtext.TestReveal" name="test_partner_reveal_403" time="0.077" /><testcase classname="tests.test_iteration30_pii_richtext.TestReveal" name="test_member_reveal_403" time="0.480" /><testcase classname="tests.test_iteration30_pii_richtext.TestReveal" name="test_invalid_id_400" time="0.071" /><testcase classname="tests.test_iteration30_pii_richtext.TestReveal" name="test_unknown_id_404" time="0.084" /><testcase classname="tests.test_iteration30_pii_richtext.TestTempPassword" name="test_manager_temp_pw_403" time="0.064" /><testcase classname="tests.test_iteration30_pii_richtext.TestTempPassword" name="test_partner_temp_pw_403" time="0.075" /><testcase classname="tests.test_iteration30_pii_richtext.TestTempPassword" name="test_super_admin_temp_password_flow_and_restore" time="1.373" /><testcase classname="tests.test_iteration30_pii_richtext.TestRejectMasked" name="test_masked_email_rejected" time="0.067" /><testcase classname="tests.test_iteration30_pii_richtext.TestRejectMasked" name="test_masked_mobile_rejected" time="0.067" /><testcase classname="tests.test_iteration30_pii_richtext.TestRejectMasked" name="test_real_email_saves" time="0.081" /><testcase classname="tests.test_iteration30_pii_richtext.TestRichTextSanitisation" name="test_email_template_body" time="0.206" /><testcase classname="tests.test_iteration30_pii_richtext.TestRichTextSanitisation" name="test_cms_content" time="0.092" /><testcase classname="tests.test_iteration30_pii_richtext.TestRichTextSanitisation" name="test_page_create_and_blocks" time="0.225" /><testcase classname="tests.test_iteration30_pii_richtext.TestRichTextSanitisation" name="test_user_bio" time="0.606" /><testcase classname="tests.test_iteration30_pii_richtext.TestRichTextSanitisation" name="test_partner_event_description_and_rules" time="0.149" /><testcase classname="tests.test_iteration30_pii_richtext.TestRichTextSanitisation" name="test_companion_about" time="0.495" /><testcase classname="tests.test_iteration30_pii_richtext.TestRichTextSanitisation" name="test_email_send_test_renders_html" time="16.530" /></testsuite></testsuites>