<?xml version="1.0" encoding="utf-8"?><testsuites name="pytest tests"><testsuite name="pytest" errors="0" failures="0" skipped="0" tests="25" time="8.437" timestamp="2026-08-19T22:18:26.572348+00:00" hostname="agent-env-d662383c-22bc-4e4f-8810-0902a1000b08"><testcase classname="tests.test_iteration35_sitemap_policies.TestContentDepth" name="test_page_has_real_content[trust]" time="2.680" /><testcase classname="tests.test_iteration35_sitemap_policies.TestContentDepth" name="test_page_has_real_content[cities]" time="0.250" /><testcase classname="tests.test_iteration35_nav_banking.TestAdminNav" name="test_get_default" time="3.074" /><testcase classname="tests.test_iteration35_sitemap_policies.TestContentDepth" name="test_page_has_real_content[insights]" time="0.150" /><testcase classname="tests.test_iteration35_nav_banking.TestAdminNav" name="test_put_and_persist" time="0.494" /><testcase classname="tests.test_iteration35_sitemap_policies.TestContentDepth" name="test_page_has_real_content[cookies]" time="0.117" /><testcase classname="tests.test_iteration35_sitemap_policies.TestContentDepth" name="test_page_has_real_content[grievance]" time="0.117" /><testcase classname="tests.test_iteration35_sitemap_policies.TestContentDepth" name="test_footer_links_resolve" time="2.509" /><testcase classname="tests.test_iteration35_nav_banking.TestAdminNav" name="test_cap_and_sanitise" time="0.335" /><testcase classname="tests.test_iteration35_nav_banking.TestAdminNav" name="test_requires_auth" time="0.117" /><testcase classname="tests.test_iteration35_nav_banking.TestAdminNav" name="test_per_account_isolation" time="0.686" /><testcase classname="tests.test_iteration35_sitemap_policies.TestSeedPolicies" name="test_requires_auth" time="0.139" /><testcase classname="tests.test_iteration35_sitemap_policies.TestSeedPolicies" name="test_member_forbidden" time="0.501" /><testcase classname="tests.test_iteration35_sitemap_policies.TestSeedPolicies" name="test_missing_mode_is_non_destructive" time="0.848" /><testcase classname="tests.test_iteration35_sitemap_policies.TestSitemap" name="test_valid_xml_and_core_urls" time="0.141" /><testcase classname="tests.test_iteration35_sitemap_policies.TestSitemap" name="test_every_published_page_present" time="0.142" /><testcase classname="tests.test_iteration35_sitemap_policies.TestSitemap" name="test_robots_declares_dynamic_sitemap" time="0.001" /><testcase classname="tests.test_iteration35_nav_banking.TestBankProofGating" name="test_approve_blocked_without_bank_proof" time="0.638" /><testcase classname="tests.test_iteration35_nav_banking.TestVendorBanking" name="test_meta_bank_fields" time="0.590" /><testcase classname="tests.test_iteration35_nav_banking.TestBankProofGating" name="test_approve_unblocked_with_cancelled_cheque" time="0.394" /><testcase classname="tests.test_iteration35_nav_banking.TestVendorBanking" name="test_profile_saves_all_bank_fields" time="0.607" /><testcase classname="tests.test_iteration35_nav_banking.TestBankProofGating" name="test_bank_statement_also_satisfies" time="0.076" /><testcase classname="tests.test_iteration35_nav_banking.TestAgreementBanking" name="test_detail_has_banking_rows" time="0.157" /><testcase classname="tests.test_iteration35_nav_banking.TestAgreementBanking" name="test_pdf_download" time="0.079" /><testcase classname="tests.test_iteration35_nav_banking.TestVendorBanking" name="test_invalid_account_type_rejected" time="0.135" /></testsuite></testsuites>