<?xml version="1.0" encoding="utf-8"?><testsuites name="pytest tests"><testsuite name="pytest" errors="0" failures="0" skipped="0" tests="9" time="5.179" timestamp="2026-08-18T20:09:22.805676+00:00" hostname="agent-env-d662383c-22bc-4e4f-8810-0902a1000b08"><testcase classname="tests.test_iteration31_invoice_pdf_ledger.TestLedger" name="test_ledger_shape" time="0.710" /><testcase classname="tests.test_iteration31_invoice_pdf_ledger.TestLedger" name="test_ledger_member_has_orders" time="0.182" /><testcase classname="tests.test_iteration31_invoice_pdf_ledger.TestLedger" name="test_ledger_no_orders_ok" time="0.484" /><testcase classname="tests.test_iteration31_invoice_pdf_ledger.TestInvoiceJson" name="test_invoice_per_kind_templates" time="0.812" /><testcase classname="tests.test_iteration31_invoice_pdf_ledger.TestInvoicePDF" name="test_pdf_paid_returns_receipt" time="0.370" /><testcase classname="tests.test_iteration31_invoice_pdf_ledger.TestInvoicePDF" name="test_pdf_pending_returns_invoice" time="0.411" /><testcase classname="tests.test_iteration31_invoice_pdf_ledger.TestInvoicePDF" name="test_other_member_forbidden" time="0.961" /><testcase classname="tests.test_iteration31_invoice_pdf_ledger.TestInvoicePDF" name="test_admin_can_fetch_any" time="0.873" /><testcase classname="tests.test_iteration31_invoice_pdf_ledger.TestInvoicePDF" name="test_invalid_order_id" time="0.312" /></testsuite></testsuites>