<?xml version="1.0" encoding="utf-8"?><testsuites name="pytest tests"><testsuite name="pytest" errors="0" failures="0" skipped="0" tests="33" time="17.241" timestamp="2026-08-23T16:51:13.714740+00:00" hostname="agent-env-d662383c-22bc-4e4f-8810-0902a1000b08"><testcase classname="tests.test_iteration48_security_credentials.TestLogins" name="test_admin_login" time="0.599" /><testcase classname="tests.test_iteration48_security_credentials.TestLogins" name="test_partner_login" time="0.285" /><testcase classname="tests.test_iteration48_security_credentials.TestLogins" name="test_member_login" time="0.275" /><testcase classname="tests.test_iteration48_security_credentials.TestLogins" name="test_existing_token_without_ver_claim_still_works" time="0.340" /><testcase classname="tests.test_iteration48_security_credentials.TestAccessControl" name="test_member_forbidden" time="0.717" /><testcase classname="tests.test_iteration48_security_credentials.TestAccessControl" name="test_partner_forbidden" time="0.694" /><testcase classname="tests.test_iteration48_security_credentials.TestAccessControl" name="test_staff_without_permission_forbidden" time="0.895" /><testcase classname="tests.test_iteration48_security_credentials.TestAccessControl" name="test_anonymous_forbidden" time="0.048" /><testcase classname="tests.test_iteration48_security_credentials.TestAccessControl" name="test_staff_with_credentials_manage_allowed" time="0.381" /><testcase classname="tests.test_iteration48_security_credentials.TestAccessControl" name="test_credentials_manage_in_permission_catalogue" time="0.046" /><testcase classname="tests.test_iteration48_security_credentials.TestNoLeak" name="test_list_shape_and_masking" time="0.056" /><testcase classname="tests.test_iteration48_security_credentials.TestNoLeak" name="test_no_plaintext_secret_in_response" time="0.055" /><testcase classname="tests.test_iteration48_security_credentials.TestNoLeak" name="test_history_rows_carry_no_values" time="0.049" /><testcase classname="tests.test_iteration48_security_credentials.TestCredentialWrites" name="test_unknown_key_404" time="0.109" /><testcase classname="tests.test_iteration48_security_credentials.TestCredentialWrites" name="test_paypal_env_validation" time="0.117" /><testcase classname="tests.test_iteration48_security_credentials.TestCredentialWrites" name="test_jwt_secret_length_validation" time="0.045" /><testcase classname="tests.test_iteration48_security_credentials.TestCredentialWrites" name="test_empty_value_rejected" time="0.048" /><testcase classname="tests.test_iteration48_security_credentials.TestCredentialWrites" name="test_save_encrypts_takes_effect_and_reverts" time="0.327" /><testcase classname="tests.test_iteration48_security_credentials.TestCredentialWrites" name="test_vapid_subject_roundtrip" time="0.338" /><testcase classname="tests.test_iteration48_security_credentials.TestMyPassword" name="test_full_flow" time="3.962" /><testcase classname="tests.test_iteration48_security_credentials.TestMyPassword" name="test_requires_auth" time="0.149" /><testcase classname="tests.test_iteration48_security_credentials.TestAdminSecurityActions" name="test_accounts_list" time="0.273" /><testcase classname="tests.test_iteration48_security_credentials.TestAdminSecurityActions" name="test_self_reset_refused" time="0.117" /><testcase classname="tests.test_iteration48_security_credentials.TestAdminSecurityActions" name="test_unknown_account_404" time="0.160" /><testcase classname="tests.test_iteration48_security_credentials.TestAdminSecurityActions" name="test_weak_password_refused" time="0.054" /><testcase classname="tests.test_iteration48_security_credentials.TestAdminSecurityActions" name="test_admin_reset_password" time="1.514" /><testcase classname="tests.test_iteration48_security_credentials.TestAdminSecurityActions" name="test_revoke_sessions_keeps_password" time="0.664" /><testcase classname="tests.test_iteration48_security_credentials.TestAdminSecurityActions" name="test_self_lock_refused" time="0.105" /><testcase classname="tests.test_iteration48_security_credentials.TestAdminSecurityActions" name="test_revoke_and_restore_access" time="1.024" /><testcase classname="tests.test_iteration48_security_credentials.TestConnectionTests" name="test_paypal" time="0.365" /><testcase classname="tests.test_iteration48_security_credentials.TestConnectionTests" name="test_email" time="0.158" /><testcase classname="tests.test_iteration48_security_credentials.TestConnectionTests" name="test_ai" time="3.099" /><testcase classname="tests.test_iteration48_security_credentials.TestConnectionTests" name="test_unknown_service_404" time="0.062" /></testsuite></testsuites>