<?xml version="1.0" encoding="utf-8"?><testsuites name="pytest tests"><testsuite name="pytest" errors="0" failures="1" skipped="0" tests="15" time="3.138" timestamp="2026-08-17T03:44:58.932754+00:00" hostname="agent-env-d662383c-22bc-4e4f-8810-0902a1000b08"><testcase classname="tests.test_iteration11.TestGoogleSession" name="test_bogus_session_id_returns_401_no_user" time="0.427" /><testcase classname="tests.test_iteration11.TestGoogleSession" name="test_missing_session_id_returns_422" time="0.065" /><testcase classname="tests.test_iteration11.TestOnboarding" name="test_requires_auth" time="0.130" /><testcase classname="tests.test_iteration11.TestOnboarding" name="test_under_21_rejected" time="0.536" /><testcase classname="tests.test_iteration11.TestOnboarding" name="test_missing_is_adult_rejected" time="0.075" /><testcase classname="tests.test_iteration11.TestOnboarding" name="test_missing_accept_terms_rejected" time="0.072" /><testcase classname="tests.test_iteration11.TestOnboarding" name="test_empty_city_rejected" time="0.058" /><testcase classname="tests.test_iteration11.TestOnboarding" name="test_success_sets_fields_and_cleans" time="0.063" /><testcase classname="tests.test_iteration11.TestPasswordAuthRegression" name="test_admin_login_and_me" time="0.382" /><testcase classname="tests.test_iteration11.TestPasswordAuthRegression" name="test_member_login" time="0.311" /><testcase classname="tests.test_iteration11.TestPasswordAuthRegression" name="test_member_profile_complete_not_false" time="0.310" /><testcase classname="tests.test_iteration11.TestPasswordAuthRegression" name="test_admin_profile_complete_not_false" time="0.315" /><testcase classname="tests.test_iteration11.TestPasswordAuthRegression" name="test_register_21plus_enforced" time="0.058" /><testcase classname="tests.test_iteration11.TestPasswordAuthRegression" name="test_register_success" time="0.061"><failure message="AssertionError: {&quot;detail&quot;:&quot;Please enter a valid mobile number.&quot;}&#10;assert 400 == 200&#10; +  where 400 = &lt;Response [400]&gt;.status_code">backend/tests/test_iteration11.py:208: in test_register_success
    assert r.status_code == 200, r.text
E   AssertionError: {"detail":"Please enter a valid mobile number."}
E   assert 400 == 200
E    +  where 400 = &lt;Response [400]&gt;.status_code</failure></testcase><testcase classname="tests.test_iteration11.TestPasswordAuthRegression" name="test_forgot_password" time="0.159" /></testsuite></testsuites>