<?xml version="1.0" encoding="utf-8"?><testsuites name="pytest tests"><testsuite name="pytest" errors="0" failures="0" skipped="0" tests="31" time="11.301" timestamp="2026-08-18T04:12:55.060560+00:00" hostname="agent-env-d662383c-22bc-4e4f-8810-0902a1000b08"><testcase classname="tests.test_iteration18_invites.TestInvites" name="test_create_invite_returns_link_and_pending" time="0.669" /><testcase classname="tests.test_iteration18_invites.TestInvites" name="test_invite_appears_in_list" time="0.098" /><testcase classname="tests.test_iteration18_invites.TestInvites" name="test_public_lookup_by_token" time="0.121" /><testcase classname="tests.test_iteration18_invites.TestInvites" name="test_bad_token_404" time="0.132" /><testcase classname="tests.test_iteration18_invites.TestInvites" name="test_revoke_pending_invite" time="0.621" /><testcase classname="tests.test_iteration18_invites.TestInvites" name="test_duplicate_email_invite_400" time="0.114" /><testcase classname="tests.test_iteration18_invites.TestInvites" name="test_member_cannot_create_invite" time="0.521" /><testcase classname="tests.test_iteration18_invites.TestVendorSignup" name="test_accept_flow_creates_partner" time="0.910" /><testcase classname="tests.test_iteration18_invites.TestVendorSignup" name="test_reuse_token_404" time="0.115" /><testcase classname="tests.test_iteration18_invites.TestVendorSignup" name="test_get_reused_token_404" time="0.114" /><testcase classname="tests.test_iteration18_invites.TestVendorSignup" name="test_revoking_accepted_invite_400" time="0.115" /><testcase classname="tests.test_iteration18_invites.TestVendorSignup" name="test_managed_by_stamped" time="0.126" /><testcase classname="tests.test_iteration18_invites.TestDocuments" name="test_put_documents_ok" time="0.102" /><testcase classname="tests.test_iteration18_invites.TestDocuments" name="test_external_url_400" time="0.112" /><testcase classname="tests.test_iteration18_invites.TestDocuments" name="test_member_403" time="0.122" /><testcase classname="tests.test_iteration18_invites.TestDocuments" name="test_remove_persists" time="0.218" /><testcase classname="tests.test_iteration18_invites.TestDocuments" name="test_documents_show_in_console_vendor_detail" time="0.246" /><testcase classname="tests.test_iteration18_invites.TestIsolation" name="test_second_manager_isolation" time="2.030" /><testcase classname="tests.test_iteration18_invites.TestPayouts" name="test_manager_sees_own_only" time="0.111" /><testcase classname="tests.test_iteration18_invites.TestPayouts" name="test_admin_sees_all_and_has_nightfall" time="0.118" /><testcase classname="tests.test_iteration18_invites.TestPayouts" name="test_member_403" time="0.102" /><testcase classname="tests.test_iteration18_invites.TestAiDraft" name="test_notes_too_short_400" time="0.476" /><testcase classname="tests.test_iteration18_invites.TestAiDraft" name="test_notes_too_long_400" time="0.118" /><testcase classname="tests.test_iteration18_invites.TestAiDraft" name="test_member_403" time="0.123" /><testcase classname="tests.test_iteration18_invites.TestAiDraft" name="test_draft_ok_and_rules_include_21" time="2.914" /><testcase classname="tests.test_iteration18_invites.TestActivityLog" name="test_admin_gets_activity" time="0.191" /><testcase classname="tests.test_iteration18_invites.TestActivityLog" name="test_member_403" time="0.112" /><testcase classname="tests.test_iteration18_invites.TestActivityLog" name="test_partner_403" time="0.108" /><testcase classname="tests.test_iteration18_invites.TestRegression" name="test_member_me" time="0.115" /><testcase classname="tests.test_iteration18_invites.TestRegression" name="test_events_public" time="0.112" /><testcase classname="tests.test_iteration18_invites.TestRegression" name="test_console_summary" time="0.121" /></testsuite></testsuites>