<?xml version="1.0" encoding="utf-8"?><testsuites name="pytest tests"><testsuite name="pytest" errors="0" failures="1" skipped="0" tests="46" time="13.864" timestamp="2026-08-20T05:14:16.030853+00:00" hostname="agent-env-d662383c-22bc-4e4f-8810-0902a1000b08"><testcase classname="tests.test_iteration35_sitemap_policies.TestContentDepth" name="test_page_has_real_content[trust]" time="0.187" /><testcase classname="tests.test_iteration35_sitemap_policies.TestContentDepth" name="test_page_has_real_content[cities]" time="0.222" /><testcase classname="tests.test_iteration35_sitemap_policies.TestContentDepth" name="test_page_has_real_content[insights]" time="0.109" /><testcase classname="tests.test_iteration36_bank_docs_city.TestBankChangeAndPayoutHold" name="test_non_bank_edit_does_not_trigger_hold" time="0.682" /><testcase classname="tests.test_iteration35_sitemap_policies.TestContentDepth" name="test_page_has_real_content[cookies]" time="0.107" /><testcase classname="tests.test_iteration35_sitemap_policies.TestContentDepth" name="test_page_has_real_content[grievance]" time="0.118" /><testcase classname="tests.test_iteration36_bank_docs_city.TestBankChangeAndPayoutHold" name="test_bank_edit_triggers_reverification" time="0.103" /><testcase classname="tests.test_iteration35_sitemap_policies.TestContentDepth" name="test_footer_links_resolve" time="2.050" /><testcase classname="tests.test_iteration36_bank_docs_city.TestBankChangeAndPayoutHold" name="test_vendor_profile_exposes_hold" time="0.085" /><testcase classname="tests.test_iteration36_bank_docs_city.TestBankChangeAndPayoutHold" name="test_payout_blocked_while_on_hold" time="0.482" /><testcase classname="tests.test_iteration36_bank_docs_city.TestBankChangeAndPayoutHold" name="test_bank_verify_requires_fresh_proof" time="0.056" /><testcase classname="tests.test_iteration36_bank_docs_city.TestBankChangeAndPayoutHold" name="test_approve_proof_then_verify_clears_hold_and_pays" time="0.273" /><testcase classname="tests.test_iteration36_bank_docs_city.TestBankChangeAndPayoutHold" name="test_bank_verify_rejected_reinstates_hold" time="0.110" /><testcase classname="tests.test_iteration36_bank_docs_city.TestBankChangeAndPayoutHold" name="test_bank_verify_requires_permission" time="0.450" /><testcase classname="tests.test_iteration36_bank_docs_city.TestDocumentExpiryCron" name="test_cron_requires_auth" time="0.208" /><testcase classname="tests.test_iteration36_bank_docs_city.TestDocumentExpiryCron" name="test_cron_expires_and_reminds" time="8.102" /><testcase classname="tests.test_iteration35_nav_banking.TestAdminNav" name="test_get_default" time="0.427" /><testcase classname="tests.test_iteration35_nav_banking.TestAdminNav" name="test_put_and_persist" time="0.305" /><testcase classname="tests.test_iteration35_nav_banking.TestAdminNav" name="test_cap_and_sanitise" time="0.207" /><testcase classname="tests.test_iteration35_nav_banking.TestAdminNav" name="test_requires_auth" time="0.109" /><testcase classname="tests.test_iteration35_nav_banking.TestAdminNav" name="test_per_account_isolation" time="0.578" /><testcase classname="tests.test_iteration36_bank_docs_city.TestExpiringDocumentsApi" name="test_requires_auth" time="0.108" /><testcase classname="tests.test_iteration36_bank_docs_city.TestExpiringDocumentsApi" name="test_member_forbidden" time="0.498" /><testcase classname="tests.test_iteration36_bank_docs_city.TestExpiringDocumentsApi" name="test_lists_upcoming_with_vendor" time="0.477" /><testcase classname="tests.test_iteration36_bank_docs_city.TestExpiringDocumentsApi" name="test_narrow_window_excludes" time="0.053" /><testcase classname="tests.test_iteration36_bank_docs_city.TestCityLanding" name="test_mumbai_hosts_and_passes" time="0.149" /><testcase classname="tests.test_iteration36_bank_docs_city.TestCityLanding" name="test_city_without_hosts" time="0.119" /><testcase classname="tests.test_iteration36_bank_docs_city.TestCityLanding" name="test_unknown_city_404" time="0.103" /><testcase classname="tests.test_iteration35_nav_banking.TestVendorBanking" name="test_meta_bank_fields" time="0.461" /><testcase classname="tests.test_iteration35_nav_banking.TestVendorBanking" name="test_profile_saves_all_bank_fields" time="0.615" /><testcase classname="tests.test_iteration35_nav_banking.TestVendorBanking" name="test_invalid_account_type_rejected" time="0.140" /><testcase classname="tests.test_iteration35_nav_banking.TestBankProofGating" name="test_approve_blocked_without_bank_proof" time="0.118" /><testcase classname="tests.test_iteration35_nav_banking.TestBankProofGating" name="test_approve_unblocked_with_cancelled_cheque" time="0.116" /><testcase classname="tests.test_iteration35_nav_banking.TestBankProofGating" name="test_bank_statement_also_satisfies" time="0.068" /><testcase classname="tests.test_iteration35_sitemap_policies.TestSitemap" name="test_valid_xml_and_core_urls" time="0.161" /><testcase classname="tests.test_iteration35_sitemap_policies.TestSitemap" name="test_every_published_page_present" time="0.104" /><testcase classname="tests.test_iteration35_sitemap_policies.TestSitemap" name="test_robots_declares_dynamic_sitemap" time="0.001"><failure message="AssertionError: static sitemap.xml still present&#10;assert not True&#10; +  where True = exists()&#10; +    where exists = PosixPath('/app/frontend/public/sitemap.xml').exists&#10; +      where PosixPath('/app/frontend/public/sitemap.xml') = Path('/app/frontend/public/sitemap.xml')">self = &lt;test_iteration35_sitemap_policies.TestSitemap object at 0xfc4b25c6cf50&gt;

    def test_robots_declares_dynamic_sitemap(self):
        robots = Path("/app/frontend/public/robots.txt")
        assert robots.exists()
        txt = robots.read_text()
        assert "https://buddilio.com/api/sitemap.xml" in txt, txt
&gt;       assert not Path("/app/frontend/public/sitemap.xml").exists(), "static sitemap.xml still present"
E       AssertionError: static sitemap.xml still present
E       assert not True
E        +  where True = exists()
E        +    where exists = PosixPath('/app/frontend/public/sitemap.xml').exists
E        +      where PosixPath('/app/frontend/public/sitemap.xml') = Path('/app/frontend/public/sitemap.xml')

tests/test_iteration35_sitemap_policies.py:79: AssertionError</failure></testcase><testcase classname="tests.test_iteration35_sitemap_policies.TestSeedPolicies" name="test_requires_auth" time="0.111" /><testcase classname="tests.test_iteration35_sitemap_policies.TestSeedPolicies" name="test_member_forbidden" time="0.458" /><testcase classname="tests.test_iteration35_sitemap_policies.TestSeedPolicies" name="test_missing_mode_is_non_destructive" time="0.813" /><testcase classname="tests.test_iteration36_bank_docs_city.TestAdminPages" name="test_missing_policy_pages_present_and_empty" time="0.444" /><testcase classname="tests.test_iteration36_bank_docs_city.TestAdminPages" name="test_requires_permission" time="0.473" /><testcase classname="tests.test_iteration35_nav_banking.TestAgreementBanking" name="test_detail_has_banking_rows" time="0.612" /><testcase classname="tests.test_iteration36_bank_docs_city.TestDocumentExpiryCron" name="test_daily_maintenance_queues_both" time="0.218" /><testcase classname="tests.test_iteration35_nav_banking.TestAgreementBanking" name="test_pdf_download" time="0.055" /><testcase classname="tests.test_iteration36_bank_docs_city.TestDocumentExpiryCron" name="test_email_template_registered" time="1.897" /></testsuite></testsuites>