<?xml version="1.0" encoding="utf-8"?><testsuites name="pytest tests"><testsuite name="pytest" errors="0" failures="0" skipped="0" tests="11" time="4.413" timestamp="2026-08-11T19:51:53.323873+00:00" hostname="agent-env-d662383c-22bc-4e4f-8810-0902a1000b08"><testcase classname="tests.test_iteration4" name="test_pwa_assets_200[/manifest.json]" time="0.133" /><testcase classname="tests.test_iteration4" name="test_pwa_assets_200[/sw.js]" time="0.121" /><testcase classname="tests.test_iteration4" name="test_pwa_assets_200[/offline.html]" time="0.112" /><testcase classname="tests.test_iteration4" name="test_pwa_assets_200[/icons/icon-192.png]" time="0.148" /><testcase classname="tests.test_iteration4" name="test_pwa_assets_200[/icons/icon-512.png]" time="0.156" /><testcase classname="tests.test_iteration4" name="test_pwa_assets_200[/icons/maskable-192.png]" time="0.119" /><testcase classname="tests.test_iteration4" name="test_pwa_assets_200[/icons/maskable-512.png]" time="0.164" /><testcase classname="tests.test_iteration4" name="test_manifest_valid_json" time="0.122" /><testcase classname="tests.test_iteration4" name="test_report_review_flow" time="0.850" /><testcase classname="tests.test_iteration4" name="test_admin_review_moderation_and_stats" time="1.351" /><testcase classname="tests.test_iteration4" name="test_partner_reply_and_cross_partner_403" time="1.089" /></testsuite></testsuites>