<?xml version="1.0" encoding="utf-8"?><testsuites name="pytest tests"><testsuite name="pytest" errors="0" failures="0" skipped="0" tests="13" time="11.726" timestamp="2026-08-12T17:47:50.450675+00:00" hostname="agent-env-d662383c-22bc-4e4f-8810-0902a1000b08"><testcase classname="tests.test_iteration5" name="test_meta_countries_currencies" time="0.200" /><testcase classname="tests.test_iteration5" name="test_events_country_filter_and_top_review" time="2.001" /><testcase classname="tests.test_iteration5" name="test_checkout_tax_labels[liam.oconnor@example.com-GBP-VAT-20.0]" time="0.591" /><testcase classname="tests.test_iteration5" name="test_checkout_tax_labels[omar.alrashid@example.com-AED-VAT-5.0]" time="0.581" /><testcase classname="tests.test_iteration5" name="test_checkout_tax_labels[amara.okafor@example.com-USD-Sales tax-8.875]" time="0.647" /><testcase classname="tests.test_iteration5" name="test_checkout_tax_labels[yuki.tanaka@example.com-JPY-Consumption tax-10.0]" time="0.654" /><testcase classname="tests.test_iteration5" name="test_checkout_tax_labels[tara.joshi@example.com-INR-GST-18.0]" time="0.660" /><testcase classname="tests.test_iteration5" name="test_referrals_flow_end_to_end" time="3.575" /><testcase classname="tests.test_iteration5" name="test_push_config" time="0.108" /><testcase classname="tests.test_iteration5" name="test_push_test_without_subscription_returns_friendly_400" time="0.617" /><testcase classname="tests.test_iteration5" name="test_push_subscribe_and_unsubscribe" time="0.638" /><testcase classname="tests.test_iteration5" name="test_profile_city_change_updates_country" time="0.888" /><testcase classname="tests.test_iteration5" name="test_discover_country_filter_by_name" time="0.493" /></testsuite></testsuites>