<?xml version="1.0" encoding="utf-8"?><testsuites name="pytest tests"><testsuite name="pytest" errors="0" failures="0" skipped="0" tests="49" time="44.608" timestamp="2026-08-11T18:47:51.114450+00:00" hostname="agent-env-d662383c-22bc-4e4f-8810-0902a1000b08"><testcase classname="tests.backend_test.TestPublic" name="test_meta" time="0.382" /><testcase classname="tests.backend_test.TestAuth" name="test_login_admin" time="0.373" /><testcase classname="tests.backend_test.TestAuth" name="test_login_partner" time="0.350" /><testcase classname="tests.backend_test.TestPublic" name="test_events_list_published_only" time="0.332" /><testcase classname="tests.backend_test.TestPublic" name="test_events_filters" time="0.407" /><testcase classname="tests.backend_test.TestAuth" name="test_login_user" time="0.356" /><testcase classname="tests.backend_test.TestAuth" name="test_login_bad_password" time="0.358" /><testcase classname="tests.backend_test.TestPublic" name="test_plans_public" time="0.318" /><testcase classname="tests.backend_test.TestAuth" name="test_me_requires_auth" time="0.186" /><testcase classname="tests.backend_test.TestPublic" name="test_products_public" time="0.128" /><testcase classname="tests.backend_test.TestPublic" name="test_cms_about" time="0.110" /><testcase classname="tests.backend_test.TestAuth" name="test_me_ok" time="0.601" /><testcase classname="tests.backend_test.TestAdmin" name="test_admin_stats" time="0.714" /><testcase classname="tests.backend_test.TestAuth" name="test_register_underage_rejected" time="0.121" /><testcase classname="tests.backend_test.TestAuth" name="test_register_checkboxes_required" time="0.118" /><testcase classname="tests.backend_test.TestAdmin" name="test_admin_users_list" time="0.136" /><testcase classname="tests.backend_test.TestAuth" name="test_register_and_login" time="1.018" /><testcase classname="tests.backend_test.TestAdmin" name="test_admin_refund_flow" time="1.298" /><testcase classname="tests.backend_test.TestAuth" name="test_brute_force_lockout" time="0.814" /><testcase classname="tests.backend_test.TestAdmin" name="test_plans_crud" time="0.394" /><testcase classname="tests.backend_test.TestAdmin" name="test_audit_logs" time="0.116" /><testcase classname="tests.test_iteration2.TestPaymentsConfig" name="test_payments_config_simulation_mode" time="0.130" /><testcase classname="tests.test_iteration2.TestWebSocket" name="test_ws_rejects_bad_token" time="0.195" /><testcase classname="tests.test_iteration2.TestWebSocket" name="test_ws_rejects_missing_token" time="0.256" /><testcase classname="tests.test_iteration2.TestPaymentsConfig" name="test_razorpay_order_returns_503_without_keys" time="0.984" /><testcase classname="tests.test_iteration2.TestWebSocket" name="test_ws_valid_token_connects_and_gets_ready" time="0.627" /><testcase classname="tests.test_iteration2.TestPaymentsConfig" name="test_razorpay_webhook_returns_503_without_keys" time="0.120" /><testcase classname="tests.test_iteration2.TestPaymentsConfig" name="test_razorpay_webhook_cannot_mark_paid_without_signature" time="0.612" /><testcase classname="tests.test_iteration2.TestWebSocket" name="test_ws_two_users_typing_and_presence" time="1.459" /><testcase classname="tests.backend_test.TestEvents" name="test_join_free_event" time="1.082" /><testcase classname="tests.backend_test.TestDiscover" name="test_discover_requires_auth" time="0.121" /><testcase classname="tests.backend_test.TestDiscover" name="test_discover_returns_users" time="0.119" /><testcase classname="tests.backend_test.TestDiscover" name="test_update_profile_persists" time="0.288" /><testcase classname="tests.backend_test.TestEvents" name="test_paid_event_requires_purchase" time="0.233" /><testcase classname="tests.backend_test.TestCheckout" name="test_coupon_buddy20_applies" time="0.404" /><testcase classname="tests.backend_test.TestEvents" name="test_save_toggle" time="0.428" /><testcase classname="tests.backend_test.TestCheckout" name="test_pay_success_and_membership_active" time="30.827" /><testcase classname="tests.backend_test.TestPartnerAdmin" name="test_partner_creates_event_then_admin_approves" time="32.821" /><testcase classname="tests.backend_test.TestCheckout" name="test_orders_list" time="0.121" /><testcase classname="tests.test_iteration2.TestEventChatAccess" name="test_free_event_joiner_gets_403" time="0.987" /><testcase classname="tests.test_iteration2.TestEventChatAccess" name="test_random_user_gets_403" time="0.615" /><testcase classname="tests.backend_test.TestPartnerAdmin" name="test_partner_role_protected" time="0.125" /><testcase classname="tests.backend_test.TestPartnerAdmin" name="test_admin_role_protected" time="0.236" /><testcase classname="tests.backend_test.TestChat" name="test_conversation_and_message" time="0.616" /><testcase classname="tests.test_iteration2.TestEventChatAccess" name="test_organiser_gets_access" time="1.315" /><testcase classname="tests.test_iteration2.TestFulfilment" name="test_paid_event_purchase_grants_chat_and_participation" time="1.704" /><testcase classname="tests.test_iteration2.TestRefundFallback" name="test_admin_refund_internal_fallback" time="1.613" /><testcase classname="tests.test_iteration2.TestEmailNonBlocking" name="test_register_new_example_com_still_succeeds" time="0.791" /><testcase classname="tests.test_iteration2.TestFulfilment" name="test_pay_failure_marks_order_failed" time="0.665" /></testsuite></testsuites>