<?xml version="1.0" encoding="utf-8"?><testsuites name="pytest tests"><testsuite name="pytest" errors="0" failures="0" skipped="0" tests="27" time="41.255" timestamp="2026-08-19T20:22:31.776435+00:00" hostname="agent-env-d662383c-22bc-4e4f-8810-0902a1000b08"><testcase classname="tests.test_iteration32_dynamic_plans.TestDynamicPlans" name="test_public_plans_expose_new_fields" time="0.520" /><testcase classname="tests.test_iteration31_invoice_pdf_ledger.TestInvoicePDF" name="test_pdf_paid_returns_receipt" time="1.026" /><testcase classname="tests.test_iteration32_dynamic_plans.TestDynamicPlans" name="test_seeded_values" time="0.503" /><testcase classname="tests.test_iteration32_dynamic_plans.TestDynamicPlans" name="test_price_messages_and_flags_update_public_api" time="0.643" /><testcase classname="tests.test_iteration31_invoice_pdf_ledger.TestInvoicePDF" name="test_pdf_pending_returns_invoice" time="0.272" /><testcase classname="tests.test_iteration31_invoice_pdf_ledger.TestInvoicePDF" name="test_other_member_forbidden" time="0.941" /><testcase classname="tests.test_iteration32_dynamic_plans.TestDynamicPlans" name="test_currency_override_then_clear" time="0.668" /><testcase classname="tests.test_iteration32_dynamic_plans.TestDynamicPlans" name="test_inactive_plan_hidden_from_public" time="0.710" /><testcase classname="tests.test_iteration31_invoice_pdf_ledger.TestInvoicePDF" name="test_admin_can_fetch_any" time="1.199" /><testcase classname="tests.test_iteration32_dynamic_plans.TestDynamicPlans" name="test_plan_write_requires_admin" time="0.520" /><testcase classname="tests.test_iteration31_invoice_pdf_ledger.TestInvoicePDF" name="test_invalid_order_id" time="0.350" /><testcase classname="tests.test_iteration32_dynamic_plans.TestDynamicPlans" name="test_limits_requires_auth" time="0.120" /><testcase classname="tests.test_iteration32_dynamic_plans.TestDynamicPlans" name="test_limits_shape[creds0]" time="0.554" /><testcase classname="tests.test_iteration31_invoice_pdf_ledger.TestLedger" name="test_ledger_shape" time="0.264" /><testcase classname="tests.test_iteration31_invoice_pdf_ledger.TestLedger" name="test_ledger_member_has_orders" time="0.150" /><testcase classname="tests.test_iteration32_dynamic_plans.TestDynamicPlans" name="test_limits_shape[creds1]" time="0.927" /><testcase classname="tests.test_iteration31_invoice_pdf_ledger.TestLedger" name="test_ledger_no_orders_ok" time="0.613" /><testcase classname="tests.test_iteration32_dynamic_plans.TestEventPriceRoundTrip" name="test_non_inr_event_price_input_stable" time="1.007" /><testcase classname="tests.test_iteration32_dynamic_plans.TestDynamicPlans" name="test_limits_shape[creds2]" time="0.578" /><testcase classname="tests.test_iteration32_dynamic_plans.TestDynamicPlans" name="test_free_member_gets_five_weekly_messages" time="0.762" /><testcase classname="tests.test_iteration32_dynamic_plans" name="test_free_messages_setting_is_five" time="0.309" /><testcase classname="tests.test_iteration32_dynamic_plans.TestDynamicPlans" name="test_premium_annual_member_unlimited" time="30.600" /><testcase classname="tests.test_iteration31_invoice_pdf_ledger.TestInvoiceJson" name="test_invoice_per_kind_templates" time="31.350" /><testcase classname="tests.test_iteration32_dynamic_plans.TestDynamicPlans" name="test_limits_follow_plan_edit" time="0.829" /><testcase classname="tests.test_iteration32_dynamic_plans.TestDynamicPlans" name="test_cap_blocks_send_with_403" time="1.004" /><testcase classname="tests.test_iteration32_dynamic_plans.TestDynamicPlans" name="test_no_membership_blocked" time="0.485" /><testcase classname="tests.test_iteration32_dynamic_plans.TestDynamicPlans" name="test_flag_off_blocks_flag_on_allows" time="0.908" /></testsuite></testsuites>