<?xml version="1.0" encoding="utf-8"?><testsuites name="pytest tests"><testsuite name="pytest" errors="0" failures="3" skipped="3" tests="27" time="6.754" timestamp="2026-08-11T19:14:53.440377+00:00" hostname="agent-env-d662383c-22bc-4e4f-8810-0902a1000b08"><testcase classname="tests.test_iteration3.TestPayouts" name="test_partner_lists_own_payouts" time="0.927" /><testcase classname="tests.test_iteration3.TestReviews" name="test_list_reviews_public" time="0.533"><skipped type="pytest.skip" message="Finished seeded event not visible in public list">/app/backend/tests/test_iteration3.py:229: Finished seeded event not visible in public list</skipped></testcase><testcase classname="tests.test_iteration3.TestReviews" name="test_future_event_review_rejected" time="0.902" /><testcase classname="tests.test_iteration3.TestPayouts" name="test_user_forbidden_admin_payouts" time="0.463" /><testcase classname="tests.test_iteration3.TestPayouts" name="test_user_forbidden_partner_payouts" time="0.385" /><testcase classname="tests.test_iteration3.TestReviews" name="test_non_attendee_review_403" time="0.343"><skipped type="pytest.skip" message="Finished seeded event not visible in public list">/app/backend/tests/test_iteration3.py:243: Finished seeded event not visible in public list</skipped></testcase><testcase classname="tests.test_iteration3.TestReviews" name="test_duplicate_review_by_attendee" time="0.348"><skipped type="pytest.skip" message="Finished seeded event not visible in public list">/app/backend/tests/test_iteration3.py:250: Finished seeded event not visible in public list</skipped></testcase><testcase classname="tests.test_iteration3.TestReviews" name="test_reviewable_endpoint" time="0.262" /><testcase classname="tests.test_iteration3.TestReviews" name="test_events_sort_rating" time="0.126" /><testcase classname="tests.test_iteration3.TestPayouts" name="test_generate_payouts_idempotent" time="1.135" /><testcase classname="tests.test_iteration3.TestMultiCurrencyCheckout" name="test_inr_checkout_stores_charge_fields" time="0.477" /><testcase classname="tests.test_iteration3.TestPayouts" name="test_payout_fee_math" time="0.145" /><testcase classname="tests.test_iteration3.TestMultiCurrencyCheckout" name="test_usd_checkout_converts" time="0.439"><failure message="assert 0.0 &lt; 0.0">tests/test_iteration3.py:110: in test_usd_checkout_converts
    assert o["charge_total"] &lt; o["total"]  # USD amount smaller than INR total
    ^^^^^^^^^^^^^^^^^^^^^^^^^^^^^^^^^^^^^
E   assert 0.0 &lt; 0.0</failure></testcase><testcase classname="tests.test_iteration3.TestPayouts" name="test_mark_paid_and_dup_rejected" time="0.899" /><testcase classname="tests.test_iteration3.TestMultiCurrencyCheckout" name="test_coupon_buddy20_in_usd" time="0.246" /><testcase classname="tests.test_iteration3.TestMultiCurrencyCheckout" name="test_unknown_currency_rejected" time="0.318" /><testcase classname="tests.test_iteration3.TestStripe" name="test_stripe_session_creation_usd" time="0.546"><failure message="AssertionError: Internal Server Error&#10;assert 500 == 200&#10; +  where 500 = &lt;Response [500]&gt;.status_code">tests/test_iteration3.py:147: in test_stripe_session_creation_usd
    assert r.status_code == 200, r.text
E   AssertionError: Internal Server Error
E   assert 500 == 200
E    +  where 500 = &lt;Response [500]&gt;.status_code</failure></testcase><testcase classname="tests.test_iteration3.TestPayouts" name="test_partner2_cannot_see_partner1_payouts" time="0.626" /><testcase classname="tests.test_iteration3.TestStripe" name="test_webhook_invalid_signature_rejected" time="0.134" /><testcase classname="tests.test_iteration3.TestUploads" name="test_upload_unauth_401" time="0.131" /><testcase classname="tests.test_iteration3.TestStripe" name="test_verify_other_users_order_404" time="0.388" /><testcase classname="tests.test_iteration3.TestUploads" name="test_upload_png_and_fetch" time="0.626"><failure message="AssertionError: assert False&#10; +  where False = &lt;built-in method startswith of str object at 0xfece0731abb0&gt;('public')&#10; +    where &lt;built-in method startswith of str object at 0xfece0731abb0&gt; = 'no-store, no-cache, must-revalidate'.startswith&#10; +      where 'no-store, no-cache, must-revalidate' = get('Cache-Control', '')&#10; +        where get = {'Date': 'Tue, 11 Aug 2026 19:14:59 GMT', 'Content-Type': 'image/png', 'Content-Length': '69', 'Connection': 'keep-alive', 'CF-Ray': 'a29990ff0f1bead2-ORD', 'CF-Cache-Status': 'DYNAMIC', 'Access-Control-Allow-Origin': '*', 'Cache-Control': 'no-store, no-cache, must-revalidate', 'Server': 'cloudflare', 'Via': '1.1 google', 'Access-Control-Allow-Headers': '*', 'Access-Control-Allow-Methods': 'GET, POST, PUT, DELETE, OPTIONS, HEAD, PATCH', 'Access-Control-Max-Age': '300', 'set-cookie': '__cf_bm=jjoZS2FBr4f4Jd1roALvUDOdROpokdPgsNzvvldk5L0-1786475699.047213-1.0.1.1-psIWQNKhiwtVtLJ2re3k0ALqD09d4IS_.lOH69.39OMePflDYd8pU7068f7EFbzSa7Wg5bQQf725vm2j7dRBj3qf.t7csfgHAkgWKVbjhPeITS0fCcXFXjemXaY5h4Rb; HttpOnly; SameSite=None; Secure; Path=/; Domain=preview.emergentagent.com; Expires=Tue, 11 Aug 2026 19:44:59 GMT', 'X-Robots-Tag': 'noindex, nofollow'}.get&#10; +          where {'Date': 'Tue, 11 Aug 2026 19:14:59 GMT', 'Content-Type': 'image/png', 'Content-Length': '69', 'Connection': 'keep-alive', 'CF-Ray': 'a29990ff0f1bead2-ORD', 'CF-Cache-Status': 'DYNAMIC', 'Access-Control-Allow-Origin': '*', 'Cache-Control': 'no-store, no-cache, must-revalidate', 'Server': 'cloudflare', 'Via': '1.1 google', 'Access-Control-Allow-Headers': '*', 'Access-Control-Allow-Methods': 'GET, POST, PUT, DELETE, OPTIONS, HEAD, PATCH', 'Access-Control-Max-Age': '300', 'set-cookie': '__cf_bm=jjoZS2FBr4f4Jd1roALvUDOdROpokdPgsNzvvldk5L0-1786475699.047213-1.0.1.1-psIWQNKhiwtVtLJ2re3k0ALqD09d4IS_.lOH69.39OMePflDYd8pU7068f7EFbzSa7Wg5bQQf725vm2j7dRBj3qf.t7csfgHAkgWKVbjhPeITS0fCcXFXjemXaY5h4Rb; HttpOnly; SameSite=None; Secure; Path=/; Domain=preview.emergentagent.com; Expires=Tue, 11 Aug 2026 19:44:59 GMT', 'X-Robots-Tag': 'noindex, nofollow'} = &lt;Response [200]&gt;.headers">tests/test_iteration3.py:200: in test_upload_png_and_fetch
    assert fetch.headers.get("Cache-Control", "").startswith("public")
E   AssertionError: assert False
E    +  where False = &lt;built-in method startswith of str object at 0xfece0731abb0&gt;('public')
E    +    where &lt;built-in method startswith of str object at 0xfece0731abb0&gt; = 'no-store, no-cache, must-revalidate'.startswith
E    +      where 'no-store, no-cache, must-revalidate' = get('Cache-Control', '')
E    +        where get = {'Date': 'Tue, 11 Aug 2026 19:14:59 GMT', 'Content-Type': 'image/png', 'Content-Length': '69', 'Connection': 'keep-alive', 'CF-Ray': 'a29990ff0f1bead2-ORD', 'CF-Cache-Status': 'DYNAMIC', 'Access-Control-Allow-Origin': '*', 'Cache-Control': 'no-store, no-cache, must-revalidate', 'Server': 'cloudflare', 'Via': '1.1 google', 'Access-Control-Allow-Headers': '*', 'Access-Control-Allow-Methods': 'GET, POST, PUT, DELETE, OPTIONS, HEAD, PATCH', 'Access-Control-Max-Age': '300', 'set-cookie': '__cf_bm=jjoZS2FBr4f4Jd1roALvUDOdROpokdPgsNzvvldk5L0-1786475699.047213-1.0.1.1-psIWQNKhiwtVtLJ2re3k0ALqD09d4IS_.lOH69.39OMePflDYd8pU7068f7EFbzSa7Wg5bQQf725vm2j7dRBj3qf.t7csfgHAkgWKVbjhPeITS0fCcXFXjemXaY5h4Rb; HttpOnly; SameSite=None; Secure; Path=/; Domain=preview.emergentagent.com; Expires=Tue, 11 Aug 2026 19:44:59 GMT', 'X-Robots-Tag': 'noindex, nofollow'}.get
E    +          where {'Date': 'Tue, 11 Aug 2026 19:14:59 GMT', 'Content-Type': 'image/png', 'Content-Length': '69', 'Connection': 'keep-alive', 'CF-Ray': 'a29990ff0f1bead2-ORD', 'CF-Cache-Status': 'DYNAMIC', 'Access-Control-Allow-Origin': '*', 'Cache-Control': 'no-store, no-cache, must-revalidate', 'Server': 'cloudflare', 'Via': '1.1 google', 'Access-Control-Allow-Headers': '*', 'Access-Control-Allow-Methods': 'GET, POST, PUT, DELETE, OPTIONS, HEAD, PATCH', 'Access-Control-Max-Age': '300', 'set-cookie': '__cf_bm=jjoZS2FBr4f4Jd1roALvUDOdROpokdPgsNzvvldk5L0-1786475699.047213-1.0.1.1-psIWQNKhiwtVtLJ2re3k0ALqD09d4IS_.lOH69.39OMePflDYd8pU7068f7EFbzSa7Wg5bQQf725vm2j7dRBj3qf.t7csfgHAkgWKVbjhPeITS0fCcXFXjemXaY5h4Rb; HttpOnly; SameSite=None; Secure; Path=/; Domain=preview.emergentagent.com; Expires=Tue, 11 Aug 2026 19:44:59 GMT', 'X-Robots-Tag': 'noindex, nofollow'} = &lt;Response [200]&gt;.headers</failure></testcase><testcase classname="tests.test_iteration3.TestPaymentConfig" name="test_config_has_currencies" time="0.117" /><testcase classname="tests.test_iteration3.TestPaymentConfig" name="test_currency_rate_inr_is_1" time="0.147" /><testcase classname="tests.test_iteration3.TestUploads" name="test_upload_bad_extension_400" time="0.126" /><testcase classname="tests.test_iteration3.TestUploads" name="test_upload_too_large_400" time="0.511" /><testcase classname="tests.test_iteration3.TestPriceOverrides" name="test_price_override_applies_at_checkout" time="0.877" /></testsuite></testsuites>