<?xml version="1.0" encoding="utf-8"?><testsuites name="pytest tests"><testsuite name="pytest" errors="0" failures="1" skipped="1" tests="76" time="65.465" timestamp="2026-08-11T19:16:23.393363+00:00" hostname="agent-env-d662383c-22bc-4e4f-8810-0902a1000b08"><testcase classname="tests.backend_test.TestAuth" name="test_login_admin" time="0.620" /><testcase classname="tests.test_iteration3.TestPayouts" name="test_partner_lists_own_payouts" time="0.662" /><testcase classname="tests.backend_test.TestAuth" name="test_login_partner" time="0.368" /><testcase classname="tests.backend_test.TestAuth" name="test_login_user" time="0.499" /><testcase classname="tests.test_iteration3.TestPayouts" name="test_user_forbidden_admin_payouts" time="0.832" /><testcase classname="tests.backend_test.TestAuth" name="test_login_bad_password" time="0.352" /><testcase classname="tests.test_iteration3.TestPayouts" name="test_user_forbidden_partner_payouts" time="0.343" /><testcase classname="tests.backend_test.TestAuth" name="test_me_requires_auth" time="0.123" /><testcase classname="tests.test_iteration3.TestPayouts" name="test_generate_payouts_idempotent" time="1.013" /><testcase classname="tests.backend_test.TestAuth" name="test_me_ok" time="0.613" /><testcase classname="tests.backend_test.TestAuth" name="test_register_underage_rejected" time="0.186" /><testcase classname="tests.backend_test.TestAuth" name="test_register_checkboxes_required" time="0.134" /><testcase classname="tests.test_iteration3.TestPayouts" name="test_payout_fee_math" time="0.130" /><testcase classname="tests.backend_test.TestAuth" name="test_register_and_login" time="0.915" /><testcase classname="tests.test_iteration3.TestPayouts" name="test_mark_paid_and_dup_rejected" time="0.286"><skipped type="pytest.skip" message="no pending payouts">/app/backend/tests/test_iteration3.py:319: no pending payouts</skipped></testcase><testcase classname="tests.test_iteration3.TestPayouts" name="test_partner2_cannot_see_partner1_payouts" time="0.618" /><testcase classname="tests.backend_test.TestAuth" name="test_brute_force_lockout" time="0.991" /><testcase classname="tests.test_iteration3.TestReviews" name="test_list_reviews_public" time="0.264" /><testcase classname="tests.test_iteration3.TestReviews" name="test_future_event_review_rejected" time="0.310" /><testcase classname="tests.test_iteration3.TestReviews" name="test_non_attendee_review_403" time="0.521" /><testcase classname="tests.backend_test.TestPublic" name="test_meta" time="0.109" /><testcase classname="tests.backend_test.TestPublic" name="test_events_list_published_only" time="0.178" /><testcase classname="tests.backend_test.TestPublic" name="test_events_filters" time="0.273" /><testcase classname="tests.test_iteration3.TestReviews" name="test_duplicate_review_by_attendee" time="0.559" /><testcase classname="tests.backend_test.TestPublic" name="test_plans_public" time="0.112" /><testcase classname="tests.backend_test.TestPublic" name="test_products_public" time="0.126" /><testcase classname="tests.test_iteration3.TestReviews" name="test_reviewable_endpoint" time="0.133" /><testcase classname="tests.backend_test.TestPublic" name="test_cms_about" time="0.134" /><testcase classname="tests.test_iteration3.TestReviews" name="test_events_sort_rating" time="0.117" /><testcase classname="tests.test_iteration2.TestPaymentsConfig" name="test_payments_config_simulation_mode" time="0.293"><failure message="KeyError: 'gateway'">tests/test_iteration2.py:66: in test_payments_config_simulation_mode
    assert d["gateway"] == "razorpay"
           ^^^^^^^^^^^^
E   KeyError: 'gateway'</failure></testcase><testcase classname="tests.backend_test.TestAdmin" name="test_admin_stats" time="0.482" /><testcase classname="tests.backend_test.TestAdmin" name="test_admin_users_list" time="3.262" /><testcase classname="tests.backend_test.TestAdmin" name="test_admin_refund_flow" time="15.711" /><testcase classname="tests.test_iteration2.TestPaymentsConfig" name="test_razorpay_order_returns_503_without_keys" time="16.270" /><testcase classname="tests.test_iteration2.TestPaymentsConfig" name="test_razorpay_webhook_returns_503_without_keys" time="0.112" /><testcase classname="tests.test_iteration2.TestPaymentsConfig" name="test_razorpay_webhook_cannot_mark_paid_without_signature" time="15.499" /><testcase classname="tests.backend_test.TestAdmin" name="test_plans_crud" time="5.517" /><testcase classname="tests.backend_test.TestAdmin" name="test_audit_logs" time="0.189" /><testcase classname="tests.test_iteration3.TestMultiCurrencyCheckout" name="test_inr_checkout_stores_charge_fields" time="6.820" /><testcase classname="tests.test_iteration3.TestMultiCurrencyCheckout" name="test_usd_checkout_converts" time="0.243" /><testcase classname="tests.test_iteration3.TestMultiCurrencyCheckout" name="test_coupon_buddy20_in_usd" time="0.236" /><testcase classname="tests.test_iteration2.TestWebSocket" name="test_ws_rejects_bad_token" time="0.292" /><testcase classname="tests.test_iteration3.TestMultiCurrencyCheckout" name="test_unknown_currency_rejected" time="0.234" /><testcase classname="tests.test_iteration2.TestWebSocket" name="test_ws_rejects_missing_token" time="0.294" /><testcase classname="tests.test_iteration3.TestUploads" name="test_upload_unauth_401" time="0.126" /><testcase classname="tests.test_iteration3.TestUploads" name="test_upload_png_and_fetch" time="0.783" /><testcase classname="tests.test_iteration2.TestWebSocket" name="test_ws_valid_token_connects_and_gets_ready" time="0.244" /><testcase classname="tests.test_iteration2.TestWebSocket" name="test_ws_two_users_typing_and_presence" time="1.252" /><testcase classname="tests.test_iteration3.TestUploads" name="test_upload_bad_extension_400" time="0.169" /><testcase classname="tests.test_iteration3.TestUploads" name="test_upload_too_large_400" time="0.697" /><testcase classname="tests.backend_test.TestDiscover" name="test_discover_requires_auth" time="0.110" /><testcase classname="tests.backend_test.TestDiscover" name="test_discover_returns_users" time="0.604" /><testcase classname="tests.backend_test.TestEvents" name="test_join_free_event" time="1.268" /><testcase classname="tests.backend_test.TestDiscover" name="test_update_profile_persists" time="0.276" /><testcase classname="tests.backend_test.TestCheckout" name="test_coupon_buddy20_applies" time="0.354" /><testcase classname="tests.backend_test.TestCheckout" name="test_pay_success_and_membership_active" time="1.085" /><testcase classname="tests.backend_test.TestEvents" name="test_paid_event_requires_purchase" time="0.239" /><testcase classname="tests.backend_test.TestEvents" name="test_save_toggle" time="0.390" /><testcase classname="tests.test_iteration2.TestEventChatAccess" name="test_free_event_joiner_gets_403" time="1.267" /><testcase classname="tests.backend_test.TestCheckout" name="test_orders_list" time="0.126" /><testcase classname="tests.backend_test.TestPartnerAdmin" name="test_partner_creates_event_then_admin_approves" time="1.801" /><testcase classname="tests.test_iteration2.TestEventChatAccess" name="test_random_user_gets_403" time="0.684" /><testcase classname="tests.backend_test.TestPartnerAdmin" name="test_partner_role_protected" time="0.337" /><testcase classname="tests.backend_test.TestPartnerAdmin" name="test_admin_role_protected" time="0.116" /><testcase classname="tests.test_iteration2.TestEventChatAccess" name="test_organiser_gets_access" time="1.495" /><testcase classname="tests.test_iteration3.TestStripe" name="test_stripe_session_creation_usd" time="1.563" /><testcase classname="tests.test_iteration3.TestStripe" name="test_webhook_invalid_signature_rejected" time="0.127" /><testcase classname="tests.test_iteration2.TestFulfilment" name="test_paid_event_purchase_grants_chat_and_participation" time="16.239" /><testcase classname="tests.test_iteration2.TestFulfilment" name="test_pay_failure_marks_order_failed" time="0.492" /><testcase classname="tests.test_iteration3.TestPaymentConfig" name="test_config_has_currencies" time="0.116" /><testcase classname="tests.test_iteration3.TestPaymentConfig" name="test_currency_rate_inr_is_1" time="0.160" /><testcase classname="tests.test_iteration2.TestEmailNonBlocking" name="test_register_new_example_com_still_succeeds" time="0.922" /><testcase classname="tests.test_iteration3.TestStripe" name="test_verify_other_users_order_404" time="15.767" /><testcase classname="tests.test_iteration3.TestPriceOverrides" name="test_price_override_applies_at_checkout" time="0.367" /><testcase classname="tests.backend_test.TestChat" name="test_conversation_and_message" time="0.614" /><testcase classname="tests.test_iteration2.TestRefundFallback" name="test_admin_refund_internal_fallback" time="1.324" /></testsuite></testsuites>