<?xml version="1.0" encoding="utf-8"?><testsuites name="pytest tests"><testsuite name="pytest" errors="0" failures="2" skipped="0" tests="12" time="5.740" timestamp="2026-08-21T22:36:46.508673+00:00" hostname="agent-env-d662383c-22bc-4e4f-8810-0902a1000b08"><testcase classname="tests.test_iteration46_currency_fixes" name="test_health" time="2.914" /><testcase classname="tests.test_iteration46_currency_fixes" name="test_admin_vendor_settlement_totals_usd" time="0.619" /><testcase classname="tests.test_iteration46_currency_fixes" name="test_admin_settlement_rows_have_currency_and_no_objectid" time="0.066" /><testcase classname="tests.test_iteration46_currency_fixes" name="test_vendor_settlements_totals_usd" time="0.483" /><testcase classname="tests.test_iteration46_currency_fixes" name="test_admin_and_vendor_views_agree" time="0.223" /><testcase classname="tests.test_iteration46_currency_fixes" name="test_member_orders_currency_fields" time="0.462" /><testcase classname="tests.test_iteration46_currency_fixes" name="test_door_takings_usd_totals" time="0.076" /><testcase classname="tests.test_iteration46_currency_fixes" name="test_checkout_forces_usd" time="0.591" /><testcase classname="tests.test_iteration46_currency_fixes" name="test_membership_refund_guard" time="0.063" /><testcase classname="tests.test_iteration46_currency_fixes" name="test_admin_ledger_totals_are_base_converted" time="0.071"><failure message="AssertionError: collected=256488.73 is a raw mixed-currency sum (raw=107113.4); base-converted should be ~1285.41&#10;assert 255203.32 &lt; 25.7082&#10; +  where 255203.32 = abs((256488.73 - 1285.41))&#10; +  and   25.7082 = max(1.0, (0.02 * 1285.41))">E   AssertionError: collected=256488.73 is a raw mixed-currency sum (raw=107113.4); base-converted should be ~1285.41
    assert 255203.32 &lt; 25.7082
     +  where 255203.32 = abs((256488.73 - 1285.41))
     +  and   25.7082 = max(1.0, (0.02 * 1285.41))</failure></testcase><testcase classname="tests.test_iteration46_currency_fixes" name="test_admin_stats_money_has_currency" time="0.073"><failure message="AssertionError: no currency field on /admin/stats money figures (UI stamps $)&#10;assert None&#10; +  where None = &lt;built-in method get of dict object at 0xf9f0a2c1b000&gt;('currency')&#10; +    where &lt;built-in method get of dict object at 0xf9f0a2c1b000&gt; = {'total_users': 33, 'new_users': 11, 'active_users': 33, 'premium_members': 10, ...}.get">E   AssertionError: no currency field on /admin/stats money figures (UI stamps $)
    assert None
     +  where None = &lt;built-in method get of dict object at 0xf9f0a2c1b000&gt;('currency')
     +    where &lt;built-in method get of dict object at 0xf9f0a2c1b000&gt; = {'total_users': 33, 'new_users': 11, 'active_users': 33, 'premium_members': 10, ...}.get</failure></testcase><testcase classname="tests.test_iteration46_currency_fixes" name="test_zz_cleanup_pending_orders" time="0.025" /></testsuite></testsuites>