<?xml version="1.0" encoding="utf-8"?><testsuites name="pytest tests"><testsuite name="pytest" errors="0" failures="0" skipped="0" tests="34" time="14.972" timestamp="2026-08-11T18:42:37.466402+00:00" hostname="agent-env-d662383c-22bc-4e4f-8810-0902a1000b08"><testcase classname="tests.backend_test.TestPublic" name="test_meta" time="0.471" /><testcase classname="tests.backend_test.TestAuth" name="test_login_admin" time="0.481" /><testcase classname="tests.backend_test.TestPublic" name="test_events_list_published_only" time="0.154" /><testcase classname="tests.backend_test.TestAuth" name="test_login_partner" time="0.485" /><testcase classname="tests.backend_test.TestPublic" name="test_events_filters" time="0.291" /><testcase classname="tests.backend_test.TestPublic" name="test_plans_public" time="0.400" /><testcase classname="tests.backend_test.TestAuth" name="test_login_user" time="0.400" /><testcase classname="tests.backend_test.TestPublic" name="test_products_public" time="0.136" /><testcase classname="tests.backend_test.TestAuth" name="test_login_bad_password" time="0.366" /><testcase classname="tests.backend_test.TestPublic" name="test_cms_about" time="0.271" /><testcase classname="tests.backend_test.TestAuth" name="test_me_requires_auth" time="0.141" /><testcase classname="tests.backend_test.TestAdmin" name="test_admin_stats" time="0.681" /><testcase classname="tests.backend_test.TestAuth" name="test_me_ok" time="0.644" /><testcase classname="tests.backend_test.TestAdmin" name="test_admin_users_list" time="0.185" /><testcase classname="tests.backend_test.TestAuth" name="test_register_underage_rejected" time="0.125" /><testcase classname="tests.backend_test.TestAuth" name="test_register_checkboxes_required" time="0.293" /><testcase classname="tests.backend_test.TestAdmin" name="test_admin_refund_flow" time="1.165" /><testcase classname="tests.backend_test.TestAuth" name="test_register_and_login" time="0.896" /><testcase classname="tests.backend_test.TestAdmin" name="test_plans_crud" time="0.390" /><testcase classname="tests.backend_test.TestAuth" name="test_brute_force_lockout" time="1.092" /><testcase classname="tests.backend_test.TestAdmin" name="test_audit_logs" time="0.119" /><testcase classname="tests.backend_test.TestEvents" name="test_join_free_event" time="1.132" /><testcase classname="tests.backend_test.TestDiscover" name="test_discover_requires_auth" time="0.226" /><testcase classname="tests.backend_test.TestDiscover" name="test_discover_returns_users" time="0.129" /><testcase classname="tests.backend_test.TestDiscover" name="test_update_profile_persists" time="0.352" /><testcase classname="tests.backend_test.TestEvents" name="test_paid_event_requires_purchase" time="0.292" /><testcase classname="tests.backend_test.TestCheckout" name="test_coupon_buddy20_applies" time="0.406" /><testcase classname="tests.backend_test.TestEvents" name="test_save_toggle" time="0.418" /><testcase classname="tests.backend_test.TestCheckout" name="test_pay_success_and_membership_active" time="0.829" /><testcase classname="tests.backend_test.TestPartnerAdmin" name="test_partner_creates_event_then_admin_approves" time="8.101" /><testcase classname="tests.backend_test.TestCheckout" name="test_orders_list" time="0.136" /><testcase classname="tests.backend_test.TestChat" name="test_conversation_and_message" time="0.909" /><testcase classname="tests.backend_test.TestPartnerAdmin" name="test_partner_role_protected" time="0.135" /><testcase classname="tests.backend_test.TestPartnerAdmin" name="test_admin_role_protected" time="0.144" /></testsuite></testsuites>